<?xml version="1.0" encoding="UTF-8"?>
<coverage generated="1679563329158" clover="3.2.0">
  <project timestamp="1679563329158" name="All files">
    <metrics statements="1499" coveredstatements="975" conditionals="484" coveredconditionals="231" methods="409" coveredmethods="234" elements="2392" coveredelements="1440" complexity="0" loc="1499" ncloc="1499" packages="42" files="128" classes="128"/>
    <package name="components.atoms">
      <metrics statements="86" coveredstatements="25" conditionals="21" coveredconditionals="0" methods="36" coveredmethods="2"/>
      <file name="addAppointment.js" path="/home/nineleaps/Desktop/MedStick_FE/src/components/atoms/addAppointment.js">
        <metrics statements="7" coveredstatements="1" conditionals="4" coveredconditionals="0" methods="3" coveredmethods="0"/>
        <line num="7" count="1" type="stmt"/>
        <line num="8" count="0" type="stmt"/>
        <line num="9" count="0" type="stmt"/>
        <line num="12" count="0" type="stmt"/>
        <line num="17" count="0" type="cond" truecount="0" falsecount="4"/>
        <line num="18" count="0" type="stmt"/>
        <line num="20" count="0" type="stmt"/>
      </file>
      <file name="colorPalette.js" path="/home/nineleaps/Desktop/MedStick_FE/src/components/atoms/colorPalette.js">
        <metrics statements="1" coveredstatements="1" conditionals="0" coveredconditionals="0" methods="0" coveredmethods="0"/>
        <line num="1" count="2" type="stmt"/>
      </file>
      <file name="constant.js" path="/home/nineleaps/Desktop/MedStick_FE/src/components/atoms/constant.js">
        <metrics statements="11" coveredstatements="10" conditionals="1" coveredconditionals="0" methods="4" coveredmethods="2"/>
        <line num="3" count="1" type="stmt"/>
        <line num="4" count="1" type="stmt"/>
        <line num="6" count="1" type="stmt"/>
        <line num="7" count="1" type="stmt"/>
        <line num="8" count="1" type="stmt"/>
        <line num="9" count="1" type="stmt"/>
        <line num="10" count="1" type="stmt"/>
        <line num="11" count="1" type="stmt"/>
        <line num="12" count="6" type="stmt"/>
        <line num="13" count="1" type="cond" truecount="0" falsecount="1"/>
        <line num="14" count="0" type="stmt"/>
      </file>
      <file name="customAlert.js" path="/home/nineleaps/Desktop/MedStick_FE/src/components/atoms/customAlert.js">
        <metrics statements="2" coveredstatements="1" conditionals="0" coveredconditionals="0" methods="1" coveredmethods="0"/>
        <line num="3" count="1" type="stmt"/>
        <line num="4" count="0" type="stmt"/>
      </file>
      <file name="customImage.js" path="/home/nineleaps/Desktop/MedStick_FE/src/components/atoms/customImage.js">
        <metrics statements="2" coveredstatements="1" conditionals="0" coveredconditionals="0" methods="1" coveredmethods="0"/>
        <line num="4" count="1" type="stmt"/>
        <line num="5" count="0" type="stmt"/>
      </file>
      <file name="customToast.js" path="/home/nineleaps/Desktop/MedStick_FE/src/components/atoms/customToast.js">
        <metrics statements="6" coveredstatements="3" conditionals="0" coveredconditionals="0" methods="3" coveredmethods="0"/>
        <line num="3" count="2" type="stmt"/>
        <line num="4" count="0" type="stmt"/>
        <line num="12" count="2" type="stmt"/>
        <line num="13" count="0" type="stmt"/>
        <line num="21" count="2" type="stmt"/>
        <line num="22" count="0" type="stmt"/>
      </file>
      <file name="customTooltip.js" path="/home/nineleaps/Desktop/MedStick_FE/src/components/atoms/customTooltip.js">
        <metrics statements="2" coveredstatements="1" conditionals="0" coveredconditionals="0" methods="1" coveredmethods="0"/>
        <line num="4" count="1" type="stmt"/>
        <line num="14" count="0" type="stmt"/>
      </file>
      <file name="deletePrescription.js" path="/home/nineleaps/Desktop/MedStick_FE/src/components/atoms/deletePrescription.js">
        <metrics statements="43" coveredstatements="1" conditionals="14" coveredconditionals="0" methods="17" coveredmethods="0"/>
        <line num="14" count="1" type="stmt"/>
        <line num="21" count="0" type="stmt"/>
        <line num="22" count="0" type="stmt"/>
        <line num="26" count="0" type="stmt"/>
        <line num="27" count="0" type="stmt"/>
        <line num="32" count="0" type="stmt"/>
        <line num="33" count="0" type="stmt"/>
        <line num="34" count="0" type="cond" truecount="0" falsecount="4"/>
        <line num="35" count="0" type="stmt"/>
        <line num="36" count="0" type="stmt"/>
        <line num="37" count="0" type="stmt"/>
        <line num="41" count="0" type="stmt"/>
        <line num="42" count="0" type="stmt"/>
        <line num="43" count="0" type="stmt"/>
        <line num="44" count="0" type="cond" truecount="0" falsecount="4"/>
        <line num="45" count="0" type="stmt"/>
        <line num="46" count="0" type="cond" truecount="0" falsecount="2"/>
        <line num="47" count="0" type="stmt"/>
        <line num="50" count="0" type="cond" truecount="0" falsecount="2"/>
        <line num="51" count="0" type="stmt"/>
        <line num="52" count="0" type="stmt"/>
        <line num="54" count="0" type="stmt"/>
        <line num="58" count="0" type="stmt"/>
        <line num="59" count="0" type="stmt"/>
        <line num="60" count="0" type="stmt"/>
        <line num="61" count="0" type="stmt"/>
        <line num="62" count="0" type="stmt"/>
        <line num="63" count="0" type="stmt"/>
        <line num="64" count="0" type="stmt"/>
        <line num="71" count="0" type="stmt"/>
        <line num="72" count="0" type="stmt"/>
        <line num="78" count="0" type="stmt"/>
        <line num="82" count="0" type="stmt"/>
        <line num="84" count="0" type="stmt"/>
        <line num="85" count="0" type="stmt"/>
        <line num="86" count="0" type="stmt"/>
        <line num="87" count="0" type="stmt"/>
        <line num="88" count="0" type="stmt"/>
        <line num="89" count="0" type="stmt"/>
        <line num="96" count="0" type="stmt"/>
        <line num="97" count="0" type="stmt"/>
        <line num="105" count="0" type="cond" truecount="0" falsecount="2"/>
        <line num="109" count="0" type="stmt"/>
      </file>
      <file name="downloadButton.js" path="/home/nineleaps/Desktop/MedStick_FE/src/components/atoms/downloadButton.js">
        <metrics statements="2" coveredstatements="1" conditionals="0" coveredconditionals="0" methods="1" coveredmethods="0"/>
        <line num="7" count="1" type="stmt"/>
        <line num="8" count="0" type="stmt"/>
      </file>
      <file name="editButton.js" path="/home/nineleaps/Desktop/MedStick_FE/src/components/atoms/editButton.js">
        <metrics statements="3" coveredstatements="1" conditionals="2" coveredconditionals="0" methods="2" coveredmethods="0"/>
        <line num="7" count="1" type="stmt"/>
        <line num="8" count="0" type="cond" truecount="0" falsecount="2"/>
        <line num="11" count="0" type="stmt"/>
      </file>
      <file name="loader.js" path="/home/nineleaps/Desktop/MedStick_FE/src/components/atoms/loader.js">
        <metrics statements="2" coveredstatements="1" conditionals="0" coveredconditionals="0" methods="1" coveredmethods="0"/>
        <line num="5" count="1" type="stmt"/>
        <line num="6" count="0" type="stmt"/>
      </file>
      <file name="noInternet.js" path="/home/nineleaps/Desktop/MedStick_FE/src/components/atoms/noInternet.js">
        <metrics statements="3" coveredstatements="2" conditionals="0" coveredconditionals="0" methods="1" coveredmethods="0"/>
        <line num="5" count="1" type="stmt"/>
        <line num="6" count="0" type="stmt"/>
        <line num="16" count="1" type="stmt"/>
      </file>
      <file name="shareButton.js" path="/home/nineleaps/Desktop/MedStick_FE/src/components/atoms/shareButton.js">
        <metrics statements="2" coveredstatements="1" conditionals="0" coveredconditionals="0" methods="1" coveredmethods="0"/>
        <line num="7" count="1" type="stmt"/>
        <line num="8" count="0" type="stmt"/>
      </file>
    </package>
    <package name="components.molecules">
      <metrics statements="2" coveredstatements="1" conditionals="6" coveredconditionals="0" methods="1" coveredmethods="0"/>
      <file name="customModal.js" path="/home/nineleaps/Desktop/MedStick_FE/src/components/molecules/customModal.js">
        <metrics statements="2" coveredstatements="1" conditionals="6" coveredconditionals="0" methods="1" coveredmethods="0"/>
        <line num="4" count="1" type="stmt"/>
        <line num="12" count="0" type="stmt"/>
      </file>
    </package>
    <package name="components.molecules.headers">
      <metrics statements="3" coveredstatements="1" conditionals="12" coveredconditionals="0" methods="2" coveredmethods="0"/>
      <file name="subHeader.js" path="/home/nineleaps/Desktop/MedStick_FE/src/components/molecules/headers/subHeader.js">
        <metrics statements="3" coveredstatements="1" conditionals="12" coveredconditionals="0" methods="2" coveredmethods="0"/>
        <line num="13" count="1" type="stmt"/>
        <line num="29" count="0" type="stmt"/>
        <line num="35" count="0" type="stmt"/>
      </file>
    </package>
    <package name="constants">
      <metrics statements="63" coveredstatements="59" conditionals="0" coveredconditionals="0" methods="2" coveredmethods="0"/>
      <file name="apiUrl.js" path="/home/nineleaps/Desktop/MedStick_FE/src/constants/apiUrl.js">
        <metrics statements="46" coveredstatements="46" conditionals="0" coveredconditionals="0" methods="0" coveredmethods="0"/>
        <line num="1" count="33" type="stmt"/>
        <line num="3" count="33" type="stmt"/>
        <line num="4" count="33" type="stmt"/>
        <line num="5" count="33" type="stmt"/>
        <line num="6" count="33" type="stmt"/>
        <line num="7" count="33" type="stmt"/>
        <line num="8" count="33" type="stmt"/>
        <line num="9" count="33" type="stmt"/>
        <line num="10" count="33" type="stmt"/>
        <line num="11" count="33" type="stmt"/>
        <line num="12" count="33" type="stmt"/>
        <line num="13" count="33" type="stmt"/>
        <line num="14" count="33" type="stmt"/>
        <line num="15" count="33" type="stmt"/>
        <line num="16" count="33" type="stmt"/>
        <line num="17" count="33" type="stmt"/>
        <line num="18" count="33" type="stmt"/>
        <line num="19" count="33" type="stmt"/>
        <line num="20" count="33" type="stmt"/>
        <line num="21" count="33" type="stmt"/>
        <line num="22" count="33" type="stmt"/>
        <line num="23" count="33" type="stmt"/>
        <line num="24" count="33" type="stmt"/>
        <line num="25" count="33" type="stmt"/>
        <line num="26" count="33" type="stmt"/>
        <line num="27" count="33" type="stmt"/>
        <line num="28" count="33" type="stmt"/>
        <line num="29" count="33" type="stmt"/>
        <line num="30" count="33" type="stmt"/>
        <line num="31" count="33" type="stmt"/>
        <line num="32" count="33" type="stmt"/>
        <line num="33" count="33" type="stmt"/>
        <line num="34" count="33" type="stmt"/>
        <line num="35" count="33" type="stmt"/>
        <line num="36" count="33" type="stmt"/>
        <line num="37" count="33" type="stmt"/>
        <line num="38" count="33" type="stmt"/>
        <line num="39" count="33" type="stmt"/>
        <line num="40" count="33" type="stmt"/>
        <line num="41" count="33" type="stmt"/>
        <line num="42" count="33" type="stmt"/>
        <line num="43" count="33" type="stmt"/>
        <line num="44" count="33" type="stmt"/>
        <line num="45" count="33" type="stmt"/>
        <line num="46" count="33" type="stmt"/>
        <line num="47" count="33" type="stmt"/>
      </file>
      <file name="constants.js" path="/home/nineleaps/Desktop/MedStick_FE/src/constants/constants.js">
        <metrics statements="8" coveredstatements="8" conditionals="0" coveredconditionals="0" methods="0" coveredmethods="0"/>
        <line num="1" count="1" type="stmt"/>
        <line num="2" count="1" type="stmt"/>
        <line num="17" count="1" type="stmt"/>
        <line num="34" count="1" type="stmt"/>
        <line num="49" count="1" type="stmt"/>
        <line num="65" count="1" type="stmt"/>
        <line num="79" count="1" type="stmt"/>
        <line num="81" count="1" type="stmt"/>
      </file>
      <file name="promise.js" path="/home/nineleaps/Desktop/MedStick_FE/src/constants/promise.js">
        <metrics statements="7" coveredstatements="3" conditionals="0" coveredconditionals="0" methods="2" coveredmethods="0"/>
        <line num="4" count="31" type="stmt"/>
        <line num="6" count="0" type="stmt"/>
        <line num="10" count="0" type="stmt"/>
        <line num="12" count="31" type="stmt"/>
        <line num="13" count="0" type="stmt"/>
        <line num="17" count="0" type="stmt"/>
        <line num="21" count="31" type="stmt"/>
      </file>
      <file name="statusCodes.js" path="/home/nineleaps/Desktop/MedStick_FE/src/constants/statusCodes.js">
        <metrics statements="2" coveredstatements="2" conditionals="0" coveredconditionals="0" methods="0" coveredmethods="0"/>
        <line num="2" count="31" type="stmt"/>
        <line num="21" count="31" type="stmt"/>
      </file>
    </package>
    <package name="network">
      <metrics statements="173" coveredstatements="10" conditionals="39" coveredconditionals="0" methods="70" coveredmethods="1"/>
      <file name="instance.js" path="/home/nineleaps/Desktop/MedStick_FE/src/network/instance.js">
        <metrics statements="36" coveredstatements="8" conditionals="10" coveredconditionals="0" methods="15" coveredmethods="0"/>
        <line num="7" count="31" type="stmt"/>
        <line num="12" count="0" type="stmt"/>
        <line num="13" count="0" type="stmt"/>
        <line num="17" count="0" type="stmt"/>
        <line num="18" count="0" type="stmt"/>
        <line num="21" count="31" type="stmt"/>
        <line num="22" count="0" type="stmt"/>
        <line num="23" count="0" type="stmt"/>
        <line num="24" count="0" type="cond" truecount="0" falsecount="2"/>
        <line num="25" count="0" type="stmt"/>
        <line num="27" count="0" type="stmt"/>
        <line num="33" count="31" type="stmt"/>
        <line num="34" count="0" type="stmt"/>
        <line num="35" count="0" type="stmt"/>
        <line num="37" count="0" type="stmt"/>
        <line num="48" count="0" type="stmt"/>
        <line num="49" count="0" type="stmt"/>
        <line num="53" count="31" type="stmt"/>
        <line num="54" count="0" type="stmt"/>
        <line num="55" count="0" type="cond" truecount="0" falsecount="2"/>
        <line num="56" count="0" type="stmt"/>
        <line num="58" count="0" type="stmt"/>
        <line num="61" count="31" type="stmt"/>
        <line num="62" count="0" type="stmt"/>
        <line num="63" count="0" type="cond" truecount="0" falsecount="4"/>
        <line num="64" count="0" type="stmt"/>
        <line num="66" count="0" type="stmt"/>
        <line num="69" count="31" type="stmt"/>
        <line num="70" count="0" type="cond" truecount="0" falsecount="2"/>
        <line num="71" count="0" type="stmt"/>
        <line num="76" count="31" type="stmt"/>
        <line num="77" count="0" type="stmt"/>
        <line num="78" count="0" type="stmt"/>
        <line num="81" count="31" type="stmt"/>
        <line num="82" count="0" type="stmt"/>
        <line num="83" count="0" type="stmt"/>
      </file>
      <file name="networkService.js" path="/home/nineleaps/Desktop/MedStick_FE/src/network/networkService.js">
        <metrics statements="94" coveredstatements="1" conditionals="2" coveredconditionals="0" methods="33" coveredmethods="1"/>
        <line num="7" count="1" type="stmt"/>
        <line num="8" count="0" type="stmt"/>
        <line num="14" count="0" type="stmt"/>
        <line num="15" count="0" type="stmt"/>
        <line num="18" count="0" type="stmt"/>
        <line num="19" count="0" type="stmt"/>
        <line num="20" count="0" type="stmt"/>
        <line num="32" count="0" type="stmt"/>
        <line num="33" count="0" type="stmt"/>
        <line num="42" count="0" type="stmt"/>
        <line num="43" count="0" type="stmt"/>
        <line num="44" count="0" type="stmt"/>
        <line num="49" count="0" type="stmt"/>
        <line num="50" count="0" type="stmt"/>
        <line num="51" count="0" type="stmt"/>
        <line num="56" count="0" type="stmt"/>
        <line num="57" count="0" type="stmt"/>
        <line num="58" count="0" type="stmt"/>
        <line num="63" count="0" type="stmt"/>
        <line num="64" count="0" type="stmt"/>
        <line num="65" count="0" type="stmt"/>
        <line num="70" count="0" type="stmt"/>
        <line num="71" count="0" type="stmt"/>
        <line num="72" count="0" type="stmt"/>
        <line num="77" count="0" type="stmt"/>
        <line num="78" count="0" type="stmt"/>
        <line num="79" count="0" type="stmt"/>
        <line num="85" count="0" type="stmt"/>
        <line num="86" count="0" type="stmt"/>
        <line num="87" count="0" type="stmt"/>
        <line num="93" count="0" type="stmt"/>
        <line num="94" count="0" type="stmt"/>
        <line num="108" count="0" type="stmt"/>
        <line num="109" count="0" type="stmt"/>
        <line num="110" count="0" type="stmt"/>
        <line num="125" count="0" type="stmt"/>
        <line num="126" count="0" type="stmt"/>
        <line num="131" count="0" type="stmt"/>
        <line num="132" count="0" type="stmt"/>
        <line num="133" count="0" type="stmt"/>
        <line num="138" count="0" type="stmt"/>
        <line num="139" count="0" type="stmt"/>
        <line num="140" count="0" type="stmt"/>
        <line num="145" count="0" type="stmt"/>
        <line num="146" count="0" type="stmt"/>
        <line num="147" count="0" type="stmt"/>
        <line num="148" count="0" type="stmt"/>
        <line num="163" count="0" type="stmt"/>
        <line num="164" count="0" type="stmt"/>
        <line num="165" count="0" type="stmt"/>
        <line num="170" count="0" type="stmt"/>
        <line num="171" count="0" type="stmt"/>
        <line num="172" count="0" type="stmt"/>
        <line num="173" count="0" type="stmt"/>
        <line num="178" count="0" type="stmt"/>
        <line num="179" count="0" type="stmt"/>
        <line num="180" count="0" type="stmt"/>
        <line num="186" count="0" type="stmt"/>
        <line num="187" count="0" type="stmt"/>
        <line num="188" count="0" type="stmt"/>
        <line num="194" count="0" type="stmt"/>
        <line num="195" count="0" type="stmt"/>
        <line num="196" count="0" type="stmt"/>
        <line num="202" count="0" type="stmt"/>
        <line num="203" count="0" type="stmt"/>
        <line num="204" count="0" type="stmt"/>
        <line num="211" count="0" type="stmt"/>
        <line num="212" count="0" type="stmt"/>
        <line num="213" count="0" type="stmt"/>
        <line num="214" count="0" type="stmt"/>
        <line num="226" count="0" type="stmt"/>
        <line num="227" count="0" type="stmt"/>
        <line num="228" count="0" type="stmt"/>
        <line num="229" count="0" type="stmt"/>
        <line num="234" count="0" type="stmt"/>
        <line num="235" count="0" type="stmt"/>
        <line num="237" count="0" type="cond" truecount="0" falsecount="2"/>
        <line num="252" count="0" type="stmt"/>
        <line num="258" count="0" type="stmt"/>
        <line num="259" count="0" type="stmt"/>
        <line num="260" count="0" type="stmt"/>
        <line num="265" count="0" type="stmt"/>
        <line num="266" count="0" type="stmt"/>
        <line num="267" count="0" type="stmt"/>
        <line num="273" count="0" type="stmt"/>
        <line num="274" count="0" type="stmt"/>
        <line num="276" count="0" type="stmt"/>
        <line num="279" count="0" type="stmt"/>
        <line num="280" count="0" type="stmt"/>
        <line num="282" count="0" type="stmt"/>
        <line num="285" count="0" type="stmt"/>
        <line num="287" count="0" type="stmt"/>
        <line num="293" count="0" type="stmt"/>
        <line num="295" count="0" type="stmt"/>
      </file>
      <file name="requestService.js" path="/home/nineleaps/Desktop/MedStick_FE/src/network/requestService.js">
        <metrics statements="43" coveredstatements="1" conditionals="27" coveredconditionals="0" methods="22" coveredmethods="0"/>
        <line num="6" count="31" type="stmt"/>
        <line num="7" count="0" type="stmt"/>
        <line num="8" count="0" type="cond" truecount="0" falsecount="5"/>
        <line num="9" count="0" type="stmt"/>
        <line num="11" count="0" type="cond" truecount="0" falsecount="2"/>
        <line num="12" count="0" type="stmt"/>
        <line num="15" count="0" type="cond" truecount="0" falsecount="2"/>
        <line num="19" count="0" type="stmt"/>
        <line num="23" count="0" type="cond" truecount="0" falsecount="2"/>
        <line num="24" count="0" type="stmt"/>
        <line num="25" count="0" type="stmt"/>
        <line num="32" count="0" type="stmt"/>
        <line num="40" count="0" type="stmt"/>
        <line num="45" count="0" type="stmt"/>
        <line num="49" count="0" type="stmt"/>
        <line num="50" count="0" type="stmt"/>
        <line num="53" count="0" type="stmt"/>
        <line num="56" count="0" type="stmt"/>
        <line num="62" count="0" type="stmt"/>
        <line num="63" count="0" type="stmt"/>
        <line num="66" count="0" type="cond" truecount="0" falsecount="4"/>
        <line num="67" count="0" type="stmt"/>
        <line num="69" count="0" type="stmt"/>
        <line num="73" count="0" type="stmt"/>
        <line num="79" count="0" type="stmt"/>
        <line num="80" count="0" type="stmt"/>
        <line num="83" count="0" type="cond" truecount="0" falsecount="4"/>
        <line num="84" count="0" type="stmt"/>
        <line num="86" count="0" type="stmt"/>
        <line num="90" count="0" type="stmt"/>
        <line num="96" count="0" type="stmt"/>
        <line num="97" count="0" type="stmt"/>
        <line num="98" count="0" type="cond" truecount="0" falsecount="2"/>
        <line num="99" count="0" type="stmt"/>
        <line num="101" count="0" type="stmt"/>
        <line num="104" count="0" type="cond" truecount="0" falsecount="2"/>
        <line num="108" count="0" type="stmt"/>
        <line num="110" count="0" type="stmt"/>
        <line num="114" count="0" type="stmt"/>
        <line num="120" count="0" type="stmt"/>
        <line num="123" count="0" type="stmt"/>
        <line num="127" count="0" type="stmt"/>
        <line num="129" count="0" type="stmt"/>
      </file>
    </package>
    <package name="pushNotification">
      <metrics statements="12" coveredstatements="3" conditionals="8" coveredconditionals="0" methods="8" coveredmethods="1"/>
      <file name="pushNotifications.js" path="/home/nineleaps/Desktop/MedStick_FE/src/pushNotification/pushNotifications.js">
        <metrics statements="12" coveredstatements="3" conditionals="8" coveredconditionals="0" methods="8" coveredmethods="1"/>
        <line num="5" count="1" type="stmt"/>
        <line num="14" count="1" type="stmt"/>
        <line num="23" count="1" type="stmt"/>
        <line num="29" count="0" type="stmt"/>
        <line num="31" count="0" type="stmt"/>
        <line num="37" count="0" type="cond" truecount="0" falsecount="4"/>
        <line num="38" count="0" type="stmt"/>
        <line num="46" count="0" type="cond" truecount="0" falsecount="2"/>
        <line num="47" count="0" type="stmt"/>
        <line num="57" count="0" type="stmt"/>
        <line num="68" count="0" type="stmt"/>
        <line num="77" count="0" type="stmt"/>
      </file>
    </package>
    <package name="redux">
      <metrics statements="135" coveredstatements="135" conditionals="0" coveredconditionals="0" methods="0" coveredmethods="0"/>
      <file name="actionTypes.js" path="/home/nineleaps/Desktop/MedStick_FE/src/redux/actionTypes.js">
        <metrics statements="135" coveredstatements="135" conditionals="0" coveredconditionals="0" methods="0" coveredmethods="0"/>
        <line num="2" count="90" type="stmt"/>
        <line num="5" count="90" type="stmt"/>
        <line num="8" count="90" type="stmt"/>
        <line num="9" count="90" type="stmt"/>
        <line num="10" count="90" type="stmt"/>
        <line num="11" count="90" type="stmt"/>
        <line num="14" count="90" type="stmt"/>
        <line num="15" count="90" type="stmt"/>
        <line num="16" count="90" type="stmt"/>
        <line num="17" count="90" type="stmt"/>
        <line num="20" count="90" type="stmt"/>
        <line num="21" count="90" type="stmt"/>
        <line num="22" count="90" type="stmt"/>
        <line num="25" count="90" type="stmt"/>
        <line num="26" count="90" type="stmt"/>
        <line num="27" count="90" type="stmt"/>
        <line num="30" count="90" type="stmt"/>
        <line num="31" count="90" type="stmt"/>
        <line num="32" count="90" type="stmt"/>
        <line num="33" count="90" type="stmt"/>
        <line num="36" count="90" type="stmt"/>
        <line num="37" count="90" type="stmt"/>
        <line num="38" count="90" type="stmt"/>
        <line num="39" count="90" type="stmt"/>
        <line num="42" count="90" type="stmt"/>
        <line num="43" count="90" type="stmt"/>
        <line num="44" count="90" type="stmt"/>
        <line num="45" count="90" type="stmt"/>
        <line num="48" count="90" type="stmt"/>
        <line num="49" count="90" type="stmt"/>
        <line num="50" count="90" type="stmt"/>
        <line num="53" count="90" type="stmt"/>
        <line num="54" count="90" type="stmt"/>
        <line num="55" count="90" type="stmt"/>
        <line num="58" count="90" type="stmt"/>
        <line num="59" count="90" type="stmt"/>
        <line num="60" count="90" type="stmt"/>
        <line num="61" count="90" type="stmt"/>
        <line num="64" count="90" type="stmt"/>
        <line num="65" count="90" type="stmt"/>
        <line num="66" count="90" type="stmt"/>
        <line num="67" count="90" type="stmt"/>
        <line num="70" count="90" type="stmt"/>
        <line num="71" count="90" type="stmt"/>
        <line num="72" count="90" type="stmt"/>
        <line num="73" count="90" type="stmt"/>
        <line num="76" count="90" type="stmt"/>
        <line num="77" count="90" type="stmt"/>
        <line num="78" count="90" type="stmt"/>
        <line num="79" count="90" type="stmt"/>
        <line num="82" count="90" type="stmt"/>
        <line num="83" count="90" type="stmt"/>
        <line num="84" count="90" type="stmt"/>
        <line num="85" count="90" type="stmt"/>
        <line num="88" count="90" type="stmt"/>
        <line num="89" count="90" type="stmt"/>
        <line num="90" count="90" type="stmt"/>
        <line num="91" count="90" type="stmt"/>
        <line num="94" count="90" type="stmt"/>
        <line num="95" count="90" type="stmt"/>
        <line num="96" count="90" type="stmt"/>
        <line num="97" count="90" type="stmt"/>
        <line num="100" count="90" type="stmt"/>
        <line num="101" count="90" type="stmt"/>
        <line num="102" count="90" type="stmt"/>
        <line num="103" count="90" type="stmt"/>
        <line num="106" count="90" type="stmt"/>
        <line num="107" count="90" type="stmt"/>
        <line num="108" count="90" type="stmt"/>
        <line num="109" count="90" type="stmt"/>
        <line num="112" count="90" type="stmt"/>
        <line num="113" count="90" type="stmt"/>
        <line num="114" count="90" type="stmt"/>
        <line num="117" count="90" type="stmt"/>
        <line num="118" count="90" type="stmt"/>
        <line num="119" count="90" type="stmt"/>
        <line num="120" count="90" type="stmt"/>
        <line num="123" count="90" type="stmt"/>
        <line num="124" count="90" type="stmt"/>
        <line num="125" count="90" type="stmt"/>
        <line num="128" count="90" type="stmt"/>
        <line num="129" count="90" type="stmt"/>
        <line num="130" count="90" type="stmt"/>
        <line num="131" count="90" type="stmt"/>
        <line num="134" count="90" type="stmt"/>
        <line num="135" count="90" type="stmt"/>
        <line num="136" count="90" type="stmt"/>
        <line num="137" count="90" type="stmt"/>
        <line num="140" count="90" type="stmt"/>
        <line num="141" count="90" type="stmt"/>
        <line num="142" count="90" type="stmt"/>
        <line num="143" count="90" type="stmt"/>
        <line num="146" count="90" type="stmt"/>
        <line num="147" count="90" type="stmt"/>
        <line num="148" count="90" type="stmt"/>
        <line num="149" count="90" type="stmt"/>
        <line num="152" count="90" type="stmt"/>
        <line num="153" count="90" type="stmt"/>
        <line num="154" count="90" type="stmt"/>
        <line num="155" count="90" type="stmt"/>
        <line num="158" count="90" type="stmt"/>
        <line num="159" count="90" type="stmt"/>
        <line num="160" count="90" type="stmt"/>
        <line num="161" count="90" type="stmt"/>
        <line num="164" count="90" type="stmt"/>
        <line num="165" count="90" type="stmt"/>
        <line num="166" count="90" type="stmt"/>
        <line num="169" count="90" type="stmt"/>
        <line num="170" count="90" type="stmt"/>
        <line num="171" count="90" type="stmt"/>
        <line num="174" count="90" type="stmt"/>
        <line num="175" count="90" type="stmt"/>
        <line num="176" count="90" type="stmt"/>
        <line num="179" count="90" type="stmt"/>
        <line num="180" count="90" type="stmt"/>
        <line num="181" count="90" type="stmt"/>
        <line num="182" count="90" type="stmt"/>
        <line num="185" count="90" type="stmt"/>
        <line num="186" count="90" type="stmt"/>
        <line num="187" count="90" type="stmt"/>
        <line num="188" count="90" type="stmt"/>
        <line num="191" count="90" type="stmt"/>
        <line num="192" count="90" type="stmt"/>
        <line num="193" count="90" type="stmt"/>
        <line num="196" count="90" type="stmt"/>
        <line num="197" count="90" type="stmt"/>
        <line num="198" count="90" type="stmt"/>
        <line num="201" count="90" type="stmt"/>
        <line num="202" count="90" type="stmt"/>
        <line num="203" count="90" type="stmt"/>
        <line num="204" count="90" type="stmt"/>
        <line num="207" count="90" type="stmt"/>
        <line num="208" count="90" type="stmt"/>
        <line num="209" count="90" type="stmt"/>
        <line num="210" count="90" type="stmt"/>
      </file>
    </package>
    <package name="redux.action.StoreAction">
      <metrics statements="6" coveredstatements="6" conditionals="0" coveredconditionals="0" methods="3" coveredmethods="3"/>
      <file name="storeAction.js" path="/home/nineleaps/Desktop/MedStick_FE/src/redux/action/StoreAction/storeAction.js">
        <metrics statements="6" coveredstatements="6" conditionals="0" coveredconditionals="0" methods="3" coveredmethods="3"/>
        <line num="3" count="1" type="stmt"/>
        <line num="4" count="1" type="stmt"/>
        <line num="10" count="1" type="stmt"/>
        <line num="11" count="1" type="stmt"/>
        <line num="17" count="1" type="stmt"/>
        <line num="18" count="1" type="stmt"/>
      </file>
    </package>
    <package name="redux.action.caretaker">
      <metrics statements="32" coveredstatements="32" conditionals="0" coveredconditionals="0" methods="16" coveredmethods="16"/>
      <file name="acceptCaretakerReqAction.js" path="/home/nineleaps/Desktop/MedStick_FE/src/redux/action/caretaker/acceptCaretakerReqAction.js">
        <metrics statements="8" coveredstatements="8" conditionals="0" coveredconditionals="0" methods="4" coveredmethods="4"/>
        <line num="3" count="3" type="stmt"/>
        <line num="4" count="1" type="stmt"/>
        <line num="9" count="3" type="stmt"/>
        <line num="10" count="3" type="stmt"/>
        <line num="15" count="3" type="stmt"/>
        <line num="16" count="3" type="stmt"/>
        <line num="21" count="3" type="stmt"/>
        <line num="22" count="1" type="stmt"/>
      </file>
      <file name="caretakerRequestAction.js" path="/home/nineleaps/Desktop/MedStick_FE/src/redux/action/caretaker/caretakerRequestAction.js">
        <metrics statements="8" coveredstatements="8" conditionals="0" coveredconditionals="0" methods="4" coveredmethods="4"/>
        <line num="3" count="3" type="stmt"/>
        <line num="4" count="1" type="stmt"/>
        <line num="9" count="3" type="stmt"/>
        <line num="10" count="3" type="stmt"/>
        <line num="15" count="3" type="stmt"/>
        <line num="16" count="3" type="stmt"/>
        <line num="21" count="3" type="stmt"/>
        <line num="22" count="1" type="stmt"/>
      </file>
      <file name="deleteCaretakerReqAction.js" path="/home/nineleaps/Desktop/MedStick_FE/src/redux/action/caretaker/deleteCaretakerReqAction.js">
        <metrics statements="8" coveredstatements="8" conditionals="0" coveredconditionals="0" methods="4" coveredmethods="4"/>
        <line num="3" count="3" type="stmt"/>
        <line num="4" count="1" type="stmt"/>
        <line num="9" count="3" type="stmt"/>
        <line num="10" count="3" type="stmt"/>
        <line num="15" count="3" type="stmt"/>
        <line num="16" count="3" type="stmt"/>
        <line num="21" count="3" type="stmt"/>
        <line num="22" count="1" type="stmt"/>
      </file>
      <file name="myCaretakerAction.js" path="/home/nineleaps/Desktop/MedStick_FE/src/redux/action/caretaker/myCaretakerAction.js">
        <metrics statements="8" coveredstatements="8" conditionals="0" coveredconditionals="0" methods="4" coveredmethods="4"/>
        <line num="3" count="2" type="stmt"/>
        <line num="4" count="1" type="stmt"/>
        <line num="9" count="2" type="stmt"/>
        <line num="10" count="3" type="stmt"/>
        <line num="15" count="2" type="stmt"/>
        <line num="16" count="3" type="stmt"/>
        <line num="21" count="2" type="stmt"/>
        <line num="22" count="1" type="stmt"/>
      </file>
    </package>
    <package name="redux.action.getUserAction">
      <metrics statements="16" coveredstatements="16" conditionals="0" coveredconditionals="0" methods="8" coveredmethods="8"/>
      <file name="getUserAction.js" path="/home/nineleaps/Desktop/MedStick_FE/src/redux/action/getUserAction/getUserAction.js">
        <metrics statements="8" coveredstatements="8" conditionals="0" coveredconditionals="0" methods="4" coveredmethods="4"/>
        <line num="3" count="2" type="stmt"/>
        <line num="4" count="1" type="stmt"/>
        <line num="10" count="2" type="stmt"/>
        <line num="11" count="3" type="stmt"/>
        <line num="17" count="2" type="stmt"/>
        <line num="18" count="3" type="stmt"/>
        <line num="24" count="2" type="stmt"/>
        <line num="25" count="1" type="stmt"/>
      </file>
      <file name="sendReqAction.js" path="/home/nineleaps/Desktop/MedStick_FE/src/redux/action/getUserAction/sendReqAction.js">
        <metrics statements="8" coveredstatements="8" conditionals="0" coveredconditionals="0" methods="4" coveredmethods="4"/>
        <line num="3" count="2" type="stmt"/>
        <line num="4" count="1" type="stmt"/>
        <line num="10" count="2" type="stmt"/>
        <line num="11" count="3" type="stmt"/>
        <line num="17" count="2" type="stmt"/>
        <line num="18" count="3" type="stmt"/>
        <line num="24" count="2" type="stmt"/>
        <line num="25" count="1" type="stmt"/>
      </file>
    </package>
    <package name="redux.action.loginAction">
      <metrics statements="12" coveredstatements="12" conditionals="0" coveredconditionals="0" methods="6" coveredmethods="6"/>
      <file name="loginAction.js" path="/home/nineleaps/Desktop/MedStick_FE/src/redux/action/loginAction/loginAction.js">
        <metrics statements="8" coveredstatements="8" conditionals="0" coveredconditionals="0" methods="4" coveredmethods="4"/>
        <line num="3" count="2" type="stmt"/>
        <line num="4" count="1" type="stmt"/>
        <line num="10" count="2" type="stmt"/>
        <line num="11" count="2" type="stmt"/>
        <line num="17" count="2" type="stmt"/>
        <line num="18" count="3" type="stmt"/>
        <line num="24" count="2" type="stmt"/>
        <line num="25" count="1" type="stmt"/>
      </file>
      <file name="saveInternetConnectivity.js" path="/home/nineleaps/Desktop/MedStick_FE/src/redux/action/loginAction/saveInternetConnectivity.js">
        <metrics statements="2" coveredstatements="2" conditionals="0" coveredconditionals="0" methods="1" coveredmethods="1"/>
        <line num="3" count="1" type="stmt"/>
        <line num="4" count="1" type="stmt"/>
      </file>
      <file name="saveUserLoggedIn.js" path="/home/nineleaps/Desktop/MedStick_FE/src/redux/action/loginAction/saveUserLoggedIn.js">
        <metrics statements="2" coveredstatements="2" conditionals="0" coveredconditionals="0" methods="1" coveredmethods="1"/>
        <line num="3" count="1" type="stmt"/>
        <line num="4" count="1" type="stmt"/>
      </file>
    </package>
    <package name="redux.action.notification">
      <metrics statements="14" coveredstatements="14" conditionals="0" coveredconditionals="0" methods="7" coveredmethods="7"/>
      <file name="deleteNotificationAction.js" path="/home/nineleaps/Desktop/MedStick_FE/src/redux/action/notification/deleteNotificationAction.js">
        <metrics statements="6" coveredstatements="6" conditionals="0" coveredconditionals="0" methods="3" coveredmethods="3"/>
        <line num="3" count="2" type="stmt"/>
        <line num="4" count="1" type="stmt"/>
        <line num="10" count="2" type="stmt"/>
        <line num="11" count="3" type="stmt"/>
        <line num="17" count="2" type="stmt"/>
        <line num="18" count="3" type="stmt"/>
      </file>
      <file name="getAllNotification.js" path="/home/nineleaps/Desktop/MedStick_FE/src/redux/action/notification/getAllNotification.js">
        <metrics statements="8" coveredstatements="8" conditionals="0" coveredconditionals="0" methods="4" coveredmethods="4"/>
        <line num="3" count="2" type="stmt"/>
        <line num="4" count="1" type="stmt"/>
        <line num="9" count="2" type="stmt"/>
        <line num="10" count="3" type="stmt"/>
        <line num="16" count="2" type="stmt"/>
        <line num="17" count="3" type="stmt"/>
        <line num="22" count="2" type="stmt"/>
        <line num="23" count="1" type="stmt"/>
      </file>
    </package>
    <package name="redux.action.otherScreenAction">
      <metrics statements="22" coveredstatements="22" conditionals="0" coveredconditionals="0" methods="11" coveredmethods="11"/>
      <file name="downloadPdfAction.js" path="/home/nineleaps/Desktop/MedStick_FE/src/redux/action/otherScreenAction/downloadPdfAction.js">
        <metrics statements="6" coveredstatements="6" conditionals="0" coveredconditionals="0" methods="3" coveredmethods="3"/>
        <line num="3" count="2" type="stmt"/>
        <line num="4" count="1" type="stmt"/>
        <line num="9" count="2" type="stmt"/>
        <line num="10" count="3" type="stmt"/>
        <line num="15" count="2" type="stmt"/>
        <line num="16" count="3" type="stmt"/>
      </file>
      <file name="prescriptionsAction.js" path="/home/nineleaps/Desktop/MedStick_FE/src/redux/action/otherScreenAction/prescriptionsAction.js">
        <metrics statements="8" coveredstatements="8" conditionals="0" coveredconditionals="0" methods="4" coveredmethods="4"/>
        <line num="3" count="2" type="stmt"/>
        <line num="4" count="1" type="stmt"/>
        <line num="9" count="2" type="stmt"/>
        <line num="10" count="3" type="stmt"/>
        <line num="15" count="2" type="stmt"/>
        <line num="16" count="3" type="stmt"/>
        <line num="21" count="2" type="stmt"/>
        <line num="22" count="1" type="stmt"/>
      </file>
      <file name="sendSnapAction.js" path="/home/nineleaps/Desktop/MedStick_FE/src/redux/action/otherScreenAction/sendSnapAction.js">
        <metrics statements="8" coveredstatements="8" conditionals="0" coveredconditionals="0" methods="4" coveredmethods="4"/>
        <line num="3" count="2" type="stmt"/>
        <line num="4" count="1" type="stmt"/>
        <line num="9" count="2" type="stmt"/>
        <line num="10" count="3" type="stmt"/>
        <line num="15" count="2" type="stmt"/>
        <line num="16" count="3" type="stmt"/>
        <line num="21" count="2" type="stmt"/>
        <line num="22" count="1" type="stmt"/>
      </file>
    </package>
    <package name="redux.action.patients">
      <metrics statements="64" coveredstatements="64" conditionals="0" coveredconditionals="0" methods="32" coveredmethods="32"/>
      <file name="acceptPatientReqAction.js" path="/home/nineleaps/Desktop/MedStick_FE/src/redux/action/patients/acceptPatientReqAction.js">
        <metrics statements="8" coveredstatements="8" conditionals="0" coveredconditionals="0" methods="4" coveredmethods="4"/>
        <line num="3" count="2" type="stmt"/>
        <line num="4" count="1" type="stmt"/>
        <line num="9" count="2" type="stmt"/>
        <line num="10" count="3" type="stmt"/>
        <line num="15" count="2" type="stmt"/>
        <line num="16" count="3" type="stmt"/>
        <line num="21" count="2" type="stmt"/>
        <line num="22" count="1" type="stmt"/>
      </file>
      <file name="deletePatientReqAction.js" path="/home/nineleaps/Desktop/MedStick_FE/src/redux/action/patients/deletePatientReqAction.js">
        <metrics statements="8" coveredstatements="8" conditionals="0" coveredconditionals="0" methods="4" coveredmethods="4"/>
        <line num="3" count="2" type="stmt"/>
        <line num="4" count="1" type="stmt"/>
        <line num="9" count="2" type="stmt"/>
        <line num="10" count="3" type="stmt"/>
        <line num="15" count="2" type="stmt"/>
        <line num="16" count="3" type="stmt"/>
        <line num="21" count="2" type="stmt"/>
        <line num="22" count="1" type="stmt"/>
      </file>
      <file name="getPatientHistoryAction.js" path="/home/nineleaps/Desktop/MedStick_FE/src/redux/action/patients/getPatientHistoryAction.js">
        <metrics statements="8" coveredstatements="8" conditionals="0" coveredconditionals="0" methods="4" coveredmethods="4"/>
        <line num="3" count="2" type="stmt"/>
        <line num="4" count="1" type="stmt"/>
        <line num="9" count="2" type="stmt"/>
        <line num="10" count="3" type="stmt"/>
        <line num="15" count="2" type="stmt"/>
        <line num="16" count="3" type="stmt"/>
        <line num="21" count="2" type="stmt"/>
        <line num="22" count="1" type="stmt"/>
      </file>
      <file name="medicineImagesAction.js" path="/home/nineleaps/Desktop/MedStick_FE/src/redux/action/patients/medicineImagesAction.js">
        <metrics statements="8" coveredstatements="8" conditionals="0" coveredconditionals="0" methods="4" coveredmethods="4"/>
        <line num="3" count="2" type="stmt"/>
        <line num="4" count="1" type="stmt"/>
        <line num="9" count="2" type="stmt"/>
        <line num="10" count="3" type="stmt"/>
        <line num="15" count="2" type="stmt"/>
        <line num="16" count="3" type="stmt"/>
        <line num="21" count="2" type="stmt"/>
        <line num="22" count="1" type="stmt"/>
      </file>
      <file name="myPatientsAction.js" path="/home/nineleaps/Desktop/MedStick_FE/src/redux/action/patients/myPatientsAction.js">
        <metrics statements="8" coveredstatements="8" conditionals="0" coveredconditionals="0" methods="4" coveredmethods="4"/>
        <line num="3" count="2" type="stmt"/>
        <line num="4" count="1" type="stmt"/>
        <line num="9" count="2" type="stmt"/>
        <line num="10" count="3" type="stmt"/>
        <line num="15" count="2" type="stmt"/>
        <line num="16" count="3" type="stmt"/>
        <line num="22" count="2" type="stmt"/>
        <line num="23" count="1" type="stmt"/>
      </file>
      <file name="notifyUserAction.js" path="/home/nineleaps/Desktop/MedStick_FE/src/redux/action/patients/notifyUserAction.js">
        <metrics statements="8" coveredstatements="8" conditionals="0" coveredconditionals="0" methods="4" coveredmethods="4"/>
        <line num="3" count="2" type="stmt"/>
        <line num="4" count="1" type="stmt"/>
        <line num="9" count="2" type="stmt"/>
        <line num="10" count="3" type="stmt"/>
        <line num="15" count="2" type="stmt"/>
        <line num="16" count="3" type="stmt"/>
        <line num="21" count="2" type="stmt"/>
        <line num="22" count="1" type="stmt"/>
      </file>
      <file name="patientsRequestAction.js" path="/home/nineleaps/Desktop/MedStick_FE/src/redux/action/patients/patientsRequestAction.js">
        <metrics statements="8" coveredstatements="8" conditionals="0" coveredconditionals="0" methods="4" coveredmethods="4"/>
        <line num="3" count="2" type="stmt"/>
        <line num="4" count="1" type="stmt"/>
        <line num="9" count="2" type="stmt"/>
        <line num="10" count="3" type="stmt"/>
        <line num="15" count="2" type="stmt"/>
        <line num="16" count="3" type="stmt"/>
        <line num="22" count="2" type="stmt"/>
        <line num="23" count="1" type="stmt"/>
      </file>
      <file name="userMedicineListAction.js" path="/home/nineleaps/Desktop/MedStick_FE/src/redux/action/patients/userMedicineListAction.js">
        <metrics statements="8" coveredstatements="8" conditionals="0" coveredconditionals="0" methods="4" coveredmethods="4"/>
        <line num="3" count="2" type="stmt"/>
        <line num="4" count="1" type="stmt"/>
        <line num="9" count="2" type="stmt"/>
        <line num="10" count="3" type="stmt"/>
        <line num="15" count="2" type="stmt"/>
        <line num="16" count="3" type="stmt"/>
        <line num="22" count="2" type="stmt"/>
        <line num="23" count="1" type="stmt"/>
      </file>
    </package>
    <package name="redux.action.profileAction">
      <metrics statements="16" coveredstatements="16" conditionals="0" coveredconditionals="0" methods="8" coveredmethods="8"/>
      <file name="editProfileAction.js" path="/home/nineleaps/Desktop/MedStick_FE/src/redux/action/profileAction/editProfileAction.js">
        <metrics statements="8" coveredstatements="8" conditionals="0" coveredconditionals="0" methods="4" coveredmethods="4"/>
        <line num="3" count="2" type="stmt"/>
        <line num="4" count="1" type="stmt"/>
        <line num="9" count="2" type="stmt"/>
        <line num="10" count="3" type="stmt"/>
        <line num="15" count="2" type="stmt"/>
        <line num="16" count="3" type="stmt"/>
        <line num="21" count="2" type="stmt"/>
        <line num="22" count="1" type="stmt"/>
      </file>
      <file name="getUserProfileAction.js" path="/home/nineleaps/Desktop/MedStick_FE/src/redux/action/profileAction/getUserProfileAction.js">
        <metrics statements="8" coveredstatements="8" conditionals="0" coveredconditionals="0" methods="4" coveredmethods="4"/>
        <line num="3" count="2" type="stmt"/>
        <line num="4" count="1" type="stmt"/>
        <line num="8" count="2" type="stmt"/>
        <line num="9" count="3" type="stmt"/>
        <line num="14" count="2" type="stmt"/>
        <line num="15" count="3" type="stmt"/>
        <line num="20" count="2" type="stmt"/>
        <line num="21" count="1" type="stmt"/>
      </file>
    </package>
    <package name="redux.action.signUpAction">
      <metrics statements="20" coveredstatements="20" conditionals="0" coveredconditionals="0" methods="10" coveredmethods="10"/>
      <file name="expiryActions.js" path="/home/nineleaps/Desktop/MedStick_FE/src/redux/action/signUpAction/expiryActions.js">
        <metrics statements="6" coveredstatements="6" conditionals="0" coveredconditionals="0" methods="3" coveredmethods="3"/>
        <line num="3" count="2" type="stmt"/>
        <line num="4" count="1" type="stmt"/>
        <line num="9" count="2" type="stmt"/>
        <line num="10" count="3" type="stmt"/>
        <line num="16" count="2" type="stmt"/>
        <line num="17" count="3" type="stmt"/>
      </file>
      <file name="refreshAction.js" path="/home/nineleaps/Desktop/MedStick_FE/src/redux/action/signUpAction/refreshAction.js">
        <metrics statements="6" coveredstatements="6" conditionals="0" coveredconditionals="0" methods="3" coveredmethods="3"/>
        <line num="3" count="2" type="stmt"/>
        <line num="4" count="1" type="stmt"/>
        <line num="9" count="2" type="stmt"/>
        <line num="10" count="3" type="stmt"/>
        <line num="16" count="2" type="stmt"/>
        <line num="17" count="3" type="stmt"/>
      </file>
      <file name="signUpAction.js" path="/home/nineleaps/Desktop/MedStick_FE/src/redux/action/signUpAction/signUpAction.js">
        <metrics statements="8" coveredstatements="8" conditionals="0" coveredconditionals="0" methods="4" coveredmethods="4"/>
        <line num="3" count="2" type="stmt"/>
        <line num="4" count="1" type="stmt"/>
        <line num="10" count="2" type="stmt"/>
        <line num="11" count="3" type="stmt"/>
        <line num="17" count="2" type="stmt"/>
        <line num="18" count="3" type="stmt"/>
        <line num="24" count="2" type="stmt"/>
        <line num="25" count="1" type="stmt"/>
      </file>
    </package>
    <package name="redux.action.userMedicine">
      <metrics statements="48" coveredstatements="48" conditionals="0" coveredconditionals="0" methods="24" coveredmethods="24"/>
      <file name="getAllMedicineHistoryAction.js" path="/home/nineleaps/Desktop/MedStick_FE/src/redux/action/userMedicine/getAllMedicineHistoryAction.js">
        <metrics statements="8" coveredstatements="8" conditionals="0" coveredconditionals="0" methods="4" coveredmethods="4"/>
        <line num="3" count="2" type="stmt"/>
        <line num="4" count="1" type="stmt"/>
        <line num="8" count="2" type="stmt"/>
        <line num="9" count="3" type="stmt"/>
        <line num="14" count="2" type="stmt"/>
        <line num="15" count="1" type="stmt"/>
        <line num="20" count="2" type="stmt"/>
        <line num="21" count="3" type="stmt"/>
      </file>
      <file name="getAppointmentListAction.js" path="/home/nineleaps/Desktop/MedStick_FE/src/redux/action/userMedicine/getAppointmentListAction.js">
        <metrics statements="8" coveredstatements="8" conditionals="0" coveredconditionals="0" methods="4" coveredmethods="4"/>
        <line num="3" count="2" type="stmt"/>
        <line num="4" count="1" type="stmt"/>
        <line num="8" count="2" type="stmt"/>
        <line num="9" count="3" type="stmt"/>
        <line num="14" count="2" type="stmt"/>
        <line num="15" count="3" type="stmt"/>
        <line num="20" count="2" type="stmt"/>
        <line num="21" count="1" type="stmt"/>
      </file>
      <file name="medicineListAction.js" path="/home/nineleaps/Desktop/MedStick_FE/src/redux/action/userMedicine/medicineListAction.js">
        <metrics statements="8" coveredstatements="8" conditionals="0" coveredconditionals="0" methods="4" coveredmethods="4"/>
        <line num="3" count="2" type="stmt"/>
        <line num="4" count="1" type="stmt"/>
        <line num="8" count="2" type="stmt"/>
        <line num="9" count="3" type="stmt"/>
        <line num="14" count="2" type="stmt"/>
        <line num="15" count="3" type="stmt"/>
        <line num="21" count="2" type="stmt"/>
        <line num="22" count="1" type="stmt"/>
      </file>
      <file name="searchMedicineAction.js" path="/home/nineleaps/Desktop/MedStick_FE/src/redux/action/userMedicine/searchMedicineAction.js">
        <metrics statements="8" coveredstatements="8" conditionals="0" coveredconditionals="0" methods="4" coveredmethods="4"/>
        <line num="3" count="2" type="stmt"/>
        <line num="4" count="1" type="stmt"/>
        <line num="9" count="2" type="stmt"/>
        <line num="10" count="3" type="stmt"/>
        <line num="15" count="2" type="stmt"/>
        <line num="16" count="3" type="stmt"/>
        <line num="21" count="2" type="stmt"/>
        <line num="22" count="1" type="stmt"/>
      </file>
      <file name="syncDataAction.js" path="/home/nineleaps/Desktop/MedStick_FE/src/redux/action/userMedicine/syncDataAction.js">
        <metrics statements="8" coveredstatements="8" conditionals="0" coveredconditionals="0" methods="4" coveredmethods="4"/>
        <line num="3" count="1" type="stmt"/>
        <line num="4" count="1" type="stmt"/>
        <line num="9" count="1" type="stmt"/>
        <line num="10" count="1" type="stmt"/>
        <line num="15" count="1" type="stmt"/>
        <line num="16" count="1" type="stmt"/>
        <line num="21" count="1" type="stmt"/>
        <line num="22" count="1" type="stmt"/>
      </file>
      <file name="syncHistoryDetailsAction.js" path="/home/nineleaps/Desktop/MedStick_FE/src/redux/action/userMedicine/syncHistoryDetailsAction.js">
        <metrics statements="8" coveredstatements="8" conditionals="0" coveredconditionals="0" methods="4" coveredmethods="4"/>
        <line num="3" count="1" type="stmt"/>
        <line num="4" count="1" type="stmt"/>
        <line num="9" count="1" type="stmt"/>
        <line num="10" count="1" type="stmt"/>
        <line num="15" count="1" type="stmt"/>
        <line num="16" count="1" type="stmt"/>
        <line num="21" count="1" type="stmt"/>
        <line num="22" count="1" type="stmt"/>
      </file>
    </package>
    <package name="redux.constant.notification">
      <metrics statements="2" coveredstatements="2" conditionals="0" coveredconditionals="0" methods="0" coveredmethods="0"/>
      <file name="deleteNotificationConstant.js" path="/home/nineleaps/Desktop/MedStick_FE/src/redux/constant/notification/deleteNotificationConstant.js">
        <metrics statements="1" coveredstatements="1" conditionals="0" coveredconditionals="0" methods="0" coveredmethods="0"/>
        <line num="1" count="3" type="stmt"/>
      </file>
      <file name="getAllNotificationConstant.js" path="/home/nineleaps/Desktop/MedStick_FE/src/redux/constant/notification/getAllNotificationConstant.js">
        <metrics statements="1" coveredstatements="1" conditionals="0" coveredconditionals="0" methods="0" coveredmethods="0"/>
        <line num="1" count="3" type="stmt"/>
      </file>
    </package>
    <package name="redux.reducers.caretaker">
      <metrics statements="32" coveredstatements="31" conditionals="24" coveredconditionals="23" methods="4" coveredmethods="4"/>
      <file name="acceptCaretakerReqReducer.js" path="/home/nineleaps/Desktop/MedStick_FE/src/redux/reducers/caretaker/acceptCaretakerReqReducer.js">
        <metrics statements="8" coveredstatements="7" conditionals="6" coveredconditionals="5" methods="1" coveredmethods="1"/>
        <line num="9" count="1" type="stmt"/>
        <line num="14" count="1" type="cond" truecount="1" falsecount="0"/>
        <line num="15" count="4" type="cond" truecount="4" falsecount="1"/>
        <line num="17" count="1" type="stmt"/>
        <line num="19" count="1" type="stmt"/>
        <line num="21" count="1" type="stmt"/>
        <line num="23" count="0" type="stmt"/>
        <line num="25" count="1" type="stmt"/>
      </file>
      <file name="caretakerRequestReducer.js" path="/home/nineleaps/Desktop/MedStick_FE/src/redux/reducers/caretaker/caretakerRequestReducer.js">
        <metrics statements="8" coveredstatements="8" conditionals="6" coveredconditionals="6" methods="1" coveredmethods="1"/>
        <line num="9" count="1" type="stmt"/>
        <line num="14" count="1" type="cond" truecount="1" falsecount="0"/>
        <line num="15" count="5" type="cond" truecount="5" falsecount="0"/>
        <line num="17" count="1" type="stmt"/>
        <line num="19" count="1" type="stmt"/>
        <line num="26" count="1" type="stmt"/>
        <line num="28" count="1" type="stmt"/>
        <line num="30" count="1" type="stmt"/>
      </file>
      <file name="deleteCaretakerReqReducer.js" path="/home/nineleaps/Desktop/MedStick_FE/src/redux/reducers/caretaker/deleteCaretakerReqReducer.js">
        <metrics statements="8" coveredstatements="8" conditionals="6" coveredconditionals="6" methods="1" coveredmethods="1"/>
        <line num="9" count="1" type="stmt"/>
        <line num="14" count="1" type="cond" truecount="1" falsecount="0"/>
        <line num="15" count="5" type="cond" truecount="5" falsecount="0"/>
        <line num="17" count="1" type="stmt"/>
        <line num="19" count="1" type="stmt"/>
        <line num="21" count="1" type="stmt"/>
        <line num="23" count="1" type="stmt"/>
        <line num="25" count="1" type="stmt"/>
      </file>
      <file name="myCaretakerReducer.js" path="/home/nineleaps/Desktop/MedStick_FE/src/redux/reducers/caretaker/myCaretakerReducer.js">
        <metrics statements="8" coveredstatements="8" conditionals="6" coveredconditionals="6" methods="1" coveredmethods="1"/>
        <line num="9" count="1" type="stmt"/>
        <line num="14" count="1" type="cond" truecount="1" falsecount="0"/>
        <line num="15" count="5" type="cond" truecount="5" falsecount="0"/>
        <line num="17" count="1" type="stmt"/>
        <line num="19" count="1" type="stmt"/>
        <line num="26" count="1" type="stmt"/>
        <line num="28" count="1" type="stmt"/>
        <line num="30" count="1" type="stmt"/>
      </file>
    </package>
    <package name="redux.reducers.getUserReducer">
      <metrics statements="16" coveredstatements="16" conditionals="12" coveredconditionals="12" methods="2" coveredmethods="2"/>
      <file name="getUserReducer.js" path="/home/nineleaps/Desktop/MedStick_FE/src/redux/reducers/getUserReducer/getUserReducer.js">
        <metrics statements="8" coveredstatements="8" conditionals="6" coveredconditionals="6" methods="1" coveredmethods="1"/>
        <line num="9" count="1" type="stmt"/>
        <line num="14" count="1" type="cond" truecount="1" falsecount="0"/>
        <line num="15" count="5" type="cond" truecount="5" falsecount="0"/>
        <line num="17" count="1" type="stmt"/>
        <line num="19" count="1" type="stmt"/>
        <line num="21" count="1" type="stmt"/>
        <line num="23" count="1" type="stmt"/>
        <line num="25" count="1" type="stmt"/>
      </file>
      <file name="sendReqReducer.js" path="/home/nineleaps/Desktop/MedStick_FE/src/redux/reducers/getUserReducer/sendReqReducer.js">
        <metrics statements="8" coveredstatements="8" conditionals="6" coveredconditionals="6" methods="1" coveredmethods="1"/>
        <line num="9" count="1" type="stmt"/>
        <line num="14" count="1" type="cond" truecount="1" falsecount="0"/>
        <line num="15" count="5" type="cond" truecount="5" falsecount="0"/>
        <line num="17" count="1" type="stmt"/>
        <line num="19" count="1" type="stmt"/>
        <line num="21" count="1" type="stmt"/>
        <line num="23" count="1" type="stmt"/>
        <line num="25" count="1" type="stmt"/>
      </file>
    </package>
    <package name="redux.reducers.loginReducer">
      <metrics statements="18" coveredstatements="18" conditionals="12" coveredconditionals="12" methods="3" coveredmethods="3"/>
      <file name="loginReducer.js" path="/home/nineleaps/Desktop/MedStick_FE/src/redux/reducers/loginReducer/loginReducer.js">
        <metrics statements="8" coveredstatements="8" conditionals="6" coveredconditionals="6" methods="1" coveredmethods="1"/>
        <line num="9" count="1" type="stmt"/>
        <line num="14" count="1" type="cond" truecount="1" falsecount="0"/>
        <line num="15" count="5" type="cond" truecount="5" falsecount="0"/>
        <line num="17" count="1" type="stmt"/>
        <line num="19" count="1" type="stmt"/>
        <line num="21" count="1" type="stmt"/>
        <line num="23" count="1" type="stmt"/>
        <line num="25" count="1" type="stmt"/>
      </file>
      <file name="saveInternetConnectivityReducer.js" path="/home/nineleaps/Desktop/MedStick_FE/src/redux/reducers/loginReducer/saveInternetConnectivityReducer.js">
        <metrics statements="5" coveredstatements="5" conditionals="3" coveredconditionals="3" methods="1" coveredmethods="1"/>
        <line num="4" count="1" type="stmt"/>
        <line num="7" count="1" type="stmt"/>
        <line num="11" count="2" type="cond" truecount="2" falsecount="0"/>
        <line num="13" count="1" type="stmt"/>
        <line num="15" count="1" type="stmt"/>
      </file>
      <file name="saveUserLoggedInReducer.js" path="/home/nineleaps/Desktop/MedStick_FE/src/redux/reducers/loginReducer/saveUserLoggedInReducer.js">
        <metrics statements="5" coveredstatements="5" conditionals="3" coveredconditionals="3" methods="1" coveredmethods="1"/>
        <line num="4" count="1" type="stmt"/>
        <line num="7" count="1" type="cond" truecount="1" falsecount="0"/>
        <line num="8" count="2" type="cond" truecount="2" falsecount="0"/>
        <line num="10" count="1" type="stmt"/>
        <line num="12" count="1" type="stmt"/>
      </file>
    </package>
    <package name="redux.reducers.notification">
      <metrics statements="15" coveredstatements="14" conditionals="13" coveredconditionals="10" methods="2" coveredmethods="2"/>
      <file name="deleteNotificationReducer.js" path="/home/nineleaps/Desktop/MedStick_FE/src/redux/reducers/notification/deleteNotificationReducer.js">
        <metrics statements="7" coveredstatements="7" conditionals="6" coveredconditionals="5" methods="1" coveredmethods="1"/>
        <line num="3" count="1" type="stmt"/>
        <line num="13" count="1" type="cond" truecount="1" falsecount="1"/>
        <line num="14" count="4" type="cond" truecount="4" falsecount="0"/>
        <line num="16" count="1" type="stmt"/>
        <line num="24" count="1" type="stmt"/>
        <line num="33" count="1" type="stmt"/>
        <line num="41" count="1" type="stmt"/>
      </file>
      <file name="getAllNotificationReducer.js" path="/home/nineleaps/Desktop/MedStick_FE/src/redux/reducers/notification/getAllNotificationReducer.js">
        <metrics statements="8" coveredstatements="7" conditionals="7" coveredconditionals="5" methods="1" coveredmethods="1"/>
        <line num="3" count="1" type="stmt"/>
        <line num="13" count="1" type="cond" truecount="1" falsecount="1"/>
        <line num="14" count="4" type="cond" truecount="4" falsecount="1"/>
        <line num="16" count="1" type="stmt"/>
        <line num="23" count="1" type="stmt"/>
        <line num="31" count="1" type="stmt"/>
        <line num="39" count="0" type="stmt"/>
        <line num="49" count="1" type="stmt"/>
      </file>
    </package>
    <package name="redux.reducers.otherScreenReducer">
      <metrics statements="23" coveredstatements="23" conditionals="17" coveredconditionals="17" methods="3" coveredmethods="3"/>
      <file name="downloadPdfReducer.js" path="/home/nineleaps/Desktop/MedStick_FE/src/redux/reducers/otherScreenReducer/downloadPdfReducer.js">
        <metrics statements="7" coveredstatements="7" conditionals="5" coveredconditionals="5" methods="1" coveredmethods="1"/>
        <line num="8" count="1" type="stmt"/>
        <line num="13" count="1" type="cond" truecount="1" falsecount="0"/>
        <line num="14" count="4" type="cond" truecount="4" falsecount="0"/>
        <line num="16" count="1" type="stmt"/>
        <line num="18" count="1" type="stmt"/>
        <line num="20" count="1" type="stmt"/>
        <line num="22" count="1" type="stmt"/>
      </file>
      <file name="myPrescriptionsReducer.js" path="/home/nineleaps/Desktop/MedStick_FE/src/redux/reducers/otherScreenReducer/myPrescriptionsReducer.js">
        <metrics statements="8" coveredstatements="8" conditionals="6" coveredconditionals="6" methods="1" coveredmethods="1"/>
        <line num="9" count="1" type="stmt"/>
        <line num="14" count="1" type="cond" truecount="1" falsecount="0"/>
        <line num="15" count="5" type="cond" truecount="5" falsecount="0"/>
        <line num="17" count="1" type="stmt"/>
        <line num="19" count="1" type="stmt"/>
        <line num="26" count="1" type="stmt"/>
        <line num="28" count="1" type="stmt"/>
        <line num="30" count="1" type="stmt"/>
      </file>
      <file name="sendSnapReducer.js" path="/home/nineleaps/Desktop/MedStick_FE/src/redux/reducers/otherScreenReducer/sendSnapReducer.js">
        <metrics statements="8" coveredstatements="8" conditionals="6" coveredconditionals="6" methods="1" coveredmethods="1"/>
        <line num="9" count="1" type="stmt"/>
        <line num="14" count="1" type="cond" truecount="1" falsecount="0"/>
        <line num="15" count="5" type="cond" truecount="5" falsecount="0"/>
        <line num="17" count="1" type="stmt"/>
        <line num="19" count="1" type="stmt"/>
        <line num="21" count="1" type="stmt"/>
        <line num="23" count="1" type="stmt"/>
        <line num="25" count="1" type="stmt"/>
      </file>
    </package>
    <package name="redux.reducers.patients">
      <metrics statements="56" coveredstatements="56" conditionals="42" coveredconditionals="42" methods="7" coveredmethods="7"/>
      <file name="acceptPatientReqReducer.js" path="/home/nineleaps/Desktop/MedStick_FE/src/redux/reducers/patients/acceptPatientReqReducer.js">
        <metrics statements="8" coveredstatements="8" conditionals="6" coveredconditionals="6" methods="1" coveredmethods="1"/>
        <line num="9" count="1" type="stmt"/>
        <line num="14" count="1" type="cond" truecount="1" falsecount="0"/>
        <line num="15" count="5" type="cond" truecount="5" falsecount="0"/>
        <line num="17" count="1" type="stmt"/>
        <line num="19" count="1" type="stmt"/>
        <line num="21" count="1" type="stmt"/>
        <line num="23" count="1" type="stmt"/>
        <line num="25" count="1" type="stmt"/>
      </file>
      <file name="deletePatientReqReducer.js" path="/home/nineleaps/Desktop/MedStick_FE/src/redux/reducers/patients/deletePatientReqReducer.js">
        <metrics statements="8" coveredstatements="8" conditionals="6" coveredconditionals="6" methods="1" coveredmethods="1"/>
        <line num="9" count="1" type="stmt"/>
        <line num="14" count="1" type="cond" truecount="1" falsecount="0"/>
        <line num="15" count="5" type="cond" truecount="5" falsecount="0"/>
        <line num="17" count="1" type="stmt"/>
        <line num="19" count="1" type="stmt"/>
        <line num="21" count="1" type="stmt"/>
        <line num="23" count="1" type="stmt"/>
        <line num="25" count="1" type="stmt"/>
      </file>
      <file name="getPatientHistoryReducer.js" path="/home/nineleaps/Desktop/MedStick_FE/src/redux/reducers/patients/getPatientHistoryReducer.js">
        <metrics statements="8" coveredstatements="8" conditionals="6" coveredconditionals="6" methods="1" coveredmethods="1"/>
        <line num="9" count="1" type="stmt"/>
        <line num="14" count="1" type="cond" truecount="1" falsecount="0"/>
        <line num="15" count="5" type="cond" truecount="5" falsecount="0"/>
        <line num="17" count="1" type="stmt"/>
        <line num="19" count="1" type="stmt"/>
        <line num="21" count="1" type="stmt"/>
        <line num="23" count="1" type="stmt"/>
        <line num="25" count="1" type="stmt"/>
      </file>
      <file name="medicineImagesReducer.js" path="/home/nineleaps/Desktop/MedStick_FE/src/redux/reducers/patients/medicineImagesReducer.js">
        <metrics statements="8" coveredstatements="8" conditionals="6" coveredconditionals="6" methods="1" coveredmethods="1"/>
        <line num="9" count="1" type="stmt"/>
        <line num="14" count="1" type="cond" truecount="1" falsecount="0"/>
        <line num="15" count="5" type="cond" truecount="5" falsecount="0"/>
        <line num="17" count="1" type="stmt"/>
        <line num="19" count="1" type="stmt"/>
        <line num="21" count="1" type="stmt"/>
        <line num="23" count="1" type="stmt"/>
        <line num="25" count="1" type="stmt"/>
      </file>
      <file name="notifyUserReducer.js" path="/home/nineleaps/Desktop/MedStick_FE/src/redux/reducers/patients/notifyUserReducer.js">
        <metrics statements="8" coveredstatements="8" conditionals="6" coveredconditionals="6" methods="1" coveredmethods="1"/>
        <line num="9" count="1" type="stmt"/>
        <line num="14" count="1" type="cond" truecount="1" falsecount="0"/>
        <line num="15" count="5" type="cond" truecount="5" falsecount="0"/>
        <line num="17" count="1" type="stmt"/>
        <line num="19" count="1" type="stmt"/>
        <line num="21" count="1" type="stmt"/>
        <line num="23" count="1" type="stmt"/>
        <line num="25" count="1" type="stmt"/>
      </file>
      <file name="patientsRequestReducer.js" path="/home/nineleaps/Desktop/MedStick_FE/src/redux/reducers/patients/patientsRequestReducer.js">
        <metrics statements="8" coveredstatements="8" conditionals="6" coveredconditionals="6" methods="1" coveredmethods="1"/>
        <line num="9" count="1" type="stmt"/>
        <line num="14" count="1" type="cond" truecount="1" falsecount="0"/>
        <line num="15" count="5" type="cond" truecount="5" falsecount="0"/>
        <line num="17" count="1" type="stmt"/>
        <line num="19" count="1" type="stmt"/>
        <line num="26" count="1" type="stmt"/>
        <line num="28" count="1" type="stmt"/>
        <line num="30" count="1" type="stmt"/>
      </file>
      <file name="userMedicineListReducer.js" path="/home/nineleaps/Desktop/MedStick_FE/src/redux/reducers/patients/userMedicineListReducer.js">
        <metrics statements="8" coveredstatements="8" conditionals="6" coveredconditionals="6" methods="1" coveredmethods="1"/>
        <line num="8" count="1" type="stmt"/>
        <line num="14" count="1" type="cond" truecount="1" falsecount="0"/>
        <line num="15" count="5" type="cond" truecount="5" falsecount="0"/>
        <line num="17" count="1" type="stmt"/>
        <line num="19" count="1" type="stmt"/>
        <line num="26" count="1" type="stmt"/>
        <line num="28" count="1" type="stmt"/>
        <line num="30" count="1" type="stmt"/>
      </file>
    </package>
    <package name="redux.reducers.profileReducer">
      <metrics statements="16" coveredstatements="16" conditionals="12" coveredconditionals="12" methods="2" coveredmethods="2"/>
      <file name="editProfileReducer.js" path="/home/nineleaps/Desktop/MedStick_FE/src/redux/reducers/profileReducer/editProfileReducer.js">
        <metrics statements="8" coveredstatements="8" conditionals="6" coveredconditionals="6" methods="1" coveredmethods="1"/>
        <line num="9" count="1" type="stmt"/>
        <line num="14" count="1" type="cond" truecount="1" falsecount="0"/>
        <line num="15" count="5" type="cond" truecount="5" falsecount="0"/>
        <line num="17" count="1" type="stmt"/>
        <line num="19" count="1" type="stmt"/>
        <line num="21" count="1" type="stmt"/>
        <line num="23" count="1" type="stmt"/>
        <line num="25" count="1" type="stmt"/>
      </file>
      <file name="getUserProfileReducer.js" path="/home/nineleaps/Desktop/MedStick_FE/src/redux/reducers/profileReducer/getUserProfileReducer.js">
        <metrics statements="8" coveredstatements="8" conditionals="6" coveredconditionals="6" methods="1" coveredmethods="1"/>
        <line num="9" count="1" type="stmt"/>
        <line num="14" count="1" type="cond" truecount="1" falsecount="0"/>
        <line num="15" count="5" type="cond" truecount="5" falsecount="0"/>
        <line num="17" count="1" type="stmt"/>
        <line num="19" count="1" type="stmt"/>
        <line num="26" count="1" type="stmt"/>
        <line num="28" count="1" type="stmt"/>
        <line num="30" count="1" type="stmt"/>
      </file>
    </package>
    <package name="redux.reducers.signUpReducer">
      <metrics statements="23" coveredstatements="23" conditionals="16" coveredconditionals="16" methods="3" coveredmethods="3"/>
      <file name="expiryReducer.js" path="/home/nineleaps/Desktop/MedStick_FE/src/redux/reducers/signUpReducer/expiryReducer.js">
        <metrics statements="7" coveredstatements="7" conditionals="5" coveredconditionals="5" methods="1" coveredmethods="1"/>
        <line num="4" count="1" type="stmt"/>
        <line num="9" count="1" type="cond" truecount="1" falsecount="0"/>
        <line num="10" count="4" type="cond" truecount="4" falsecount="0"/>
        <line num="12" count="1" type="stmt"/>
        <line num="14" count="1" type="stmt"/>
        <line num="20" count="1" type="stmt"/>
        <line num="22" count="1" type="stmt"/>
      </file>
      <file name="refreshReducer.js" path="/home/nineleaps/Desktop/MedStick_FE/src/redux/reducers/signUpReducer/refreshReducer.js">
        <metrics statements="8" coveredstatements="8" conditionals="5" coveredconditionals="5" methods="1" coveredmethods="1"/>
        <line num="8" count="1" type="stmt"/>
        <line num="13" count="1" type="cond" truecount="1" falsecount="0"/>
        <line num="14" count="4" type="cond" truecount="4" falsecount="0"/>
        <line num="16" count="1" type="stmt"/>
        <line num="18" count="1" type="stmt"/>
        <line num="19" count="1" type="stmt"/>
        <line num="25" count="1" type="stmt"/>
        <line num="27" count="1" type="stmt"/>
      </file>
      <file name="signUpReducer.js" path="/home/nineleaps/Desktop/MedStick_FE/src/redux/reducers/signUpReducer/signUpReducer.js">
        <metrics statements="8" coveredstatements="8" conditionals="6" coveredconditionals="6" methods="1" coveredmethods="1"/>
        <line num="9" count="1" type="stmt"/>
        <line num="14" count="1" type="cond" truecount="1" falsecount="0"/>
        <line num="15" count="5" type="cond" truecount="5" falsecount="0"/>
        <line num="17" count="1" type="stmt"/>
        <line num="19" count="1" type="stmt"/>
        <line num="26" count="1" type="stmt"/>
        <line num="28" count="1" type="stmt"/>
        <line num="30" count="1" type="stmt"/>
      </file>
    </package>
    <package name="redux.reducers.userMedicine">
      <metrics statements="48" coveredstatements="48" conditionals="36" coveredconditionals="36" methods="6" coveredmethods="6"/>
      <file name="getAllMedicineHistoryReducer.js" path="/home/nineleaps/Desktop/MedStick_FE/src/redux/reducers/userMedicine/getAllMedicineHistoryReducer.js">
        <metrics statements="8" coveredstatements="8" conditionals="6" coveredconditionals="6" methods="1" coveredmethods="1"/>
        <line num="8" count="1" type="stmt"/>
        <line num="14" count="1" type="cond" truecount="1" falsecount="0"/>
        <line num="15" count="5" type="cond" truecount="5" falsecount="0"/>
        <line num="17" count="1" type="stmt"/>
        <line num="19" count="1" type="stmt"/>
        <line num="26" count="1" type="stmt"/>
        <line num="28" count="1" type="stmt"/>
        <line num="30" count="1" type="stmt"/>
      </file>
      <file name="getAppointmentListReducer.js" path="/home/nineleaps/Desktop/MedStick_FE/src/redux/reducers/userMedicine/getAppointmentListReducer.js">
        <metrics statements="8" coveredstatements="8" conditionals="6" coveredconditionals="6" methods="1" coveredmethods="1"/>
        <line num="8" count="1" type="stmt"/>
        <line num="14" count="1" type="cond" truecount="1" falsecount="0"/>
        <line num="15" count="5" type="cond" truecount="5" falsecount="0"/>
        <line num="17" count="1" type="stmt"/>
        <line num="19" count="1" type="stmt"/>
        <line num="21" count="1" type="stmt"/>
        <line num="23" count="1" type="stmt"/>
        <line num="25" count="1" type="stmt"/>
      </file>
      <file name="medicineListReducer.js" path="/home/nineleaps/Desktop/MedStick_FE/src/redux/reducers/userMedicine/medicineListReducer.js">
        <metrics statements="8" coveredstatements="8" conditionals="6" coveredconditionals="6" methods="1" coveredmethods="1"/>
        <line num="8" count="1" type="stmt"/>
        <line num="14" count="1" type="cond" truecount="1" falsecount="0"/>
        <line num="15" count="5" type="cond" truecount="5" falsecount="0"/>
        <line num="17" count="1" type="stmt"/>
        <line num="19" count="1" type="stmt"/>
        <line num="21" count="1" type="stmt"/>
        <line num="23" count="1" type="stmt"/>
        <line num="25" count="1" type="stmt"/>
      </file>
      <file name="searchMedicineReducer.js" path="/home/nineleaps/Desktop/MedStick_FE/src/redux/reducers/userMedicine/searchMedicineReducer.js">
        <metrics statements="8" coveredstatements="8" conditionals="6" coveredconditionals="6" methods="1" coveredmethods="1"/>
        <line num="8" count="1" type="stmt"/>
        <line num="14" count="1" type="cond" truecount="1" falsecount="0"/>
        <line num="15" count="5" type="cond" truecount="5" falsecount="0"/>
        <line num="17" count="1" type="stmt"/>
        <line num="19" count="1" type="stmt"/>
        <line num="27" count="1" type="stmt"/>
        <line num="30" count="1" type="stmt"/>
        <line num="33" count="1" type="stmt"/>
      </file>
      <file name="syncDataReducer.js" path="/home/nineleaps/Desktop/MedStick_FE/src/redux/reducers/userMedicine/syncDataReducer.js">
        <metrics statements="8" coveredstatements="8" conditionals="6" coveredconditionals="6" methods="1" coveredmethods="1"/>
        <line num="8" count="1" type="stmt"/>
        <line num="14" count="1" type="cond" truecount="1" falsecount="0"/>
        <line num="15" count="5" type="cond" truecount="5" falsecount="0"/>
        <line num="17" count="1" type="stmt"/>
        <line num="19" count="1" type="stmt"/>
        <line num="21" count="1" type="stmt"/>
        <line num="23" count="1" type="stmt"/>
        <line num="25" count="1" type="stmt"/>
      </file>
      <file name="syncHistoryDetailsReducer.js" path="/home/nineleaps/Desktop/MedStick_FE/src/redux/reducers/userMedicine/syncHistoryDetailsReducer.js">
        <metrics statements="8" coveredstatements="8" conditionals="6" coveredconditionals="6" methods="1" coveredmethods="1"/>
        <line num="8" count="1" type="stmt"/>
        <line num="14" count="1" type="cond" truecount="1" falsecount="0"/>
        <line num="15" count="5" type="cond" truecount="5" falsecount="0"/>
        <line num="17" count="1" type="stmt"/>
        <line num="19" count="1" type="stmt"/>
        <line num="21" count="1" type="stmt"/>
        <line num="23" count="1" type="stmt"/>
        <line num="25" count="1" type="stmt"/>
      </file>
    </package>
    <package name="redux.sagas.caretaker">
      <metrics statements="20" coveredstatements="20" conditionals="0" coveredconditionals="0" methods="8" coveredmethods="8"/>
      <file name="acceptCaretakerReqSaga.js" path="/home/nineleaps/Desktop/MedStick_FE/src/redux/sagas/caretaker/acceptCaretakerReqSaga.js">
        <metrics statements="5" coveredstatements="5" conditionals="0" coveredconditionals="0" methods="2" coveredmethods="2"/>
        <line num="10" count="2" type="stmt"/>
        <line num="11" count="2" type="stmt"/>
        <line num="12" count="1" type="stmt"/>
        <line num="14" count="1" type="stmt"/>
        <line num="19" count="1" type="stmt"/>
      </file>
[...]
        <line num="106" count="0" type="stmt"/>
        <line num="107" count="0" type="cond" truecount="0" falsecount="4"/>
        <line num="108" count="0" type="stmt"/>
        <line num="109" count="0" type="stmt"/>
        <line num="114" count="2" type="stmt"/>
        <line num="115" count="0" type="stmt"/>
        <line num="117" count="0" type="stmt"/>
        <line num="118" count="0" type="stmt"/>
        <line num="119" count="0" type="stmt"/>
        <line num="120" count="0" type="stmt"/>
        <line num="121" count="0" type="stmt"/>
        <line num="122" count="0" type="stmt"/>
        <line num="127" count="2" type="stmt"/>
        <line num="128" count="0" type="stmt"/>
        <line num="130" count="0" type="stmt"/>
        <line num="131" count="0" type="stmt"/>
        <line num="132" count="0" type="stmt"/>
        <line num="133" count="0" type="stmt"/>
        <line num="134" count="0" type="stmt"/>
        <line num="135" count="0" type="stmt"/>
        <line num="140" count="2" type="stmt"/>
        <line num="141" count="0" type="stmt"/>
        <line num="149" count="0" type="stmt"/>
        <line num="150" count="0" type="stmt"/>
        <line num="173" count="0" type="stmt"/>
        <line num="183" count="0" type="stmt"/>
        <line num="196" count="2" type="stmt"/>
        <line num="201" count="0" type="stmt"/>
        <line num="222" count="0" type="stmt"/>
        <line num="225" count="0" type="cond" truecount="0" falsecount="2"/>
        <line num="226" count="0" type="cond" truecount="0" falsecount="2"/>
        <line num="227" count="0" type="stmt"/>
        <line num="231" count="0" type="stmt"/>
        <line num="235" count="0" type="stmt"/>
        <line num="236" count="0" type="stmt"/>
        <line num="237" count="0" type="stmt"/>
        <line num="238" count="0" type="stmt"/>
        <line num="239" count="0" type="stmt"/>
        <line num="240" count="0" type="stmt"/>
      </file>
    </package>
    <package name="screens.userScreens.reminder">
      <metrics statements="260" coveredstatements="59" conditionals="182" coveredconditionals="49" methods="38" coveredmethods="9"/>
      <file name="reminder.js" path="/home/nineleaps/Desktop/MedStick_FE/src/screens/userScreens/reminder/reminder.js">
        <metrics statements="259" coveredstatements="58" conditionals="182" coveredconditionals="49" methods="38" coveredmethods="9"/>
        <line num="29" count="1" type="stmt"/>
        <line num="30" count="27" type="stmt"/>
        <line num="31" count="27" type="stmt"/>
        <line num="33" count="27" type="stmt"/>
        <line num="34" count="27" type="stmt"/>
        <line num="35" count="27" type="stmt"/>
        <line num="36" count="27" type="stmt"/>
        <line num="37" count="27" type="stmt"/>
        <line num="40" count="27" type="stmt"/>
        <line num="47" count="27" type="stmt"/>
        <line num="50" count="27" type="stmt"/>
        <line num="53" count="27" type="stmt"/>
        <line num="56" count="27" type="stmt"/>
        <line num="57" count="27" type="stmt"/>
        <line num="58" count="27" type="stmt"/>
        <line num="59" count="27" type="stmt"/>
        <line num="60" count="27" type="stmt"/>
        <line num="61" count="27" type="stmt"/>
        <line num="62" count="27" type="stmt"/>
        <line num="63" count="27" type="stmt"/>
        <line num="64" count="27" type="stmt"/>
        <line num="65" count="27" type="stmt"/>
        <line num="66" count="27" type="stmt"/>
        <line num="67" count="27" type="stmt"/>
        <line num="68" count="27" type="stmt"/>
        <line num="71" count="27" type="stmt"/>
        <line num="74" count="27" type="stmt"/>
        <line num="75" count="27" type="stmt"/>
        <line num="76" count="27" type="stmt"/>
        <line num="77" count="27" type="stmt"/>
        <line num="78" count="27" type="stmt"/>
        <line num="91" count="27" type="stmt"/>
        <line num="97" count="27" type="stmt"/>
        <line num="98" count="0" type="cond" truecount="0" falsecount="2"/>
        <line num="99" count="0" type="cond" truecount="0" falsecount="2"/>
        <line num="100" count="0" type="stmt"/>
        <line num="101" count="0" type="cond" truecount="0" falsecount="2"/>
        <line num="102" count="0" type="stmt"/>
        <line num="105" count="0" type="cond" truecount="0" falsecount="2"/>
        <line num="106" count="0" type="stmt"/>
        <line num="108" count="0" type="stmt"/>
        <line num="109" count="0" type="cond" truecount="0" falsecount="2"/>
        <line num="110" count="0" type="stmt"/>
        <line num="111" count="0" type="stmt"/>
        <line num="112" count="0" type="cond" truecount="0" falsecount="2"/>
        <line num="113" count="0" type="stmt"/>
        <line num="114" count="0" type="stmt"/>
        <line num="115" count="0" type="cond" truecount="0" falsecount="2"/>
        <line num="116" count="0" type="stmt"/>
        <line num="117" count="0" type="stmt"/>
        <line num="122" count="0" type="stmt"/>
        <line num="125" count="27" type="stmt"/>
        <line num="126" count="0" type="stmt"/>
        <line num="131" count="0" type="stmt"/>
        <line num="132" count="0" type="stmt"/>
        <line num="141" count="27" type="stmt"/>
        <line num="142" count="0" type="stmt"/>
        <line num="144" count="27" type="stmt"/>
        <line num="145" count="0" type="stmt"/>
        <line num="148" count="27" type="stmt"/>
        <line num="149" count="0" type="stmt"/>
        <line num="151" count="27" type="stmt"/>
        <line num="152" count="0" type="stmt"/>
        <line num="155" count="27" type="stmt"/>
        <line num="162" count="0" type="stmt"/>
        <line num="164" count="0" type="stmt"/>
        <line num="168" count="0" type="stmt"/>
        <line num="170" count="0" type="stmt"/>
        <line num="172" count="0" type="stmt"/>
        <line num="173" count="0" type="cond" truecount="0" falsecount="2"/>
        <line num="174" count="0" type="stmt"/>
        <line num="177" count="0" type="stmt"/>
        <line num="178" count="0" type="stmt"/>
        <line num="180" count="0" type="stmt"/>
        <line num="186" count="0" type="stmt"/>
        <line num="187" count="0" type="cond" truecount="0" falsecount="2"/>
        <line num="188" count="0" type="stmt"/>
        <line num="189" count="0" type="stmt"/>
        <line num="199" count="0" type="stmt"/>
        <line num="200" count="0" type="stmt"/>
        <line num="214" count="0" type="cond" truecount="0" falsecount="2"/>
        <line num="215" count="0" type="stmt"/>
        <line num="216" count="0" type="stmt"/>
        <line num="218" count="0" type="stmt"/>
        <line num="219" count="0" type="stmt"/>
        <line num="229" count="27" type="stmt"/>
        <line num="230" count="0" type="stmt"/>
        <line num="231" count="0" type="stmt"/>
        <line num="234" count="27" type="stmt"/>
        <line num="235" count="0" type="stmt"/>
        <line num="236" count="0" type="cond" truecount="0" falsecount="2"/>
        <line num="237" count="0" type="stmt"/>
        <line num="238" count="0" type="cond" truecount="0" falsecount="2"/>
        <line num="239" count="0" type="stmt"/>
        <line num="242" count="0" type="stmt"/>
        <line num="243" count="0" type="stmt"/>
        <line num="246" count="0" type="cond" truecount="0" falsecount="4"/>
        <line num="247" count="0" type="stmt"/>
        <line num="248" count="0" type="cond" truecount="0" falsecount="2"/>
        <line num="249" count="0" type="stmt"/>
        <line num="252" count="0" type="stmt"/>
        <line num="253" count="0" type="stmt"/>
        <line num="256" count="0" type="stmt"/>
        <line num="263" count="0" type="stmt"/>
        <line num="267" count="0" type="cond" truecount="0" falsecount="2"/>
        <line num="268" count="0" type="stmt"/>
        <line num="270" count="0" type="cond" truecount="0" falsecount="2"/>
        <line num="271" count="0" type="stmt"/>
        <line num="273" count="0" type="cond" truecount="0" falsecount="2"/>
        <line num="274" count="0" type="stmt"/>
        <line num="278" count="27" type="stmt"/>
        <line num="291" count="0" type="cond" truecount="0" falsecount="2"/>
        <line num="295" count="0" type="stmt"/>
        <line num="296" count="0" type="stmt"/>
        <line num="297" count="0" type="cond" truecount="0" falsecount="2"/>
        <line num="298" count="0" type="stmt"/>
        <line num="299" count="0" type="stmt"/>
        <line num="300" count="0" type="cond" truecount="0" falsecount="2"/>
        <line num="301" count="0" type="stmt"/>
        <line num="302" count="0" type="stmt"/>
        <line num="303" count="0" type="cond" truecount="0" falsecount="2"/>
        <line num="304" count="0" type="stmt"/>
        <line num="305" count="0" type="stmt"/>
        <line num="306" count="0" type="cond" truecount="0" falsecount="4"/>
        <line num="307" count="0" type="stmt"/>
        <line num="308" count="0" type="stmt"/>
        <line num="309" count="0" type="cond" truecount="0" falsecount="2"/>
        <line num="314" count="0" type="stmt"/>
        <line num="315" count="0" type="stmt"/>
        <line num="316" count="0" type="cond" truecount="0" falsecount="2"/>
        <line num="317" count="0" type="stmt"/>
        <line num="318" count="0" type="stmt"/>
        <line num="320" count="0" type="cond" truecount="0" falsecount="2"/>
        <line num="322" count="0" type="stmt"/>
        <line num="323" count="0" type="cond" truecount="0" falsecount="4"/>
        <line num="325" count="0" type="stmt"/>
        <line num="326" count="0" type="stmt"/>
        <line num="329" count="0" type="stmt"/>
        <line num="330" count="0" type="cond" truecount="0" falsecount="2"/>
        <line num="332" count="0" type="stmt"/>
        <line num="333" count="0" type="stmt"/>
        <line num="336" count="0" type="cond" truecount="0" falsecount="2"/>
        <line num="338" count="0" type="stmt"/>
        <line num="339" count="0" type="stmt"/>
        <line num="346" count="0" type="stmt"/>
        <line num="347" count="0" type="stmt"/>
        <line num="348" count="0" type="stmt"/>
        <line num="349" count="0" type="stmt"/>
        <line num="350" count="0" type="cond" truecount="0" falsecount="4"/>
        <line num="351" count="0" type="cond" truecount="0" falsecount="2"/>
        <line num="352" count="0" type="stmt"/>
        <line num="354" count="0" type="stmt"/>
        <line num="356" count="0" type="cond" truecount="0" falsecount="2"/>
        <line num="357" count="0" type="stmt"/>
        <line num="359" count="0" type="stmt"/>
        <line num="361" count="0" type="cond" truecount="0" falsecount="4"/>
        <line num="362" count="0" type="stmt"/>
        <line num="363" count="0" type="cond" truecount="0" falsecount="2"/>
        <line num="364" count="0" type="stmt"/>
        <line num="366" count="0" type="stmt"/>
        <line num="368" count="0" type="cond" truecount="0" falsecount="2"/>
        <line num="369" count="0" type="stmt"/>
        <line num="371" count="0" type="stmt"/>
        <line num="373" count="0" type="cond" truecount="0" falsecount="4"/>
        <line num="374" count="0" type="stmt"/>
        <line num="375" count="0" type="cond" truecount="0" falsecount="2"/>
        <line num="376" count="0" type="stmt"/>
        <line num="378" count="0" type="stmt"/>
        <line num="380" count="0" type="cond" truecount="0" falsecount="2"/>
        <line num="381" count="0" type="stmt"/>
        <line num="383" count="0" type="stmt"/>
        <line num="388" count="0" type="cond" truecount="0" falsecount="2"/>
        <line num="389" count="0" type="stmt"/>
        <line num="393" count="0" type="stmt"/>
        <line num="395" count="0" type="stmt"/>
        <line num="396" count="0" type="cond" truecount="0" falsecount="2"/>
        <line num="397" count="0" type="cond" truecount="0" falsecount="2"/>
        <line num="398" count="0" type="stmt"/>
        <line num="399" count="0" type="stmt"/>
        <line num="400" count="0" type="stmt"/>
        <line num="402" count="0" type="stmt"/>
        <line num="403" count="0" type="cond" truecount="0" falsecount="2"/>
        <line num="404" count="0" type="stmt"/>
        <line num="406" count="0" type="stmt"/>
        <line num="409" count="0" type="cond" truecount="0" falsecount="2"/>
        <line num="410" count="0" type="stmt"/>
        <line num="411" count="0" type="stmt"/>
        <line num="414" count="0" type="stmt"/>
        <line num="415" count="0" type="stmt"/>
        <line num="417" count="0" type="stmt"/>
        <line num="419" count="0" type="cond" truecount="0" falsecount="2"/>
        <line num="420" count="0" type="stmt"/>
        <line num="423" count="0" type="stmt"/>
        <line num="425" count="0" type="cond" truecount="0" falsecount="2"/>
        <line num="428" count="0" type="stmt"/>
        <line num="429" count="0" type="stmt"/>
        <line num="433" count="0" type="stmt"/>
        <line num="434" count="0" type="stmt"/>
        <line num="435" count="0" type="stmt"/>
        <line num="436" count="0" type="stmt"/>
        <line num="437" count="0" type="stmt"/>
        <line num="438" count="0" type="stmt"/>
        <line num="439" count="0" type="stmt"/>
        <line num="440" count="0" type="stmt"/>
        <line num="441" count="0" type="stmt"/>
        <line num="442" count="0" type="stmt"/>
        <line num="444" count="0" type="stmt"/>
        <line num="446" count="0" type="cond" truecount="0" falsecount="2"/>
        <line num="447" count="0" type="stmt"/>
        <line num="448" count="0" type="stmt"/>
        <line num="449" count="0" type="cond" truecount="0" falsecount="2"/>
        <line num="450" count="0" type="stmt"/>
        <line num="455" count="0" type="stmt"/>
        <line num="457" count="0" type="stmt"/>
        <line num="459" count="0" type="stmt"/>
        <line num="461" count="0" type="stmt"/>
        <line num="463" count="0" type="stmt"/>
        <line num="464" count="0" type="stmt"/>
        <line num="465" count="0" type="cond" truecount="0" falsecount="2"/>
        <line num="466" count="0" type="cond" truecount="0" falsecount="2"/>
        <line num="467" count="0" type="stmt"/>
        <line num="469" count="0" type="stmt"/>
        <line num="470" count="0" type="stmt"/>
        <line num="475" count="0" type="stmt"/>
        <line num="476" count="0" type="stmt"/>
        <line num="479" count="0" type="stmt"/>
        <line num="484" count="0" type="stmt"/>
        <line num="485" count="0" type="stmt"/>
        <line num="489" count="0" type="stmt"/>
        <line num="490" count="0" type="stmt"/>
        <line num="498" count="27" type="stmt"/>
        <line num="506" count="2" type="stmt"/>
        <line num="535" count="1" type="stmt"/>
        <line num="586" count="0" type="stmt"/>
        <line num="607" count="0" type="stmt"/>
        <line num="622" count="1" type="stmt"/>
        <line num="651" count="1" type="stmt"/>
        <line num="652" count="1" type="stmt"/>
        <line num="668" count="0" type="stmt"/>
        <line num="669" count="0" type="stmt"/>
        <line num="693" count="1" type="stmt"/>
        <line num="694" count="1" type="stmt"/>
        <line num="710" count="0" type="stmt"/>
        <line num="711" count="0" type="stmt"/>
        <line num="734" count="1" type="stmt"/>
        <line num="735" count="1" type="stmt"/>
        <line num="751" count="0" type="stmt"/>
        <line num="752" count="0" type="stmt"/>
        <line num="782" count="1" type="stmt"/>
        <line num="783" count="1" type="stmt"/>
        <line num="784" count="1" type="stmt"/>
        <line num="806" count="1" type="stmt"/>
        <line num="807" count="1" type="stmt"/>
        <line num="808" count="1" type="stmt"/>
        <line num="832" count="0" type="stmt"/>
        <line num="833" count="0" type="stmt"/>
        <line num="843" count="0" type="stmt"/>
        <line num="844" count="0" type="stmt"/>
        <line num="907" count="0" type="stmt"/>
      </file>
      <file name="reminderStyles.js" path="/home/nineleaps/Desktop/MedStick_FE/src/screens/userScreens/reminder/reminderStyles.js">
        <metrics statements="1" coveredstatements="1" conditionals="0" coveredconditionals="0" methods="0" coveredmethods="0"/>
        <line num="4" count="1" type="stmt"/>
      </file>
    </package>
    <package name="screens.userScreens.reminder.pushNotification">
      <metrics statements="3" coveredstatements="3" conditionals="0" coveredconditionals="0" methods="0" coveredmethods="0"/>
      <file name="timeData.js" path="/home/nineleaps/Desktop/MedStick_FE/src/screens/userScreens/reminder/pushNotification/timeData.js">
        <metrics statements="3" coveredstatements="3" conditionals="0" coveredconditionals="0" methods="0" coveredmethods="0"/>
        <line num="1" count="1" type="stmt"/>
        <line num="17" count="1" type="stmt"/>
        <line num="32" count="1" type="stmt"/>
      </file>
    </package>
    <package name="styles.careTakerStyles">
      <metrics statements="1" coveredstatements="1" conditionals="0" coveredconditionals="0" methods="0" coveredmethods="0"/>
      <file name="careTakerRequestStyles.js" path="/home/nineleaps/Desktop/MedStick_FE/src/styles/careTakerStyles/careTakerRequestStyles.js">
        <metrics statements="1" coveredstatements="1" conditionals="0" coveredconditionals="0" methods="0" coveredmethods="0"/>
        <line num="4" count="1" type="stmt"/>
      </file>
    </package>
    <package name="styles.homeScreenStyles">
      <metrics statements="1" coveredstatements="1" conditionals="0" coveredconditionals="0" methods="0" coveredmethods="0"/>
      <file name="subHeaderStyles.js" path="/home/nineleaps/Desktop/MedStick_FE/src/styles/homeScreenStyles/subHeaderStyles.js">
        <metrics statements="1" coveredstatements="1" conditionals="0" coveredconditionals="0" methods="0" coveredmethods="0"/>
        <line num="5" count="1" type="stmt"/>
      </file>
    </package>
    <package name="utils">
      <metrics statements="28" coveredstatements="6" conditionals="0" coveredconditionals="0" methods="6" coveredmethods="0"/>
      <file name="storage.js" path="/home/nineleaps/Desktop/MedStick_FE/src/utils/storage.js">
        <metrics statements="28" coveredstatements="6" conditionals="0" coveredconditionals="0" methods="6" coveredmethods="0"/>
        <line num="3" count="1" type="stmt"/>
        <line num="4" count="0" type="stmt"/>
        <line num="5" count="0" type="stmt"/>
        <line num="6" count="0" type="stmt"/>
        <line num="8" count="0" type="stmt"/>
        <line num="12" count="1" type="stmt"/>
        <line num="13" count="0" type="stmt"/>
        <line num="14" count="0" type="stmt"/>
        <line num="15" count="0" type="stmt"/>
        <line num="17" count="0" type="stmt"/>
        <line num="21" count="1" type="stmt"/>
        <line num="22" count="0" type="stmt"/>
        <line num="23" count="0" type="stmt"/>
        <line num="25" count="0" type="stmt"/>
        <line num="29" count="1" type="stmt"/>
        <line num="30" count="0" type="stmt"/>
        <line num="31" count="0" type="stmt"/>
        <line num="32" count="0" type="stmt"/>
        <line num="34" count="0" type="stmt"/>
        <line num="38" count="1" type="stmt"/>
        <line num="39" count="0" type="stmt"/>
        <line num="40" count="0" type="stmt"/>
        <line num="41" count="0" type="stmt"/>
        <line num="43" count="0" type="stmt"/>
        <line num="47" count="1" type="stmt"/>
        <line num="48" count="0" type="stmt"/>
        <line num="49" count="0" type="stmt"/>
        <line num="51" count="0" type="stmt"/>
      </file>
    </package>
  </project>
</coverage>
