{"/home/nineleaps/Desktop/MedStick_FE/src/components/atoms/addAppointment.js": {"path":"/home/nineleaps/Desktop/MedStick_FE/src/components/atoms/addAppointment.js","statementMap":{"0":{"start":{"line":7,"column":23},"end":{"line":27,"column":1}},"1":{"start":{"line":8,"column":20},"end":{"line":10,"column":3}},"2":{"start":{"line":9,"column":4},"end":{"line":9,"column":67}},"3":{"start":{"line":12,"column":2},"end":{"line":26,"column":4}},"4":{"start":{"line":17,"column":10},"end":{"line":21,"column":11}},"5":{"start":{"line":18,"column":12},"end":{"line":18,"column":77}},"6":{"start":{"line":20,"column":12},"end":{"line":20,"column":24}}},"fnMap":{"0":{"name":"(anonymous_0)","decl":{"start":{"line":7,"column":23},"end":{"line":7,"column":24}},"loc":{"start":{"line":7,"column":68},"end":{"line":27,"column":1}},"line":7},"1":{"name":"(anonymous_1)","decl":{"start":{"line":8,"column":20},"end":{"line":8,"column":21}},"loc":{"start":{"line":8,"column":26},"end":{"line":10,"column":3}},"line":8},"2":{"name":"(anonymous_2)","decl":{"start":{"line":16,"column":17},"end":{"line":16,"column":18}},"loc":{"start":{"line":16,"column":23},"end":{"line":22,"column":9}},"line":16}},"branchMap":{"0":{"loc":{"start":{"line":17,"column":10},"end":{"line":21,"column":11}},"type":"if","locations":[{"start":{"line":17,"column":10},"end":{"line":21,"column":11}},{"start":{"line":19,"column":17},"end":{"line":21,"column":11}}],"line":17},"1":{"loc":{"start":{"line":17,"column":14},"end":{"line":17,"column":68}},"type":"binary-expr","locations":[{"start":{"line":17,"column":14},"end":{"line":17,"column":37}},{"start":{"line":17,"column":41},"end":{"line":17,"column":68}}],"line":17}},"s":{"0":1,"1":0,"2":0,"3":0,"4":0,"5":0,"6":0},"f":{"0":0,"1":0,"2":0},"b":{"0":[0,0],"1":[0,0]},"_coverageSchema":"1a1c01bbd47fc00a2c39e90264f33305004495a9","hash":"2bc09930c74b5d03b81d6c9eee213af27c34607b"}
,"/home/nineleaps/Desktop/MedStick_FE/src/components/atoms/colorPalette.js": {"path":"/home/nineleaps/Desktop/MedStick_FE/src/components/atoms/colorPalette.js","statementMap":{"0":{"start":{"line":1,"column":28},"end":{"line":24,"column":1}}},"fnMap":{},"branchMap":{},"s":{"0":2},"f":{},"b":{},"_coverageSchema":"1a1c01bbd47fc00a2c39e90264f33305004495a9","hash":"867bdd6216ed4e13b80474cfb82fef1e6d585d83"}
,"/home/nineleaps/Desktop/MedStick_FE/src/components/atoms/constant.js": {"path":"/home/nineleaps/Desktop/MedStick_FE/src/components/atoms/constant.js","statementMap":{"0":{"start":{"line":3,"column":27},"end":{"line":3,"column":57}},"1":{"start":{"line":4,"column":28},"end":{"line":4,"column":59}},"2":{"start":{"line":6,"column":27},"end":{"line":6,"column":30}},"3":{"start":{"line":7,"column":28},"end":{"line":7,"column":31}},"4":{"start":{"line":8,"column":14},"end":{"line":8,"column":63}},"5":{"start":{"line":8,"column":22},"end":{"line":8,"column":63}},"6":{"start":{"line":9,"column":29},"end":{"line":10,"column":45}},"7":{"start":{"line":10,"column":2},"end":{"line":10,"column":45}},"8":{"start":{"line":11,"column":31},"end":{"line":12,"column":43}},"9":{"start":{"line":12,"column":2},"end":{"line":12,"column":43}},"10":{"start":{"line":13,"column":29},"end":{"line":14,"column":38}},"11":{"start":{"line":14,"column":2},"end":{"line":14,"column":38}}},"fnMap":{"0":{"name":"(anonymous_0)","decl":{"start":{"line":8,"column":14},"end":{"line":8,"column":15}},"loc":{"start":{"line":8,"column":22},"end":{"line":8,"column":63}},"line":8},"1":{"name":"(anonymous_1)","decl":{"start":{"line":9,"column":29},"end":{"line":9,"column":30}},"loc":{"start":{"line":10,"column":2},"end":{"line":10,"column":45}},"line":10},"2":{"name":"(anonymous_2)","decl":{"start":{"line":11,"column":31},"end":{"line":11,"column":32}},"loc":{"start":{"line":12,"column":2},"end":{"line":12,"column":43}},"line":12},"3":{"name":"(anonymous_3)","decl":{"start":{"line":13,"column":29},"end":{"line":13,"column":30}},"loc":{"start":{"line":14,"column":2},"end":{"line":14,"column":38}},"line":14}},"branchMap":{"0":{"loc":{"start":{"line":13,"column":36},"end":{"line":13,"column":48}},"type":"default-arg","locations":[{"start":{"line":13,"column":45},"end":{"line":13,"column":48}}],"line":13}},"s":{"0":1,"1":1,"2":1,"3":1,"4":1,"5":0,"6":1,"7":1,"8":1,"9":6,"10":1,"11":0},"f":{"0":0,"1":1,"2":6,"3":0},"b":{"0":[0]},"_coverageSchema":"1a1c01bbd47fc00a2c39e90264f33305004495a9","hash":"4204c17f5bc9be19dc680b0cf07aaa3ada0fd838"}
,"/home/nineleaps/Desktop/MedStick_FE/src/components/atoms/customAlert.js": {"path":"/home/nineleaps/Desktop/MedStick_FE/src/components/atoms/customAlert.js","statementMap":{"0":{"start":{"line":3,"column":27},"end":{"line":14,"column":1}},"1":{"start":{"line":4,"column":2},"end":{"line":13,"column":4}}},"fnMap":{"0":{"name":"(anonymous_0)","decl":{"start":{"line":3,"column":27},"end":{"line":3,"column":28}},"loc":{"start":{"line":3,"column":56},"end":{"line":14,"column":1}},"line":3}},"branchMap":{},"s":{"0":1,"1":0},"f":{"0":0},"b":{},"_coverageSchema":"1a1c01bbd47fc00a2c39e90264f33305004495a9","hash":"bf27ad538f420b5ca0d87a06a25f726de77d4843"}
,"/home/nineleaps/Desktop/MedStick_FE/src/components/atoms/customImage.js": {"path":"/home/nineleaps/Desktop/MedStick_FE/src/components/atoms/customImage.js","statementMap":{"0":{"start":{"line":4,"column":20},"end":{"line":12,"column":1}},"1":{"start":{"line":5,"column":2},"end":{"line":11,"column":4}}},"fnMap":{"0":{"name":"(anonymous_0)","decl":{"start":{"line":4,"column":20},"end":{"line":4,"column":21}},"loc":{"start":{"line":4,"column":29},"end":{"line":12,"column":1}},"line":4}},"branchMap":{},"s":{"0":1,"1":0},"f":{"0":0},"b":{},"_coverageSchema":"1a1c01bbd47fc00a2c39e90264f33305004495a9","hash":"bf918556b1489b5b10a53ca2142ec15b6297952a"}
,"/home/nineleaps/Desktop/MedStick_FE/src/components/atoms/customToast.js": {"path":"/home/nineleaps/Desktop/MedStick_FE/src/components/atoms/customToast.js","statementMap":{"0":{"start":{"line":3,"column":28},"end":{"line":10,"column":1}},"1":{"start":{"line":4,"column":2},"end":{"line":9,"column":5}},"2":{"start":{"line":12,"column":26},"end":{"line":19,"column":1}},"3":{"start":{"line":13,"column":2},"end":{"line":18,"column":5}},"4":{"start":{"line":21,"column":25},"end":{"line":28,"column":1}},"5":{"start":{"line":22,"column":2},"end":{"line":27,"column":5}}},"fnMap":{"0":{"name":"(anonymous_0)","decl":{"start":{"line":3,"column":28},"end":{"line":3,"column":29}},"loc":{"start":{"line":3,"column":58},"end":{"line":10,"column":1}},"line":3},"1":{"name":"(anonymous_1)","decl":{"start":{"line":12,"column":26},"end":{"line":12,"column":27}},"loc":{"start":{"line":12,"column":56},"end":{"line":19,"column":1}},"line":12},"2":{"name":"(anonymous_2)","decl":{"start":{"line":21,"column":25},"end":{"line":21,"column":26}},"loc":{"start":{"line":21,"column":55},"end":{"line":28,"column":1}},"line":21}},"branchMap":{},"s":{"0":2,"1":0,"2":2,"3":0,"4":2,"5":0},"f":{"0":0,"1":0,"2":0},"b":{},"_coverageSchema":"1a1c01bbd47fc00a2c39e90264f33305004495a9","hash":"8d928a4707b708765d681b2374be592d2a5156b6"}
,"/home/nineleaps/Desktop/MedStick_FE/src/components/atoms/customTooltip.js": {"path":"/home/nineleaps/Desktop/MedStick_FE/src/components/atoms/customTooltip.js","statementMap":{"0":{"start":{"line":4,"column":22},"end":{"line":26,"column":1}},"1":{"start":{"line":14,"column":2},"end":{"line":25,"column":4}}},"fnMap":{"0":{"name":"(anonymous_0)","decl":{"start":{"line":4,"column":22},"end":{"line":4,"column":23}},"loc":{"start":{"line":13,"column":6},"end":{"line":26,"column":1}},"line":13}},"branchMap":{},"s":{"0":1,"1":0},"f":{"0":0},"b":{},"_coverageSchema":"1a1c01bbd47fc00a2c39e90264f33305004495a9","hash":"952f05d0c46c551618b1dc1653b217501cd89268"}
,"/home/nineleaps/Desktop/MedStick_FE/src/components/atoms/deletePrescription.js": {"path":"/home/nineleaps/Desktop/MedStick_FE/src/components/atoms/deletePrescription.js","statementMap":{"0":{"start":{"line":14,"column":27},"end":{"line":115,"column":1}},"1":{"start":{"line":21,"column":20},"end":{"line":30,"column":3}},"2":{"start":{"line":22,"column":4},"end":{"line":29,"column":7}},"3":{"start":{"line":26,"column":8},"end":{"line":26,"column":30}},"4":{"start":{"line":27,"column":8},"end":{"line":27,"column":28}},"5":{"start":{"line":32,"column":18},"end":{"line":40,"column":3}},"6":{"start":{"line":33,"column":4},"end":{"line":39,"column":7}},"7":{"start":{"line":34,"column":6},"end":{"line":38,"column":7}},"8":{"start":{"line":35,"column":8},"end":{"line":35,"column":34}},"9":{"start":{"line":36,"column":8},"end":{"line":36,"column":30}},"10":{"start":{"line":37,"column":8},"end":{"line":37,"column":28}},"11":{"start":{"line":41,"column":29},"end":{"line":103,"column":3}},"12":{"start":{"line":42,"column":4},"end":{"line":102,"column":7}},"13":{"start":{"line":43,"column":20},"end":{"line":43,"column":21}},"14":{"start":{"line":44,"column":6},"end":{"line":101,"column":7}},"15":{"start":{"line":45,"column":8},"end":{"line":49,"column":11}},"16":{"start":{"line":46,"column":10},"end":{"line":48,"column":11}},"17":{"start":{"line":47,"column":12},"end":{"line":47,"column":25}},"18":{"start":{"line":50,"column":8},"end":{"line":76,"column":9}},"19":{"start":{"line":51,"column":10},"end":{"line":51,"column":22}},"20":{"start":{"line":52,"column":10},"end":{"line":52,"column":17}},"21":{"start":{"line":54,"column":10},"end":{"line":75,"column":13}},"22":{"start":{"line":58,"column":16},"end":{"line":65,"column":19}},"23":{"start":{"line":59,"column":29},"end":{"line":59,"column":33}},"24":{"start":{"line":60,"column":26},"end":{"line":60,"column":65}},"25":{"start":{"line":60,"column":31},"end":{"line":60,"column":65}},"26":{"start":{"line":61,"column":30},"end":{"line":61,"column":47}},"27":{"start":{"line":62,"column":18},"end":{"line":62,"column":40}},"28":{"start":{"line":63,"column":18},"end":{"line":63,"column":41}},"29":{"start":{"line":64,"column":18},"end":{"line":64,"column":28}},"30":{"start":{"line":71,"column":16},"end":{"line":71,"column":38}},"31":{"start":{"line":72,"column":16},"end":{"line":72,"column":36}},"32":{"start":{"line":78,"column":8},"end":{"line":100,"column":11}},"33":{"start":{"line":82,"column":14},"end":{"line":90,"column":17}},"34":{"start":{"line":84,"column":27},"end":{"line":84,"column":31}},"35":{"start":{"line":85,"column":24},"end":{"line":85,"column":63}},"36":{"start":{"line":85,"column":29},"end":{"line":85,"column":63}},"37":{"start":{"line":86,"column":28},"end":{"line":86,"column":45}},"38":{"start":{"line":87,"column":16},"end":{"line":87,"column":38}},"39":{"start":{"line":88,"column":16},"end":{"line":88,"column":39}},"40":{"start":{"line":89,"column":16},"end":{"line":89,"column":26}},"41":{"start":{"line":96,"column":14},"end":{"line":96,"column":36}},"42":{"start":{"line":97,"column":14},"end":{"line":97,"column":34}},"43":{"start":{"line":105,"column":2},"end":{"line":114,"column":11}},"44":{"start":{"line":109,"column":23},"end":{"line":109,"column":57}}},"fnMap":{"0":{"name":"(anonymous_0)","decl":{"start":{"line":14,"column":27},"end":{"line":14,"column":28}},"loc":{"start":{"line":20,"column":6},"end":{"line":115,"column":1}},"line":20},"1":{"name":"(anonymous_1)","decl":{"start":{"line":21,"column":20},"end":{"line":21,"column":21}},"loc":{"start":{"line":21,"column":26},"end":{"line":30,"column":3}},"line":21},"2":{"name":"(anonymous_2)","decl":{"start":{"line":25,"column":15},"end":{"line":25,"column":16}},"loc":{"start":{"line":25,"column":21},"end":{"line":28,"column":7}},"line":25},"3":{"name":"(anonymous_3)","decl":{"start":{"line":32,"column":18},"end":{"line":32,"column":19}},"loc":{"start":{"line":32,"column":24},"end":{"line":40,"column":3}},"line":32},"4":{"name":"(anonymous_4)","decl":{"start":{"line":33,"column":27},"end":{"line":33,"column":28}},"loc":{"start":{"line":33,"column":35},"end":{"line":39,"column":5}},"line":33},"5":{"name":"(anonymous_5)","decl":{"start":{"line":41,"column":29},"end":{"line":41,"column":30}},"loc":{"start":{"line":41,"column":47},"end":{"line":103,"column":3}},"line":41},"6":{"name":"(anonymous_6)","decl":{"start":{"line":42,"column":23},"end":{"line":42,"column":24}},"loc":{"start":{"line":42,"column":31},"end":{"line":102,"column":5}},"line":42},"7":{"name":"(anonymous_7)","decl":{"start":{"line":45,"column":17},"end":{"line":45,"column":18}},"loc":{"start":{"line":45,"column":25},"end":{"line":49,"column":9}},"line":45},"8":{"name":"(anonymous_8)","decl":{"start":{"line":57,"column":23},"end":{"line":57,"column":24}},"loc":{"start":{"line":57,"column":29},"end":{"line":66,"column":15}},"line":57},"9":{"name":"(anonymous_9)","decl":{"start":{"line":58,"column":39},"end":{"line":58,"column":40}},"loc":{"start":{"line":58,"column":47},"end":{"line":65,"column":17}},"line":58},"10":{"name":"(anonymous_10)","decl":{"start":{"line":60,"column":26},"end":{"line":60,"column":27}},"loc":{"start":{"line":60,"column":31},"end":{"line":60,"column":65}},"line":60},"11":{"name":"(anonymous_11)","decl":{"start":{"line":70,"column":23},"end":{"line":70,"column":24}},"loc":{"start":{"line":70,"column":29},"end":{"line":73,"column":15}},"line":70},"12":{"name":"(anonymous_12)","decl":{"start":{"line":81,"column":21},"end":{"line":81,"column":22}},"loc":{"start":{"line":81,"column":27},"end":{"line":91,"column":13}},"line":81},"13":{"name":"(anonymous_13)","decl":{"start":{"line":82,"column":37},"end":{"line":82,"column":38}},"loc":{"start":{"line":82,"column":45},"end":{"line":90,"column":15}},"line":82},"14":{"name":"(anonymous_14)","decl":{"start":{"line":85,"column":24},"end":{"line":85,"column":25}},"loc":{"start":{"line":85,"column":29},"end":{"line":85,"column":63}},"line":85},"15":{"name":"(anonymous_15)","decl":{"start":{"line":95,"column":21},"end":{"line":95,"column":22}},"loc":{"start":{"line":95,"column":27},"end":{"line":98,"column":13}},"line":95},"16":{"name":"(anonymous_16)","decl":{"start":{"line":109,"column":17},"end":{"line":109,"column":18}},"loc":{"start":{"line":109,"column":23},"end":{"line":109,"column":57}},"line":109}},"branchMap":{"0":{"loc":{"start":{"line":34,"column":6},"end":{"line":38,"column":7}},"type":"if","locations":[{"start":{"line":34,"column":6},"end":{"line":38,"column":7}},{"start":{},"end":{}}],"line":34},"1":{"loc":{"start":{"line":34,"column":10},"end":{"line":34,"column":44}},"type":"binary-expr","locations":[{"start":{"line":34,"column":10},"end":{"line":34,"column":23}},{"start":{"line":34,"column":27},"end":{"line":34,"column":44}}],"line":34},"2":{"loc":{"start":{"line":44,"column":6},"end":{"line":101,"column":7}},"type":"if","locations":[{"start":{"line":44,"column":6},"end":{"line":101,"column":7}},{"start":{"line":77,"column":13},"end":{"line":101,"column":7}}],"line":44},"3":{"loc":{"start":{"line":44,"column":10},"end":{"line":44,"column":44}},"type":"binary-expr","locations":[{"start":{"line":44,"column":10},"end":{"line":44,"column":23}},{"start":{"line":44,"column":27},"end":{"line":44,"column":44}}],"line":44},"4":{"loc":{"start":{"line":46,"column":10},"end":{"line":48,"column":11}},"type":"if","locations":[{"start":{"line":46,"column":10},"end":{"line":48,"column":11}},{"start":{},"end":{}}],"line":46},"5":{"loc":{"start":{"line":50,"column":8},"end":{"line":76,"column":9}},"type":"if","locations":[{"start":{"line":50,"column":8},"end":{"line":76,"column":9}},{"start":{"line":53,"column":15},"end":{"line":76,"column":9}}],"line":50},"6":{"loc":{"start":{"line":105,"column":9},"end":{"line":114,"column":10}},"type":"cond-expr","locations":[{"start":{"line":106,"column":4},"end":{"line":113,"column":11}},{"start":{"line":114,"column":6},"end":{"line":114,"column":10}}],"line":105}},"s":{"0":1,"1":0,"2":0,"3":0,"4":0,"5":0,"6":0,"7":0,"8":0,"9":0,"10":0,"11":0,"12":0,"13":0,"14":0,"15":0,"16":0,"17":0,"18":0,"19":0,"20":0,"21":0,"22":0,"23":0,"24":0,"25":0,"26":0,"27":0,"28":0,"29":0,"30":0,"31":0,"32":0,"33":0,"34":0,"35":0,"36":0,"37":0,"38":0,"39":0,"40":0,"41":0,"42":0,"43":0,"44":0},"f":{"0":0,"1":0,"2":0,"3":0,"4":0,"5":0,"6":0,"7":0,"8":0,"9":0,"10":0,"11":0,"12":0,"13":0,"14":0,"15":0,"16":0},"b":{"0":[0,0],"1":[0,0],"2":[0,0],"3":[0,0],"4":[0,0],"5":[0,0],"6":[0,0]},"_coverageSchema":"1a1c01bbd47fc00a2c39e90264f33305004495a9","hash":"c8773fbbab48326111eeacfe2cc3cd1603279f3f"}
,"/home/nineleaps/Desktop/MedStick_FE/src/components/atoms/downloadButton.js": {"path":"/home/nineleaps/Desktop/MedStick_FE/src/components/atoms/downloadButton.js","statementMap":{"0":{"start":{"line":7,"column":23},"end":{"line":18,"column":1}},"1":{"start":{"line":8,"column":2},"end":{"line":17,"column":4}}},"fnMap":{"0":{"name":"(anonymous_0)","decl":{"start":{"line":7,"column":23},"end":{"line":7,"column":24}},"loc":{"start":{"line":7,"column":39},"end":{"line":18,"column":1}},"line":7}},"branchMap":{},"s":{"0":1,"1":0},"f":{"0":0},"b":{},"_coverageSchema":"1a1c01bbd47fc00a2c39e90264f33305004495a9","hash":"0a91a3e10ad0e874decf135ad674846308743d8c"}
,"/home/nineleaps/Desktop/MedStick_FE/src/components/atoms/editButton.js": {"path":"/home/nineleaps/Desktop/MedStick_FE/src/components/atoms/editButton.js","statementMap":{"0":{"start":{"line":7,"column":19},"end":{"line":18,"column":1}},"1":{"start":{"line":8,"column":2},"end":{"line":17,"column":4}},"2":{"start":{"line":11,"column":23},"end":{"line":11,"column":36}}},"fnMap":{"0":{"name":"(anonymous_0)","decl":{"start":{"line":7,"column":19},"end":{"line":7,"column":20}},"loc":{"start":{"line":7,"column":40},"end":{"line":18,"column":1}},"line":7},"1":{"name":"(anonymous_1)","decl":{"start":{"line":11,"column":17},"end":{"line":11,"column":18}},"loc":{"start":{"line":11,"column":23},"end":{"line":11,"column":36}},"line":11}},"branchMap":{"0":{"loc":{"start":{"line":8,"column":9},"end":{"line":17,"column":3}},"type":"cond-expr","locations":[{"start":{"line":8,"column":17},"end":{"line":8,"column":21}},{"start":{"line":9,"column":4},"end":{"line":16,"column":11}}],"line":8}},"s":{"0":1,"1":0,"2":0},"f":{"0":0,"1":0},"b":{"0":[0,0]},"_coverageSchema":"1a1c01bbd47fc00a2c39e90264f33305004495a9","hash":"3e8692e55ec6c3d2a249aa33916fa69146517408"}
,"/home/nineleaps/Desktop/MedStick_FE/src/components/atoms/loader.js": {"path":"/home/nineleaps/Desktop/MedStick_FE/src/components/atoms/loader.js","statementMap":{"0":{"start":{"line":5,"column":15},"end":{"line":27,"column":1}},"1":{"start":{"line":6,"column":2},"end":{"line":26,"column":4}}},"fnMap":{"0":{"name":"(anonymous_0)","decl":{"start":{"line":5,"column":15},"end":{"line":5,"column":16}},"loc":{"start":{"line":5,"column":21},"end":{"line":27,"column":1}},"line":5}},"branchMap":{},"s":{"0":1,"1":0},"f":{"0":0},"b":{},"_coverageSchema":"1a1c01bbd47fc00a2c39e90264f33305004495a9","hash":"3b986fe28d03437dafbed39e63b49530bf6d19ab"}
,"/home/nineleaps/Desktop/MedStick_FE/src/components/atoms/noInternet.js": {"path":"/home/nineleaps/Desktop/MedStick_FE/src/components/atoms/noInternet.js","statementMap":{"0":{"start":{"line":5,"column":19},"end":{"line":14,"column":1}},"1":{"start":{"line":6,"column":2},"end":{"line":13,"column":4}},"2":{"start":{"line":16,"column":15},"end":{"line":29,"column":2}}},"fnMap":{"0":{"name":"(anonymous_0)","decl":{"start":{"line":5,"column":19},"end":{"line":5,"column":20}},"loc":{"start":{"line":5,"column":25},"end":{"line":14,"column":1}},"line":5}},"branchMap":{},"s":{"0":1,"1":0,"2":1},"f":{"0":0},"b":{},"_coverageSchema":"1a1c01bbd47fc00a2c39e90264f33305004495a9","hash":"1323a163f3d54f81fe1c500b90f11ae8217a68c8"}
,"/home/nineleaps/Desktop/MedStick_FE/src/components/atoms/shareButton.js": {"path":"/home/nineleaps/Desktop/MedStick_FE/src/components/atoms/shareButton.js","statementMap":{"0":{"start":{"line":7,"column":20},"end":{"line":15,"column":1}},"1":{"start":{"line":8,"column":2},"end":{"line":14,"column":4}}},"fnMap":{"0":{"name":"(anonymous_0)","decl":{"start":{"line":7,"column":20},"end":{"line":7,"column":21}},"loc":{"start":{"line":7,"column":35},"end":{"line":15,"column":1}},"line":7}},"branchMap":{},"s":{"0":1,"1":0},"f":{"0":0},"b":{},"_coverageSchema":"1a1c01bbd47fc00a2c39e90264f33305004495a9","hash":"575fd6cce68f8d834d889a237f6ac7e152bba4b6"}
,"/home/nineleaps/Desktop/MedStick_FE/src/components/molecules/customModal.js": {"path":"/home/nineleaps/Desktop/MedStick_FE/src/components/molecules/customModal.js","statementMap":{"0":{"start":{"line":4,"column":20},"end":{"line":33,"column":1}},"1":{"start":{"line":12,"column":2},"end":{"line":32,"column":4}}},"fnMap":{"0":{"name":"(anonymous_0)","decl":{"start":{"line":4,"column":20},"end":{"line":4,"column":21}},"loc":{"start":{"line":11,"column":6},"end":{"line":33,"column":1}},"line":11}},"branchMap":{"0":{"loc":{"start":{"line":18,"column":7},"end":{"line":22,"column":7}},"type":"binary-expr","locations":[{"start":{"line":18,"column":7},"end":{"line":18,"column":23}},{"start":{"line":19,"column":8},"end":{"line":21,"column":15}}],"line":18},"1":{"loc":{"start":{"line":23,"column":7},"end":{"line":29,"column":7}},"type":"binary-expr","locations":[{"start":{"line":23,"column":7},"end":{"line":23,"column":22}},{"start":{"line":24,"column":8},"end":{"line":28,"column":11}}],"line":23},"2":{"loc":{"start":{"line":30,"column":7},"end":{"line":30,"column":49}},"type":"binary-expr","locations":[{"start":{"line":30,"column":7},"end":{"line":30,"column":29}},{"start":{"line":30,"column":33},"end":{"line":30,"column":49}}],"line":30}},"s":{"0":1,"1":0},"f":{"0":0},"b":{"0":[0,0],"1":[0,0],"2":[0,0]},"_coverageSchema":"1a1c01bbd47fc00a2c39e90264f33305004495a9","hash":"bb8f696890759c857ed3ac6959aa2882eeb3ba0e"}
,"/home/nineleaps/Desktop/MedStick_FE/src/components/molecules/headers/subHeader.js": {"path":"/home/nineleaps/Desktop/MedStick_FE/src/components/molecules/headers/subHeader.js","statementMap":{"0":{"start":{"line":13,"column":18},"end":{"line":71,"column":1}},"1":{"start":{"line":29,"column":2},"end":{"line":70,"column":4}},"2":{"start":{"line":35,"column":10},"end":{"line":35,"column":27}}},"fnMap":{"0":{"name":"(anonymous_0)","decl":{"start":{"line":13,"column":18},"end":{"line":13,"column":19}},"loc":{"start":{"line":28,"column":6},"end":{"line":71,"column":1}},"line":28},"1":{"name":"(anonymous_1)","decl":{"start":{"line":34,"column":17},"end":{"line":34,"column":18}},"loc":{"start":{"line":34,"column":23},"end":{"line":36,"column":9}},"line":34}},"branchMap":{"0":{"loc":{"start":{"line":46,"column":7},"end":{"line":48,"column":14}},"type":"cond-expr","locations":[{"start":{"line":46,"column":37},"end":{"line":46,"column":41}},{"start":{"line":46,"column":44},"end":{"line":48,"column":14}}],"line":46},"1":{"loc":{"start":{"line":46,"column":44},"end":{"line":48,"column":14}},"type":"cond-expr","locations":[{"start":{"line":47,"column":8},"end":{"line":47,"column":46}},{"start":{"line":48,"column":10},"end":{"line":48,"column":14}}],"line":46},"2":{"loc":{"start":{"line":49,"column":7},"end":{"line":55,"column":7}},"type":"cond-expr","locations":[{"start":{"line":49,"column":43},"end":{"line":49,"column":47}},{"start":{"line":50,"column":8},"end":{"line":54,"column":10}}],"line":49},"3":{"loc":{"start":{"line":56,"column":7},"end":{"line":56,"column":71}},"type":"cond-expr","locations":[{"start":{"line":56,"column":31},"end":{"line":56,"column":35}},{"start":{"line":56,"column":38},"end":{"line":56,"column":71}}],"line":56},"4":{"loc":{"start":{"line":57,"column":7},"end":{"line":59,"column":7}},"type":"cond-expr","locations":[{"start":{"line":57,"column":41},"end":{"line":57,"column":45}},{"start":{"line":58,"column":8},"end":{"line":58,"column":76}}],"line":57},"5":{"loc":{"start":{"line":60,"column":7},"end":{"line":68,"column":7}},"type":"cond-expr","locations":[{"start":{"line":60,"column":35},"end":{"line":60,"column":39}},{"start":{"line":61,"column":8},"end":{"line":67,"column":10}}],"line":60}},"s":{"0":1,"1":0,"2":0},"f":{"0":0,"1":0},"b":{"0":[0,0],"1":[0,0],"2":[0,0],"3":[0,0],"4":[0,0],"5":[0,0]},"_coverageSchema":"1a1c01bbd47fc00a2c39e90264f33305004495a9","hash":"a6800bc707e5ffdeff53879405f6aa1ae4941791"}
,"/home/nineleaps/Desktop/MedStick_FE/src/constants/apiUrl.js": {"path":"/home/nineleaps/Desktop/MedStick_FE/src/constants/apiUrl.js","statementMap":{"0":{"start":{"line":1,"column":13},"end":{"line":1,"column":65}},"1":{"start":{"line":3,"column":21},"end":{"line":3,"column":38}},"2":{"start":{"line":4,"column":23},"end":{"line":4,"column":42}},"3":{"start":{"line":5,"column":27},"end":{"line":5,"column":50}},"4":{"start":{"line":6,"column":32},"end":{"line":6,"column":60}},"5":{"start":{"line":7,"column":29},"end":{"line":7,"column":50}},"6":{"start":{"line":8,"column":32},"end":{"line":8,"column":57}},"7":{"start":{"line":9,"column":36},"end":{"line":9,"column":66}},"8":{"start":{"line":10,"column":29},"end":{"line":10,"column":54}},"9":{"start":{"line":11,"column":40},"end":{"line":11,"column":76}},"10":{"start":{"line":12,"column":28},"end":{"line":12,"column":52}},"11":{"start":{"line":13,"column":30},"end":{"line":13,"column":50}},"12":{"start":{"line":14,"column":25},"end":{"line":14,"column":42}},"13":{"start":{"line":15,"column":31},"end":{"line":15,"column":58}},"14":{"start":{"line":16,"column":36},"end":{"line":16,"column":73}},"15":{"start":{"line":17,"column":39},"end":{"line":17,"column":76}},"16":{"start":{"line":18,"column":38},"end":{"line":18,"column":69}},"17":{"start":{"line":19,"column":32},"end":{"line":19,"column":64}},"18":{"start":{"line":20,"column":24},"end":{"line":20,"column":38}},"19":{"start":{"line":21,"column":34},"end":{"line":21,"column":71}},"20":{"start":{"line":22,"column":34},"end":{"line":22,"column":64}},"21":{"start":{"line":23,"column":30},"end":{"line":23,"column":47}},"22":{"start":{"line":24,"column":28},"end":{"line":24,"column":52}},"23":{"start":{"line":25,"column":33},"end":{"line":25,"column":54}},"24":{"start":{"line":26,"column":36},"end":{"line":26,"column":65}},"25":{"start":{"line":27,"column":35},"end":{"line":27,"column":53}},"26":{"start":{"line":28,"column":36},"end":{"line":28,"column":68}},"27":{"start":{"line":29,"column":34},"end":{"line":29,"column":59}},"28":{"start":{"line":30,"column":28},"end":{"line":30,"column":53}},"29":{"start":{"line":31,"column":33},"end":{"line":31,"column":63}},"30":{"start":{"line":32,"column":30},"end":{"line":32,"column":56}},"31":{"start":{"line":33,"column":31},"end":{"line":33,"column":58}},"32":{"start":{"line":34,"column":34},"end":{"line":34,"column":65}},"33":{"start":{"line":35,"column":39},"end":{"line":35,"column":68}},"34":{"start":{"line":36,"column":27},"end":{"line":36,"column":50}},"35":{"start":{"line":37,"column":31},"end":{"line":37,"column":58}},"36":{"start":{"line":38,"column":27},"end":{"line":38,"column":38}},"37":{"start":{"line":39,"column":36},"end":{"line":39,"column":64}},"38":{"start":{"line":40,"column":44},"end":{"line":40,"column":72}},"39":{"start":{"line":41,"column":28},"end":{"line":41,"column":43}},"40":{"start":{"line":42,"column":29},"end":{"line":42,"column":58}},"41":{"start":{"line":43,"column":30},"end":{"line":43,"column":57}},"42":{"start":{"line":44,"column":24},"end":{"line":44,"column":44}},"43":{"start":{"line":45,"column":25},"end":{"line":45,"column":51}},"44":{"start":{"line":46,"column":29},"end":{"line":46,"column":53}},"45":{"start":{"line":47,"column":22},"end":{"line":47,"column":40}}},"fnMap":{},"branchMap":{},"s":{"0":33,"1":33,"2":33,"3":33,"4":33,"5":33,"6":33,"7":33,"8":33,"9":33,"10":33,"11":33,"12":33,"13":33,"14":33,"15":33,"16":33,"17":33,"18":33,"19":33,"20":33,"21":33,"22":33,"23":33,"24":33,"25":33,"26":33,"27":33,"28":33,"29":33,"30":33,"31":33,"32":33,"33":33,"34":33,"35":33,"36":33,"37":33,"38":33,"39":33,"40":33,"41":33,"42":33,"43":33,"44":33,"45":33},"f":{},"b":{},"_coverageSchema":"1a1c01bbd47fc00a2c39e90264f33305004495a9","hash":"c94d0f2d7e289c4f530e97e780ee59dfe68b3c63"}
,"/home/nineleaps/Desktop/MedStick_FE/src/constants/constants.js": {"path":"/home/nineleaps/Desktop/MedStick_FE/src/constants/constants.js","statementMap":{"0":{"start":{"line":1,"column":19},"end":{"line":1,"column":68}},"1":{"start":{"line":2,"column":22},"end":{"line":15,"column":1}},"2":{"start":{"line":17,"column":30},"end":{"line":30,"column":1}},"3":{"start":{"line":34,"column":21},"end":{"line":47,"column":1}},"4":{"start":{"line":49,"column":20},"end":{"line":63,"column":1}},"5":{"start":{"line":65,"column":25},"end":{"line":78,"column":1}},"6":{"start":{"line":79,"column":20},"end":{"line":79,"column":70}},"7":{"start":{"line":81,"column":25},"end":{"line":94,"column":1}}},"fnMap":{},"branchMap":{},"s":{"0":1,"1":1,"2":1,"3":1,"4":1,"5":1,"6":1,"7":1},"f":{},"b":{},"_coverageSchema":"1a1c01bbd47fc00a2c39e90264f33305004495a9","hash":"ac7ff8a86cbf5b11f988e7bfe39a2e3780fe8dd9"}
,"/home/nineleaps/Desktop/MedStick_FE/src/constants/promise.js": {"path":"/home/nineleaps/Desktop/MedStick_FE/src/constants/promise.js","statementMap":{"0":{"start":{"line":4,"column":17},"end":{"line":11,"column":3}},"1":{"start":{"line":6,"column":19},"end":{"line":9,"column":5}},"2":{"start":{"line":10,"column":4},"end":{"line":10,"column":20}},"3":{"start":{"line":12,"column":23},"end":{"line":18,"column":3}},"4":{"start":{"line":13,"column":19},"end":{"line":16,"column":5}},"5":{"start":{"line":17,"column":4},"end":{"line":17,"column":20}},"6":{"start":{"line":21,"column":22},"end":{"line":21,"column":41}}},"fnMap":{"0":{"name":"(anonymous_0)","decl":{"start":{"line":4,"column":17},"end":{"line":4,"column":18}},"loc":{"start":{"line":4,"column":37},"end":{"line":11,"column":3}},"line":4},"1":{"name":"(anonymous_1)","decl":{"start":{"line":12,"column":23},"end":{"line":12,"column":24}},"loc":{"start":{"line":12,"column":66},"end":{"line":18,"column":3}},"line":12}},"branchMap":{},"s":{"0":31,"1":0,"2":0,"3":31,"4":0,"5":0,"6":31},"f":{"0":0,"1":0},"b":{},"_coverageSchema":"1a1c01bbd47fc00a2c39e90264f33305004495a9","hash":"d1a395dad97fc369d16bef8dca7b061f9bfebe65"}
,"/home/nineleaps/Desktop/MedStick_FE/src/constants/statusCodes.js": {"path":"/home/nineleaps/Desktop/MedStick_FE/src/constants/statusCodes.js","statementMap":{"0":{"start":{"line":2,"column":33},"end":{"line":18,"column":1}},"1":{"start":{"line":21,"column":28},"end":{"line":26,"column":1}}},"fnMap":{},"branchMap":{},"s":{"0":31,"1":31},"f":{},"b":{},"_coverageSchema":"1a1c01bbd47fc00a2c39e90264f33305004495a9","hash":"6b9139fd4abb8a799e102a7a6025e11dded18553"}
,"/home/nineleaps/Desktop/MedStick_FE/src/network/instance.js": {"path":"/home/nineleaps/Desktop/MedStick_FE/src/network/instance.js","statementMap":{"0":{"start":{"line":7,"column":17},"end":{"line":9,"column":2}},"1":{"start":{"line":12,"column":2},"end":{"line":12,"column":57}},"2":{"start":{"line":13,"column":2},"end":{"line":13,"column":59}},"3":{"start":{"line":17,"column":2},"end":{"line":17,"column":47}},"4":{"start":{"line":18,"column":2},"end":{"line":18,"column":48}},"5":{"start":{"line":21,"column":16},"end":{"line":31,"column":1}},"6":{"start":{"line":22,"column":2},"end":{"line":30,"column":5}},"7":{"start":{"line":23,"column":4},"end":{"line":29,"column":13}},"8":{"start":{"line":24,"column":6},"end":{"line":28,"column":7}},"9":{"start":{"line":25,"column":8},"end":{"line":25,"column":18}},"10":{"start":{"line":27,"column":8},"end":{"line":27,"column":17}},"11":{"start":{"line":33,"column":21},"end":{"line":51,"column":1}},"12":{"start":{"line":34,"column":13},"end":{"line":34,"column":50}},"13":{"start":{"line":35,"column":18},"end":{"line":35,"column":60}},"14":{"start":{"line":37,"column":2},"end":{"line":50,"column":7}},"15":{"start":{"line":48,"column":6},"end":{"line":48,"column":21}},"16":{"start":{"line":49,"column":6},"end":{"line":49,"column":71}},"17":{"start":{"line":53,"column":23},"end":{"line":59,"column":1}},"18":{"start":{"line":54,"column":14},"end":{"line":54,"column":55}},"19":{"start":{"line":55,"column":2},"end":{"line":57,"column":3}},"20":{"start":{"line":56,"column":4},"end":{"line":56,"column":54}},"21":{"start":{"line":58,"column":2},"end":{"line":58,"column":17}},"22":{"start":{"line":61,"column":24},"end":{"line":67,"column":1}},"23":{"start":{"line":62,"column":15},"end":{"line":62,"column":28}},"24":{"start":{"line":63,"column":2},"end":{"line":65,"column":3}},"25":{"start":{"line":64,"column":4},"end":{"line":64,"column":31}},"26":{"start":{"line":66,"column":2},"end":{"line":66,"column":35}},"27":{"start":{"line":69,"column":21},"end":{"line":74,"column":1}},"28":{"start":{"line":70,"column":17},"end":{"line":70,"column":62}},"29":{"start":{"line":71,"column":2},"end":{"line":73,"column":4}},"30":{"start":{"line":76,"column":0},"end":{"line":79,"column":2}},"31":{"start":{"line":77,"column":13},"end":{"line":77,"column":36}},"32":{"start":{"line":78,"column":11},"end":{"line":78,"column":30}},"33":{"start":{"line":81,"column":0},"end":{"line":84,"column":2}},"34":{"start":{"line":82,"column":14},"end":{"line":82,"column":39}},"35":{"start":{"line":83,"column":11},"end":{"line":83,"column":30}}},"fnMap":{"0":{"name":"saveToken","decl":{"start":{"line":11,"column":15},"end":{"line":11,"column":24}},"loc":{"start":{"line":11,"column":52},"end":{"line":14,"column":1}},"line":11},"1":{"name":"destroyToken","decl":{"start":{"line":16,"column":15},"end":{"line":16,"column":27}},"loc":{"start":{"line":16,"column":30},"end":{"line":19,"column":1}},"line":16},"2":{"name":"(anonymous_2)","decl":{"start":{"line":21,"column":16},"end":{"line":21,"column":17}},"loc":{"start":{"line":21,"column":26},"end":{"line":31,"column":1}},"line":21},"3":{"name":"(anonymous_3)","decl":{"start":{"line":22,"column":21},"end":{"line":22,"column":22}},"loc":{"start":{"line":22,"column":48},"end":{"line":30,"column":3}},"line":22},"4":{"name":"(anonymous_4)","decl":{"start":{"line":23,"column":15},"end":{"line":23,"column":16}},"loc":{"start":{"line":23,"column":27},"end":{"line":29,"column":5}},"line":23},"5":{"name":"(anonymous_5)","decl":{"start":{"line":33,"column":21},"end":{"line":33,"column":22}},"loc":{"start":{"line":33,"column":37},"end":{"line":51,"column":1}},"line":33},"6":{"name":"(anonymous_6)","decl":{"start":{"line":47,"column":10},"end":{"line":47,"column":11}},"loc":{"start":{"line":47,"column":22},"end":{"line":50,"column":5}},"line":47},"7":{"name":"(anonymous_7)","decl":{"start":{"line":53,"column":23},"end":{"line":53,"column":24}},"loc":{"start":{"line":53,"column":40},"end":{"line":59,"column":1}},"line":53},"8":{"name":"(anonymous_8)","decl":{"start":{"line":61,"column":24},"end":{"line":61,"column":25}},"loc":{"start":{"line":61,"column":36},"end":{"line":67,"column":1}},"line":61},"9":{"name":"(anonymous_9)","decl":{"start":{"line":69,"column":21},"end":{"line":69,"column":22}},"loc":{"start":{"line":69,"column":30},"end":{"line":74,"column":1}},"line":69},"10":{"name":"(anonymous_10)","decl":{"start":{"line":71,"column":43},"end":{"line":71,"column":44}},"loc":{"start":{"line":71,"column":53},"end":{"line":73,"column":3}},"line":71},"11":{"name":"(anonymous_11)","decl":{"start":{"line":77,"column":2},"end":{"line":77,"column":3}},"loc":{"start":{"line":77,"column":13},"end":{"line":77,"column":36}},"line":77},"12":{"name":"(anonymous_12)","decl":{"start":{"line":78,"column":2},"end":{"line":78,"column":3}},"loc":{"start":{"line":78,"column":11},"end":{"line":78,"column":30}},"line":78},"13":{"name":"(anonymous_13)","decl":{"start":{"line":82,"column":2},"end":{"line":82,"column":3}},"loc":{"start":{"line":82,"column":14},"end":{"line":82,"column":39}},"line":82},"14":{"name":"(anonymous_14)","decl":{"start":{"line":83,"column":2},"end":{"line":83,"column":3}},"loc":{"start":{"line":83,"column":11},"end":{"line":83,"column":30}},"line":83}},"branchMap":{"0":{"loc":{"start":{"line":24,"column":6},"end":{"line":28,"column":7}},"type":"if","locations":[{"start":{"line":24,"column":6},"end":{"line":28,"column":7}},{"start":{"line":26,"column":13},"end":{"line":28,"column":7}}],"line":24},"1":{"loc":{"start":{"line":55,"column":2},"end":{"line":57,"column":3}},"type":"if","locations":[{"start":{"line":55,"column":2},"end":{"line":57,"column":3}},{"start":{},"end":{}}],"line":55},"2":{"loc":{"start":{"line":63,"column":2},"end":{"line":65,"column":3}},"type":"if","locations":[{"start":{"line":63,"column":2},"end":{"line":65,"column":3}},{"start":{},"end":{}}],"line":63},"3":{"loc":{"start":{"line":63,"column":6},"end":{"line":63,"column":62}},"type":"binary-expr","locations":[{"start":{"line":63,"column":6},"end":{"line":63,"column":11}},{"start":{"line":63,"column":15},"end":{"line":63,"column":62}}],"line":63},"4":{"loc":{"start":{"line":70,"column":17},"end":{"line":70,"column":62}},"type":"cond-expr","locations":[{"start":{"line":70,"column":34},"end":{"line":70,"column":55}},{"start":{"line":70,"column":58},"end":{"line":70,"column":62}}],"line":70}},"s":{"0":31,"1":0,"2":0,"3":0,"4":0,"5":31,"6":0,"7":0,"8":0,"9":0,"10":0,"11":31,"12":0,"13":0,"14":0,"15":0,"16":0,"17":31,"18":0,"19":0,"20":0,"21":0,"22":31,"23":0,"24":0,"25":0,"26":0,"27":31,"28":0,"29":0,"30":31,"31":0,"32":0,"33":31,"34":0,"35":0},"f":{"0":0,"1":0,"2":0,"3":0,"4":0,"5":0,"6":0,"7":0,"8":0,"9":0,"10":0,"11":0,"12":0,"13":0,"14":0},"b":{"0":[0,0],"1":[0,0],"2":[0,0],"3":[0,0],"4":[0,0]},"_coverageSchema":"1a1c01bbd47fc00a2c39e90264f33305004495a9","hash":"d7d2df629a8855540250f28511cd56bad37dde8c"}
,"/home/nineleaps/Desktop/MedStick_FE/src/network/networkService.js": {"path":"/home/nineleaps/Desktop/MedStick_FE/src/network/networkService.js","statementMap":{"0":{"start":{"line":7,"column":27},"end":{"line":7,"column":42}},"1":{"start":{"line":8,"column":4},"end":{"line":11,"column":7}},"2":{"start":{"line":14,"column":15},"end":{"line":14,"column":52}},"3":{"start":{"line":15,"column":4},"end":{"line":15,"column":72}},"4":{"start":{"line":18,"column":15},"end":{"line":18,"column":52}},"5":{"start":{"line":19,"column":18},"end":{"line":19,"column":60}},"6":{"start":{"line":20,"column":4},"end":{"line":28,"column":6}},"7":{"start":{"line":32,"column":40},"end":{"line":32,"column":55}},"8":{"start":{"line":33,"column":4},"end":{"line":39,"column":7}},"9":{"start":{"line":42,"column":19},"end":{"line":42,"column":34}},"10":{"start":{"line":43,"column":15},"end":{"line":43,"column":52}},"11":{"start":{"line":44,"column":4},"end":{"line":46,"column":6}},"12":{"start":{"line":49,"column":24},"end":{"line":49,"column":39}},"13":{"start":{"line":50,"column":15},"end":{"line":50,"column":52}},"14":{"start":{"line":51,"column":4},"end":{"line":53,"column":6}},"15":{"start":{"line":56,"column":19},"end":{"line":56,"column":34}},"16":{"start":{"line":57,"column":15},"end":{"line":57,"column":52}},"17":{"start":{"line":58,"column":4},"end":{"line":60,"column":6}},"18":{"start":{"line":63,"column":19},"end":{"line":63,"column":34}},"19":{"start":{"line":64,"column":15},"end":{"line":64,"column":52}},"20":{"start":{"line":65,"column":4},"end":{"line":67,"column":6}},"21":{"start":{"line":70,"column":15},"end":{"line":70,"column":52}},"22":{"start":{"line":71,"column":35},"end":{"line":71,"column":50}},"23":{"start":{"line":72,"column":4},"end":{"line":74,"column":6}},"24":{"start":{"line":77,"column":22},"end":{"line":77,"column":37}},"25":{"start":{"line":78,"column":15},"end":{"line":78,"column":52}},"26":{"start":{"line":79,"column":4},"end":{"line":82,"column":6}},"27":{"start":{"line":85,"column":22},"end":{"line":85,"column":37}},"28":{"start":{"line":86,"column":15},"end":{"line":86,"column":52}},"29":{"start":{"line":87,"column":4},"end":{"line":90,"column":6}},"30":{"start":{"line":93,"column":15},"end":{"line":93,"column":52}},"31":{"start":{"line":94,"column":4},"end":{"line":96,"column":6}},"32":{"start":{"line":108,"column":8},"end":{"line":108,"column":23}},"33":{"start":{"line":109,"column":15},"end":{"line":109,"column":52}},"34":{"start":{"line":110,"column":4},"end":{"line":122,"column":6}},"35":{"start":{"line":125,"column":15},"end":{"line":125,"column":52}},"36":{"start":{"line":126,"column":4},"end":{"line":128,"column":6}},"37":{"start":{"line":131,"column":15},"end":{"line":131,"column":30}},"38":{"start":{"line":132,"column":15},"end":{"line":132,"column":52}},"39":{"start":{"line":133,"column":4},"end":{"line":135,"column":6}},"40":{"start":{"line":138,"column":30},"end":{"line":138,"column":45}},"41":{"start":{"line":139,"column":15},"end":{"line":139,"column":52}},"42":{"start":{"line":140,"column":4},"end":{"line":142,"column":6}},"43":{"start":{"line":145,"column":43},"end":{"line":145,"column":58}},"44":{"start":{"line":146,"column":15},"end":{"line":146,"column":52}},"45":{"start":{"line":147,"column":17},"end":{"line":147,"column":56}},"46":{"start":{"line":148,"column":4},"end":{"line":154,"column":6}},"47":{"start":{"line":163,"column":28},"end":{"line":163,"column":43}},"48":{"start":{"line":164,"column":15},"end":{"line":164,"column":52}},"49":{"start":{"line":165,"column":4},"end":{"line":167,"column":6}},"50":{"start":{"line":170,"column":18},"end":{"line":170,"column":33}},"51":{"start":{"line":171,"column":17},"end":{"line":171,"column":39}},"52":{"start":{"line":172,"column":15},"end":{"line":172,"column":52}},"53":{"start":{"line":173,"column":4},"end":{"line":175,"column":6}},"54":{"start":{"line":178,"column":22},"end":{"line":178,"column":37}},"55":{"start":{"line":179,"column":15},"end":{"line":179,"column":52}},"56":{"start":{"line":180,"column":4},"end":{"line":183,"column":6}},"57":{"start":{"line":186,"column":22},"end":{"line":186,"column":37}},"58":{"start":{"line":187,"column":15},"end":{"line":187,"column":52}},"59":{"start":{"line":188,"column":4},"end":{"line":191,"column":6}},"60":{"start":{"line":194,"column":23},"end":{"line":194,"column":38}},"61":{"start":{"line":195,"column":15},"end":{"line":195,"column":52}},"62":{"start":{"line":196,"column":4},"end":{"line":198,"column":6}},"63":{"start":{"line":202,"column":17},"end":{"line":202,"column":32}},"64":{"start":{"line":203,"column":2},"end":{"line":203,"column":40}},"65":{"start":{"line":204,"column":2},"end":{"line":207,"column":3}},"66":{"start":{"line":211,"column":21},"end":{"line":211,"column":36}},"67":{"start":{"line":212,"column":15},"end":{"line":212,"column":52}},"68":{"start":{"line":213,"column":16},"end":{"line":213,"column":57}},"69":{"start":{"line":214,"column":4},"end":{"line":223,"column":6}},"70":{"start":{"line":226,"column":18},"end":{"line":226,"column":33}},"71":{"start":{"line":227,"column":15},"end":{"line":227,"column":52}},"72":{"start":{"line":228,"column":21},"end":{"line":228,"column":60}},"73":{"start":{"line":229,"column":4},"end":{"line":231,"column":6}},"74":{"start":{"line":234,"column":43},"end":{"line":234,"column":58}},"75":{"start":{"line":235,"column":15},"end":{"line":235,"column":52}},"76":{"start":{"line":237,"column":6},"end":{"line":251,"column":11}},"77":{"start":{"line":252,"column":4},"end":{"line":255,"column":6}},"78":{"start":{"line":258,"column":15},"end":{"line":258,"column":52}},"79":{"start":{"line":259,"column":21},"end":{"line":259,"column":28}},"80":{"start":{"line":260,"column":4},"end":{"line":262,"column":6}},"81":{"start":{"line":265,"column":15},"end":{"line":265,"column":52}},"82":{"start":{"line":266,"column":29},"end":{"line":266,"column":36}},"83":{"start":{"line":267,"column":4},"end":{"line":270,"column":6}},"84":{"start":{"line":273,"column":15},"end":{"line":273,"column":52}},"85":{"start":{"line":274,"column":15},"end":{"line":274,"column":30}},"86":{"start":{"line":276,"column":4},"end":{"line":276,"column":48}},"87":{"start":{"line":279,"column":15},"end":{"line":279,"column":52}},"88":{"start":{"line":280,"column":40},"end":{"line":280,"column":55}},"89":{"start":{"line":282,"column":4},"end":{"line":282,"column":77}},"90":{"start":{"line":285,"column":15},"end":{"line":285,"column":52}},"91":{"start":{"line":287,"column":4},"end":{"line":289,"column":6}},"92":{"start":{"line":293,"column":15},"end":{"line":293,"column":52}},"93":{"start":{"line":295,"column":4},"end":{"line":297,"column":6}}},"fnMap":{"0":{"name":"(anonymous_0)","decl":{"start":{"line":6,"column":2},"end":{"line":6,"column":3}},"loc":{"start":{"line":6,"column":23},"end":{"line":12,"column":3}},"line":6},"1":{"name":"(anonymous_1)","decl":{"start":{"line":13,"column":2},"end":{"line":13,"column":3}},"loc":{"start":{"line":13,"column":17},"end":{"line":16,"column":3}},"line":13},"2":{"name":"(anonymous_2)","decl":{"start":{"line":17,"column":2},"end":{"line":17,"column":3}},"loc":{"start":{"line":17,"column":23},"end":{"line":29,"column":3}},"line":17},"3":{"name":"(anonymous_3)","decl":{"start":{"line":31,"column":2},"end":{"line":31,"column":3}},"loc":{"start":{"line":31,"column":24},"end":{"line":40,"column":3}},"line":31},"4":{"name":"(anonymous_4)","decl":{"start":{"line":41,"column":2},"end":{"line":41,"column":3}},"loc":{"start":{"line":41,"column":31},"end":{"line":47,"column":3}},"line":41},"5":{"name":"(anonymous_5)","decl":{"start":{"line":48,"column":2},"end":{"line":48,"column":3}},"loc":{"start":{"line":48,"column":36},"end":{"line":54,"column":3}},"line":48},"6":{"name":"(anonymous_6)","decl":{"start":{"line":55,"column":2},"end":{"line":55,"column":3}},"loc":{"start":{"line":55,"column":32},"end":{"line":61,"column":3}},"line":55},"7":{"name":"(anonymous_7)","decl":{"start":{"line":62,"column":2},"end":{"line":62,"column":3}},"loc":{"start":{"line":62,"column":37},"end":{"line":68,"column":3}},"line":62},"8":{"name":"(anonymous_8)","decl":{"start":{"line":69,"column":2},"end":{"line":69,"column":3}},"loc":{"start":{"line":69,"column":39},"end":{"line":75,"column":3}},"line":69},"9":{"name":"(anonymous_9)","decl":{"start":{"line":76,"column":2},"end":{"line":76,"column":3}},"loc":{"start":{"line":76,"column":34},"end":{"line":83,"column":3}},"line":76},"10":{"name":"(anonymous_10)","decl":{"start":{"line":84,"column":2},"end":{"line":84,"column":3}},"loc":{"start":{"line":84,"column":34},"end":{"line":91,"column":3}},"line":84},"11":{"name":"(anonymous_11)","decl":{"start":{"line":92,"column":2},"end":{"line":92,"column":3}},"loc":{"start":{"line":92,"column":21},"end":{"line":97,"column":3}},"line":92},"12":{"name":"(anonymous_12)","decl":{"start":{"line":98,"column":2},"end":{"line":98,"column":3}},"loc":{"start":{"line":98,"column":29},"end":{"line":123,"column":3}},"line":98},"13":{"name":"(anonymous_13)","decl":{"start":{"line":124,"column":2},"end":{"line":124,"column":3}},"loc":{"start":{"line":124,"column":26},"end":{"line":129,"column":3}},"line":124},"14":{"name":"(anonymous_14)","decl":{"start":{"line":130,"column":2},"end":{"line":130,"column":3}},"loc":{"start":{"line":130,"column":36},"end":{"line":136,"column":3}},"line":130},"15":{"name":"(anonymous_15)","decl":{"start":{"line":137,"column":2},"end":{"line":137,"column":3}},"loc":{"start":{"line":137,"column":36},"end":{"line":143,"column":3}},"line":137},"16":{"name":"(anonymous_16)","decl":{"start":{"line":144,"column":2},"end":{"line":144,"column":3}},"loc":{"start":{"line":144,"column":34},"end":{"line":155,"column":3}},"line":144},"17":{"name":"(anonymous_17)","decl":{"start":{"line":157,"column":1},"end":{"line":157,"column":2}},"loc":{"start":{"line":158,"column":1},"end":{"line":160,"column":2}},"line":158},"18":{"name":"(anonymous_18)","decl":{"start":{"line":162,"column":2},"end":{"line":162,"column":3}},"loc":{"start":{"line":162,"column":35},"end":{"line":168,"column":3}},"line":162},"19":{"name":"(anonymous_19)","decl":{"start":{"line":169,"column":2},"end":{"line":169,"column":3}},"loc":{"start":{"line":169,"column":43},"end":{"line":176,"column":3}},"line":169},"20":{"name":"(anonymous_20)","decl":{"start":{"line":177,"column":2},"end":{"line":177,"column":3}},"loc":{"start":{"line":177,"column":34},"end":{"line":184,"column":3}},"line":177},"21":{"name":"(anonymous_21)","decl":{"start":{"line":185,"column":2},"end":{"line":185,"column":3}},"loc":{"start":{"line":185,"column":34},"end":{"line":192,"column":3}},"line":185},"22":{"name":"(anonymous_22)","decl":{"start":{"line":193,"column":2},"end":{"line":193,"column":3}},"loc":{"start":{"line":193,"column":29},"end":{"line":199,"column":3}},"line":193},"23":{"name":"(anonymous_23)","decl":{"start":{"line":201,"column":1},"end":{"line":201,"column":2}},"loc":{"start":{"line":201,"column":24},"end":{"line":208,"column":2}},"line":201},"24":{"name":"(anonymous_24)","decl":{"start":{"line":210,"column":2},"end":{"line":210,"column":3}},"loc":{"start":{"line":210,"column":26},"end":{"line":224,"column":3}},"line":210},"25":{"name":"(anonymous_25)","decl":{"start":{"line":225,"column":2},"end":{"line":225,"column":3}},"loc":{"start":{"line":225,"column":25},"end":{"line":232,"column":3}},"line":225},"26":{"name":"(anonymous_26)","decl":{"start":{"line":233,"column":2},"end":{"line":233,"column":3}},"loc":{"start":{"line":233,"column":25},"end":{"line":256,"column":3}},"line":233},"27":{"name":"(anonymous_27)","decl":{"start":{"line":257,"column":2},"end":{"line":257,"column":3}},"loc":{"start":{"line":257,"column":36},"end":{"line":263,"column":3}},"line":257},"28":{"name":"(anonymous_28)","decl":{"start":{"line":264,"column":2},"end":{"line":264,"column":3}},"loc":{"start":{"line":264,"column":36},"end":{"line":271,"column":3}},"line":264},"29":{"name":"(anonymous_29)","decl":{"start":{"line":272,"column":2},"end":{"line":272,"column":3}},"loc":{"start":{"line":272,"column":26},"end":{"line":277,"column":3}},"line":272},"30":{"name":"(anonymous_30)","decl":{"start":{"line":278,"column":2},"end":{"line":278,"column":3}},"loc":{"start":{"line":278,"column":36},"end":{"line":283,"column":3}},"line":278},"31":{"name":"(anonymous_31)","decl":{"start":{"line":284,"column":2},"end":{"line":284,"column":3}},"loc":{"start":{"line":284,"column":31},"end":{"line":290,"column":3}},"line":284},"32":{"name":"(anonymous_32)","decl":{"start":{"line":292,"column":2},"end":{"line":292,"column":3}},"loc":{"start":{"line":292,"column":32},"end":{"line":298,"column":3}},"line":292}},"branchMap":{"0":{"loc":{"start":{"line":237,"column":6},"end":{"line":251,"column":11}},"type":"cond-expr","locations":[{"start":{"line":238,"column":10},"end":{"line":244,"column":11}},{"start":{"line":245,"column":10},"end":{"line":251,"column":11}}],"line":237}},"s":{"0":1,"1":0,"2":0,"3":0,"4":0,"5":0,"6":0,"7":0,"8":0,"9":0,"10":0,"11":0,"12":0,"13":0,"14":0,"15":0,"16":0,"17":0,"18":0,"19":0,"20":0,"21":0,"22":0,"23":0,"24":0,"25":0,"26":0,"27":0,"28":0,"29":0,"30":0,"31":0,"32":0,"33":0,"34":0,"35":0,"36":0,"37":0,"38":0,"39":0,"40":0,"41":0,"42":0,"43":0,"44":0,"45":0,"46":0,"47":0,"48":0,"49":0,"50":0,"51":0,"52":0,"53":0,"54":0,"55":0,"56":0,"57":0,"58":0,"59":0,"60":0,"61":0,"62":0,"63":0,"64":0,"65":0,"66":0,"67":0,"68":0,"69":0,"70":0,"71":0,"72":0,"73":0,"74":0,"75":0,"76":0,"77":0,"78":0,"79":0,"80":0,"81":0,"82":0,"83":0,"84":0,"85":0,"86":0,"87":0,"88":0,"89":0,"90":0,"91":0,"92":0,"93":0},"f":{"0":1,"1":0,"2":0,"3":0,"4":0,"5":0,"6":0,"7":0,"8":0,"9":0,"10":0,"11":0,"12":0,"13":0,"14":0,"15":0,"16":0,"17":0,"18":0,"19":0,"20":0,"21":0,"22":0,"23":0,"24":0,"25":0,"26":0,"27":0,"28":0,"29":0,"30":0,"31":0,"32":0},"b":{"0":[0,0]},"_coverageSchema":"1a1c01bbd47fc00a2c39e90264f33305004495a9","hash":"40d34439b4154da8194d5f3cd7b962ab706a1fb0"}
,"/home/nineleaps/Desktop/MedStick_FE/src/network/requestService.js": {"path":"/home/nineleaps/Desktop/MedStick_FE/src/network/requestService.js","statementMap":{"0":{"start":{"line":6,"column":22},"end":{"line":46,"column":3}},"1":{"start":{"line":7,"column":23},"end":{"line":7,"column":28}},"2":{"start":{"line":8,"column":4},"end":{"line":10,"column":5}},"3":{"start":{"line":9,"column":6},"end":{"line":9,"column":20}},"4":{"start":{"line":11,"column":4},"end":{"line":13,"column":5}},"5":{"start":{"line":12,"column":6},"end":{"line":12,"column":20}},"6":{"start":{"line":15,"column":4},"end":{"line":44,"column":5}},"7":{"start":{"line":19,"column":6},"end":{"line":22,"column":8}},"8":{"start":{"line":23,"column":11},"end":{"line":44,"column":5}},"9":{"start":{"line":24,"column":6},"end":{"line":24,"column":20}},"10":{"start":{"line":25,"column":6},"end":{"line":38,"column":8}},"11":{"start":{"line":32,"column":14},"end":{"line":33,"column":17}},"12":{"start":{"line":40,"column":6},"end":{"line":43,"column":8}},"13":{"start":{"line":45,"column":4},"end":{"line":45,"column":24}},"14":{"start":{"line":49,"column":4},"end":{"line":58,"column":7}},"15":{"start":{"line":50,"column":6},"end":{"line":57,"column":11}},"16":{"start":{"line":53,"column":10},"end":{"line":53,"column":35}},"17":{"start":{"line":56,"column":10},"end":{"line":56,"column":63}},"18":{"start":{"line":62,"column":4},"end":{"line":75,"column":7}},"19":{"start":{"line":63,"column":6},"end":{"line":74,"column":11}},"20":{"start":{"line":66,"column":10},"end":{"line":70,"column":11}},"21":{"start":{"line":67,"column":12},"end":{"line":67,"column":67}},"22":{"start":{"line":69,"column":12},"end":{"line":69,"column":37}},"23":{"start":{"line":73,"column":10},"end":{"line":73,"column":63}},"24":{"start":{"line":79,"column":4},"end":{"line":92,"column":7}},"25":{"start":{"line":80,"column":6},"end":{"line":91,"column":11}},"26":{"start":{"line":83,"column":10},"end":{"line":87,"column":11}},"27":{"start":{"line":84,"column":12},"end":{"line":84,"column":67}},"28":{"start":{"line":86,"column":12},"end":{"line":86,"column":37}},"29":{"start":{"line":90,"column":10},"end":{"line":90,"column":63}},"30":{"start":{"line":96,"column":4},"end":{"line":116,"column":7}},"31":{"start":{"line":97,"column":21},"end":{"line":97,"column":40}},"32":{"start":{"line":98,"column":6},"end":{"line":100,"column":7}},"33":{"start":{"line":99,"column":8},"end":{"line":99,"column":36}},"34":{"start":{"line":101,"column":6},"end":{"line":115,"column":11}},"35":{"start":{"line":104,"column":10},"end":{"line":111,"column":11}},"36":{"start":{"line":108,"column":12},"end":{"line":108,"column":67}},"37":{"start":{"line":110,"column":12},"end":{"line":110,"column":37}},"38":{"start":{"line":114,"column":10},"end":{"line":114,"column":63}},"39":{"start":{"line":120,"column":4},"end":{"line":120,"column":43}},"40":{"start":{"line":123,"column":4},"end":{"line":123,"column":43}},"41":{"start":{"line":127,"column":4},"end":{"line":127,"column":33}},"42":{"start":{"line":129,"column":4},"end":{"line":132,"column":7}}},"fnMap":{"0":{"name":"(anonymous_0)","decl":{"start":{"line":6,"column":22},"end":{"line":6,"column":23}},"loc":{"start":{"line":6,"column":31},"end":{"line":46,"column":3}},"line":6},"1":{"name":"(anonymous_1)","decl":{"start":{"line":31,"column":21},"end":{"line":31,"column":22}},"loc":{"start":{"line":31,"column":27},"end":{"line":34,"column":13}},"line":31},"2":{"name":"(anonymous_2)","decl":{"start":{"line":32,"column":35},"end":{"line":32,"column":36}},"loc":{"start":{"line":32,"column":41},"end":{"line":33,"column":15}},"line":32},"3":{"name":"(anonymous_3)","decl":{"start":{"line":48,"column":2},"end":{"line":48,"column":3}},"loc":{"start":{"line":48,"column":18},"end":{"line":59,"column":3}},"line":48},"4":{"name":"(anonymous_4)","decl":{"start":{"line":49,"column":23},"end":{"line":49,"column":24}},"loc":{"start":{"line":49,"column":44},"end":{"line":58,"column":5}},"line":49},"5":{"name":"(anonymous_5)","decl":{"start":{"line":52,"column":14},"end":{"line":52,"column":15}},"loc":{"start":{"line":52,"column":26},"end":{"line":54,"column":9}},"line":52},"6":{"name":"(anonymous_6)","decl":{"start":{"line":55,"column":15},"end":{"line":55,"column":16}},"loc":{"start":{"line":55,"column":24},"end":{"line":57,"column":9}},"line":55},"7":{"name":"(anonymous_7)","decl":{"start":{"line":61,"column":2},"end":{"line":61,"column":3}},"loc":{"start":{"line":61,"column":27},"end":{"line":76,"column":3}},"line":61},"8":{"name":"(anonymous_8)","decl":{"start":{"line":62,"column":23},"end":{"line":62,"column":24}},"loc":{"start":{"line":62,"column":44},"end":{"line":75,"column":5}},"line":62},"9":{"name":"(anonymous_9)","decl":{"start":{"line":65,"column":14},"end":{"line":65,"column":15}},"loc":{"start":{"line":65,"column":26},"end":{"line":71,"column":9}},"line":65},"10":{"name":"(anonymous_10)","decl":{"start":{"line":72,"column":15},"end":{"line":72,"column":16}},"loc":{"start":{"line":72,"column":24},"end":{"line":74,"column":9}},"line":72},"11":{"name":"(anonymous_11)","decl":{"start":{"line":78,"column":2},"end":{"line":78,"column":3}},"loc":{"start":{"line":78,"column":19},"end":{"line":93,"column":3}},"line":78},"12":{"name":"(anonymous_12)","decl":{"start":{"line":79,"column":23},"end":{"line":79,"column":24}},"loc":{"start":{"line":79,"column":44},"end":{"line":92,"column":5}},"line":79},"13":{"name":"(anonymous_13)","decl":{"start":{"line":82,"column":14},"end":{"line":82,"column":15}},"loc":{"start":{"line":82,"column":26},"end":{"line":88,"column":9}},"line":82},"14":{"name":"(anonymous_14)","decl":{"start":{"line":89,"column":15},"end":{"line":89,"column":16}},"loc":{"start":{"line":89,"column":24},"end":{"line":91,"column":9}},"line":89},"15":{"name":"(anonymous_15)","decl":{"start":{"line":95,"column":2},"end":{"line":95,"column":3}},"loc":{"start":{"line":95,"column":14},"end":{"line":117,"column":3}},"line":95},"16":{"name":"(anonymous_16)","decl":{"start":{"line":96,"column":23},"end":{"line":96,"column":24}},"loc":{"start":{"line":96,"column":44},"end":{"line":116,"column":5}},"line":96},"17":{"name":"(anonymous_17)","decl":{"start":{"line":103,"column":14},"end":{"line":103,"column":15}},"loc":{"start":{"line":103,"column":26},"end":{"line":112,"column":9}},"line":103},"18":{"name":"(anonymous_18)","decl":{"start":{"line":113,"column":15},"end":{"line":113,"column":16}},"loc":{"start":{"line":113,"column":24},"end":{"line":115,"column":9}},"line":113},"19":{"name":"(anonymous_19)","decl":{"start":{"line":119,"column":2},"end":{"line":119,"column":3}},"loc":{"start":{"line":119,"column":39},"end":{"line":121,"column":3}},"line":119},"20":{"name":"(anonymous_20)","decl":{"start":{"line":122,"column":2},"end":{"line":122,"column":3}},"loc":{"start":{"line":122,"column":36},"end":{"line":124,"column":3}},"line":122},"21":{"name":"(anonymous_21)","decl":{"start":{"line":126,"column":2},"end":{"line":126,"column":3}},"loc":{"start":{"line":126,"column":22},"end":{"line":133,"column":3}},"line":126}},"branchMap":{"0":{"loc":{"start":{"line":8,"column":4},"end":{"line":10,"column":5}},"type":"if","locations":[{"start":{"line":8,"column":4},"end":{"line":10,"column":5}},{"start":{},"end":{}}],"line":8},"1":{"loc":{"start":{"line":8,"column":8},"end":{"line":8,"column":61}},"type":"binary-expr","locations":[{"start":{"line":8,"column":8},"end":{"line":8,"column":27}},{"start":{"line":8,"column":31},"end":{"line":8,"column":44}},{"start":{"line":8,"column":48},"end":{"line":8,"column":61}}],"line":8},"2":{"loc":{"start":{"line":11,"column":4},"end":{"line":13,"column":5}},"type":"if","locations":[{"start":{"line":11,"column":4},"end":{"line":13,"column":5}},{"start":{},"end":{}}],"line":11},"3":{"loc":{"start":{"line":15,"column":4},"end":{"line":44,"column":5}},"type":"if","locations":[{"start":{"line":15,"column":4},"end":{"line":44,"column":5}},{"start":{"line":23,"column":11},"end":{"line":44,"column":5}}],"line":15},"4":{"loc":{"start":{"line":16,"column":6},"end":{"line":17,"column":66}},"type":"binary-expr","locations":[{"start":{"line":16,"column":6},"end":{"line":16,"column":44}},{"start":{"line":17,"column":6},"end":{"line":17,"column":66}}],"line":16},"5":{"loc":{"start":{"line":23,"column":11},"end":{"line":44,"column":5}},"type":"if","locations":[{"start":{"line":23,"column":11},"end":{"line":44,"column":5}},{"start":{"line":39,"column":11},"end":{"line":44,"column":5}}],"line":23},"6":{"loc":{"start":{"line":66,"column":10},"end":{"line":70,"column":11}},"type":"if","locations":[{"start":{"line":66,"column":10},"end":{"line":70,"column":11}},{"start":{"line":68,"column":17},"end":{"line":70,"column":11}}],"line":66},"7":{"loc":{"start":{"line":66,"column":14},"end":{"line":66,"column":61}},"type":"binary-expr","locations":[{"start":{"line":66,"column":14},"end":{"line":66,"column":34}},{"start":{"line":66,"column":38},"end":{"line":66,"column":61}}],"line":66},"8":{"loc":{"start":{"line":83,"column":10},"end":{"line":87,"column":11}},"type":"if","locations":[{"start":{"line":83,"column":10},"end":{"line":87,"column":11}},{"start":{"line":85,"column":17},"end":{"line":87,"column":11}}],"line":83},"9":{"loc":{"start":{"line":83,"column":14},"end":{"line":83,"column":61}},"type":"binary-expr","locations":[{"start":{"line":83,"column":14},"end":{"line":83,"column":34}},{"start":{"line":83,"column":38},"end":{"line":83,"column":61}}],"line":83},"10":{"loc":{"start":{"line":98,"column":6},"end":{"line":100,"column":7}},"type":"if","locations":[{"start":{"line":98,"column":6},"end":{"line":100,"column":7}},{"start":{},"end":{}}],"line":98},"11":{"loc":{"start":{"line":104,"column":10},"end":{"line":111,"column":11}},"type":"if","locations":[{"start":{"line":104,"column":10},"end":{"line":111,"column":11}},{"start":{"line":109,"column":17},"end":{"line":111,"column":11}}],"line":104},"12":{"loc":{"start":{"line":105,"column":12},"end":{"line":106,"column":35}},"type":"binary-expr","locations":[{"start":{"line":105,"column":12},"end":{"line":105,"column":35}},{"start":{"line":106,"column":12},"end":{"line":106,"column":35}}],"line":105}},"s":{"0":31,"1":0,"2":0,"3":0,"4":0,"5":0,"6":0,"7":0,"8":0,"9":0,"10":0,"11":0,"12":0,"13":0,"14":0,"15":0,"16":0,"17":0,"18":0,"19":0,"20":0,"21":0,"22":0,"23":0,"24":0,"25":0,"26":0,"27":0,"28":0,"29":0,"30":0,"31":0,"32":0,"33":0,"34":0,"35":0,"36":0,"37":0,"38":0,"39":0,"40":0,"41":0,"42":0},"f":{"0":0,"1":0,"2":0,"3":0,"4":0,"5":0,"6":0,"7":0,"8":0,"9":0,"10":0,"11":0,"12":0,"13":0,"14":0,"15":0,"16":0,"17":0,"18":0,"19":0,"20":0,"21":0},"b":{"0":[0,0],"1":[0,0,0],"2":[0,0],"3":[0,0],"4":[0,0],"5":[0,0],"6":[0,0],"7":[0,0],"8":[0,0],"9":[0,0],"10":[0,0],"11":[0,0],"12":[0,0]},"_coverageSchema":"1a1c01bbd47fc00a2c39e90264f33305004495a9","hash":"9fb55a9614392579b7b665f3e4c4a11686a1d368"}
,"/home/nineleaps/Desktop/MedStick_FE/src/pushNotification/pushNotifications.js": {"path":"/home/nineleaps/Desktop/MedStick_FE/src/pushNotification/pushNotifications.js","statementMap":{"0":{"start":{"line":5,"column":4},"end":{"line":10,"column":7}},"1":{"start":{"line":14,"column":4},"end":{"line":21,"column":6}},"2":{"start":{"line":23,"column":4},"end":{"line":25,"column":7}},"3":{"start":{"line":29,"column":22},"end":{"line":29,"column":32}},"4":{"start":{"line":31,"column":6},"end":{"line":35,"column":27}},"5":{"start":{"line":37,"column":4},"end":{"line":65,"column":5}},"6":{"start":{"line":38,"column":6},"end":{"line":45,"column":9}},"7":{"start":{"line":46,"column":11},"end":{"line":65,"column":5}},"8":{"start":{"line":47,"column":6},"end":{"line":55,"column":9}},"9":{"start":{"line":57,"column":6},"end":{"line":64,"column":9}},"10":{"start":{"line":68,"column":4},"end":{"line":74,"column":7}},"11":{"start":{"line":77,"column":4},"end":{"line":84,"column":7}}},"fnMap":{"0":{"name":"(anonymous_0)","decl":{"start":{"line":4,"column":2},"end":{"line":4,"column":3}},"loc":{"start":{"line":4,"column":16},"end":{"line":26,"column":3}},"line":4},"1":{"name":"(anonymous_1)","decl":{"start":{"line":6,"column":18},"end":{"line":6,"column":19}},"loc":{"start":{"line":6,"column":35},"end":{"line":6,"column":37}},"line":6},"2":{"name":"(anonymous_2)","decl":{"start":{"line":7,"column":22},"end":{"line":7,"column":23}},"loc":{"start":{"line":7,"column":46},"end":{"line":7,"column":48}},"line":7},"3":{"name":"(anonymous_3)","decl":{"start":{"line":20,"column":6},"end":{"line":20,"column":7}},"loc":{"start":{"line":20,"column":12},"end":{"line":20,"column":14}},"line":20},"4":{"name":"(anonymous_4)","decl":{"start":{"line":23,"column":52},"end":{"line":23,"column":53}},"loc":{"start":{"line":23,"column":58},"end":{"line":25,"column":5}},"line":23},"5":{"name":"(anonymous_5)","decl":{"start":{"line":28,"column":2},"end":{"line":28,"column":3}},"loc":{"start":{"line":28,"column":73},"end":{"line":66,"column":3}},"line":28},"6":{"name":"(anonymous_6)","decl":{"start":{"line":67,"column":2},"end":{"line":67,"column":3}},"loc":{"start":{"line":67,"column":35},"end":{"line":75,"column":3}},"line":67},"7":{"name":"(anonymous_7)","decl":{"start":{"line":76,"column":2},"end":{"line":76,"column":3}},"loc":{"start":{"line":76,"column":48},"end":{"line":85,"column":3}},"line":76}},"branchMap":{"0":{"loc":{"start":{"line":37,"column":4},"end":{"line":65,"column":5}},"type":"if","locations":[{"start":{"line":37,"column":4},"end":{"line":65,"column":5}},{"start":{"line":46,"column":11},"end":{"line":65,"column":5}}],"line":37},"1":{"loc":{"start":{"line":37,"column":8},"end":{"line":37,"column":42}},"type":"binary-expr","locations":[{"start":{"line":37,"column":8},"end":{"line":37,"column":14}},{"start":{"line":37,"column":18},"end":{"line":37,"column":42}}],"line":37},"2":{"loc":{"start":{"line":46,"column":11},"end":{"line":65,"column":5}},"type":"if","locations":[{"start":{"line":46,"column":11},"end":{"line":65,"column":5}},{"start":{"line":56,"column":11},"end":{"line":65,"column":5}}],"line":46},"3":{"loc":{"start":{"line":62,"column":20},"end":{"line":62,"column":58}},"type":"cond-expr","locations":[{"start":{"line":62,"column":46},"end":{"line":62,"column":51}},{"start":{"line":62,"column":54},"end":{"line":62,"column":58}}],"line":62}},"s":{"0":1,"1":1,"2":1,"3":0,"4":0,"5":0,"6":0,"7":0,"8":0,"9":0,"10":0,"11":0},"f":{"0":1,"1":0,"2":0,"3":0,"4":0,"5":0,"6":0,"7":0},"b":{"0":[0,0],"1":[0,0],"2":[0,0],"3":[0,0]},"_coverageSchema":"1a1c01bbd47fc00a2c39e90264f33305004495a9","hash":"bd0311f9779d244d462384f8576280dfc5feafbe"}
,"/home/nineleaps/Desktop/MedStick_FE/src/redux/actionTypes.js": {"path":"/home/nineleaps/Desktop/MedStick_FE/src/redux/actionTypes.js","statementMap":{"0":{"start":{"line":2,"column":37},"end":{"line":2,"column":60}},"1":{"start":{"line":5,"column":33},"end":{"line":5,"column":52}},"2":{"start":{"line":8,"column":29},"end":{"line":8,"column":44}},"3":{"start":{"line":9,"column":29},"end":{"line":9,"column":44}},"4":{"start":{"line":10,"column":27},"end":{"line":10,"column":40}},"5":{"start":{"line":11,"column":27},"end":{"line":11,"column":40}},"6":{"start":{"line":14,"column":31},"end":{"line":14,"column":48}},"7":{"start":{"line":15,"column":31},"end":{"line":15,"column":48}},"8":{"start":{"line":16,"column":29},"end":{"line":16,"column":44}},"9":{"start":{"line":17,"column":28},"end":{"line":17,"column":42}},"10":{"start":{"line":20,"column":37},"end":{"line":20,"column":60}},"11":{"start":{"line":21,"column":37},"end":{"line":21,"column":60}},"12":{"start":{"line":22,"column":35},"end":{"line":22,"column":56}},"13":{"start":{"line":25,"column":41},"end":{"line":25,"column":68}},"14":{"start":{"line":26,"column":41},"end":{"line":26,"column":68}},"15":{"start":{"line":27,"column":39},"end":{"line":27,"column":64}},"16":{"start":{"line":30,"column":36},"end":{"line":30,"column":58}},"17":{"start":{"line":31,"column":36},"end":{"line":31,"column":58}},"18":{"start":{"line":32,"column":34},"end":{"line":32,"column":54}},"19":{"start":{"line":33,"column":29},"end":{"line":33,"column":44}},"20":{"start":{"line":36,"column":35},"end":{"line":36,"column":56}},"21":{"start":{"line":37,"column":35},"end":{"line":37,"column":56}},"22":{"start":{"line":38,"column":33},"end":{"line":38,"column":52}},"23":{"start":{"line":39,"column":33},"end":{"line":39,"column":52}},"24":{"start":{"line":42,"column":35},"end":{"line":42,"column":56}},"25":{"start":{"line":43,"column":35},"end":{"line":43,"column":56}},"26":{"start":{"line":44,"column":33},"end":{"line":44,"column":52}},"27":{"start":{"line":45,"column":33},"end":{"line":45,"column":52}},"28":{"start":{"line":48,"column":42},"end":{"line":48,"column":74}},"29":{"start":{"line":49,"column":42},"end":{"line":49,"column":74}},"30":{"start":{"line":50,"column":40},"end":{"line":50,"column":70}},"31":{"start":{"line":53,"column":42},"end":{"line":53,"column":74}},"32":{"start":{"line":54,"column":42},"end":{"line":54,"column":74}},"33":{"start":{"line":55,"column":40},"end":{"line":55,"column":70}},"34":{"start":{"line":58,"column":33},"end":{"line":58,"column":52}},"35":{"start":{"line":59,"column":33},"end":{"line":59,"column":52}},"36":{"start":{"line":60,"column":31},"end":{"line":60,"column":48}},"37":{"start":{"line":61,"column":31},"end":{"line":61,"column":48}},"38":{"start":{"line":64,"column":37},"end":{"line":64,"column":60}},"39":{"start":{"line":65,"column":37},"end":{"line":65,"column":60}},"40":{"start":{"line":66,"column":35},"end":{"line":66,"column":56}},"41":{"start":{"line":67,"column":35},"end":{"line":67,"column":56}},"42":{"start":{"line":70,"column":42},"end":{"line":70,"column":70}},"43":{"start":{"line":71,"column":42},"end":{"line":71,"column":70}},"44":{"start":{"line":72,"column":40},"end":{"line":72,"column":66}},"45":{"start":{"line":73,"column":40},"end":{"line":73,"column":66}},"46":{"start":{"line":76,"column":39},"end":{"line":76,"column":64}},"47":{"start":{"line":77,"column":39},"end":{"line":77,"column":64}},"48":{"start":{"line":78,"column":37},"end":{"line":78,"column":60}},"49":{"start":{"line":79,"column":37},"end":{"line":79,"column":60}},"50":{"start":{"line":82,"column":40},"end":{"line":82,"column":66}},"51":{"start":{"line":83,"column":40},"end":{"line":83,"column":66}},"52":{"start":{"line":84,"column":38},"end":{"line":84,"column":62}},"53":{"start":{"line":85,"column":38},"end":{"line":85,"column":62}},"54":{"start":{"line":88,"column":36},"end":{"line":88,"column":58}},"55":{"start":{"line":89,"column":36},"end":{"line":89,"column":58}},"56":{"start":{"line":90,"column":34},"end":{"line":90,"column":54}},"57":{"start":{"line":91,"column":34},"end":{"line":91,"column":54}},"58":{"start":{"line":94,"column":36},"end":{"line":94,"column":58}},"59":{"start":{"line":95,"column":36},"end":{"line":95,"column":58}},"60":{"start":{"line":96,"column":34},"end":{"line":96,"column":54}},"61":{"start":{"line":97,"column":34},"end":{"line":97,"column":54}},"62":{"start":{"line":100,"column":37},"end":{"line":100,"column":60}},"63":{"start":{"line":101,"column":37},"end":{"line":101,"column":60}},"64":{"start":{"line":102,"column":35},"end":{"line":102,"column":56}},"65":{"start":{"line":103,"column":35},"end":{"line":103,"column":56}},"66":{"start":{"line":106,"column":44},"end":{"line":106,"column":78}},"67":{"start":{"line":107,"column":44},"end":{"line":107,"column":78}},"68":{"start":{"line":108,"column":42},"end":{"line":108,"column":74}},"69":{"start":{"line":109,"column":36},"end":{"line":109,"column":58}},"70":{"start":{"line":112,"column":44},"end":{"line":112,"column":78}},"71":{"start":{"line":113,"column":44},"end":{"line":113,"column":78}},"72":{"start":{"line":114,"column":42},"end":{"line":114,"column":74}},"73":{"start":{"line":117,"column":39},"end":{"line":117,"column":64}},"74":{"start":{"line":118,"column":39},"end":{"line":118,"column":64}},"75":{"start":{"line":119,"column":37},"end":{"line":119,"column":60}},"76":{"start":{"line":120,"column":37},"end":{"line":120,"column":60}},"77":{"start":{"line":123,"column":42},"end":{"line":123,"column":70}},"78":{"start":{"line":124,"column":42},"end":{"line":124,"column":70}},"79":{"start":{"line":125,"column":40},"end":{"line":125,"column":68}},"80":{"start":{"line":128,"column":39},"end":{"line":128,"column":64}},"81":{"start":{"line":129,"column":39},"end":{"line":129,"column":64}},"82":{"start":{"line":130,"column":37},"end":{"line":130,"column":60}},"83":{"start":{"line":131,"column":37},"end":{"line":131,"column":60}},"84":{"start":{"line":134,"column":43},"end":{"line":134,"column":72}},"85":{"start":{"line":135,"column":43},"end":{"line":135,"column":72}},"86":{"start":{"line":136,"column":41},"end":{"line":136,"column":68}},"87":{"start":{"line":137,"column":41},"end":{"line":137,"column":68}},"88":{"start":{"line":140,"column":32},"end":{"line":140,"column":50}},"89":{"start":{"line":141,"column":32},"end":{"line":141,"column":50}},"90":{"start":{"line":142,"column":30},"end":{"line":142,"column":46}},"91":{"start":{"line":143,"column":26},"end":{"line":143,"column":38}},"92":{"start":{"line":146,"column":32},"end":{"line":146,"column":50}},"93":{"start":{"line":147,"column":32},"end":{"line":147,"column":50}},"94":{"start":{"line":148,"column":30},"end":{"line":148,"column":46}},"95":{"start":{"line":149,"column":30},"end":{"line":149,"column":46}},"96":{"start":{"line":152,"column":35},"end":{"line":152,"column":56}},"97":{"start":{"line":153,"column":35},"end":{"line":153,"column":56}},"98":{"start":{"line":154,"column":33},"end":{"line":154,"column":52}},"99":{"start":{"line":155,"column":33},"end":{"line":155,"column":52}},"100":{"start":{"line":158,"column":39},"end":{"line":158,"column":64}},"101":{"start":{"line":159,"column":39},"end":{"line":159,"column":64}},"102":{"start":{"line":160,"column":37},"end":{"line":160,"column":60}},"103":{"start":{"line":161,"column":37},"end":{"line":161,"column":60}},"104":{"start":{"line":164,"column":36},"end":{"line":164,"column":58}},"105":{"start":{"line":165,"column":36},"end":{"line":165,"column":58}},"106":{"start":{"line":166,"column":34},"end":{"line":166,"column":54}},"107":{"start":{"line":169,"column":37},"end":{"line":169,"column":60}},"108":{"start":{"line":170,"column":37},"end":{"line":170,"column":60}},"109":{"start":{"line":171,"column":35},"end":{"line":171,"column":56}},"110":{"start":{"line":174,"column":36},"end":{"line":174,"column":58}},"111":{"start":{"line":175,"column":36},"end":{"line":175,"column":58}},"112":{"start":{"line":176,"column":34},"end":{"line":176,"column":54}},"113":{"start":{"line":179,"column":38},"end":{"line":179,"column":62}},"114":{"start":{"line":180,"column":38},"end":{"line":180,"column":62}},"115":{"start":{"line":181,"column":36},"end":{"line":181,"column":58}},"116":{"start":{"line":182,"column":36},"end":{"line":182,"column":58}},"117":{"start":{"line":185,"column":33},"end":{"line":185,"column":52}},"118":{"start":{"line":186,"column":33},"end":{"line":186,"column":52}},"119":{"start":{"line":187,"column":31},"end":{"line":187,"column":48}},"120":{"start":{"line":188,"column":31},"end":{"line":188,"column":48}},"121":{"start":{"line":191,"column":31},"end":{"line":191,"column":48}},"122":{"start":{"line":192,"column":31},"end":{"line":192,"column":48}},"123":{"start":{"line":193,"column":29},"end":{"line":193,"column":44}},"124":{"start":{"line":196,"column":30},"end":{"line":196,"column":46}},"125":{"start":{"line":197,"column":30},"end":{"line":197,"column":46}},"126":{"start":{"line":198,"column":28},"end":{"line":198,"column":42}},"127":{"start":{"line":201,"column":44},"end":{"line":201,"column":74}},"128":{"start":{"line":202,"column":44},"end":{"line":202,"column":74}},"129":{"start":{"line":203,"column":42},"end":{"line":203,"column":70}},"130":{"start":{"line":204,"column":42},"end":{"line":204,"column":70}},"131":{"start":{"line":207,"column":43},"end":{"line":207,"column":72}},"132":{"start":{"line":208,"column":43},"end":{"line":208,"column":72}},"133":{"start":{"line":209,"column":41},"end":{"line":209,"column":68}},"134":{"start":{"line":210,"column":41},"end":{"line":210,"column":68}}},"fnMap":{},"branchMap":{},"s":{"0":90,"1":90,"2":90,"3":90,"4":90,"5":90,"6":90,"7":90,"8":90,"9":90,"10":90,"11":90,"12":90,"13":90,"14":90,"15":90,"16":90,"17":90,"18":90,"19":90,"20":90,"21":90,"22":90,"23":90,"24":90,"25":90,"26":90,"27":90,"28":90,"29":90,"30":90,"31":90,"32":90,"33":90,"34":90,"35":90,"36":90,"37":90,"38":90,"39":90,"40":90,"41":90,"42":90,"43":90,"44":90,"45":90,"46":90,"47":90,"48":90,"49":90,"50":90,"51":90,"52":90,"53":90,"54":90,"55":90,"56":90,"57":90,"58":90,"59":90,"60":90,"61":90,"62":90,"63":90,"64":90,"65":90,"66":90,"67":90,"68":90,"69":90,"70":90,"71":90,"72":90,"73":90,"74":90,"75":90,"76":90,"77":90,"78":90,"79":90,"80":90,"81":90,"82":90,"83":90,"84":90,"85":90,"86":90,"87":90,"88":90,"89":90,"90":90,"91":90,"92":90,"93":90,"94":90,"95":90,"96":90,"97":90,"98":90,"99":90,"100":90,"101":90,"102":90,"103":90,"104":90,"105":90,"106":90,"107":90,"108":90,"109":90,"110":90,"111":90,"112":90,"113":90,"114":90,"115":90,"116":90,"117":90,"118":90,"119":90,"120":90,"121":90,"122":90,"123":90,"124":90,"125":90,"126":90,"127":90,"128":90,"129":90,"130":90,"131":90,"132":90,"133":90,"134":90},"f":{},"b":{},"_coverageSchema":"1a1c01bbd47fc00a2c39e90264f33305004495a9","hash":"6b371c23307f984531053dc36cd52d4707707977"}
,"/home/nineleaps/Desktop/MedStick_FE/src/redux/action/StoreAction/storeAction.js": {"path":"/home/nineleaps/Desktop/MedStick_FE/src/redux/action/StoreAction/storeAction.js","statementMap":{"0":{"start":{"line":3,"column":28},"end":{"line":8,"column":1}},"1":{"start":{"line":4,"column":2},"end":{"line":7,"column":4}},"2":{"start":{"line":10,"column":28},"end":{"line":15,"column":1}},"3":{"start":{"line":11,"column":2},"end":{"line":14,"column":4}},"4":{"start":{"line":17,"column":26},"end":{"line":22,"column":1}},"5":{"start":{"line":18,"column":2},"end":{"line":21,"column":4}}},"fnMap":{"0":{"name":"(anonymous_0)","decl":{"start":{"line":3,"column":28},"end":{"line":3,"column":29}},"loc":{"start":{"line":3,"column":39},"end":{"line":8,"column":1}},"line":3},"1":{"name":"(anonymous_1)","decl":{"start":{"line":10,"column":28},"end":{"line":10,"column":29}},"loc":{"start":{"line":10,"column":39},"end":{"line":15,"column":1}},"line":10},"2":{"name":"(anonymous_2)","decl":{"start":{"line":17,"column":26},"end":{"line":17,"column":27}},"loc":{"start":{"line":17,"column":37},"end":{"line":22,"column":1}},"line":17}},"branchMap":{},"s":{"0":1,"1":1,"2":1,"3":1,"4":1,"5":1},"f":{"0":1,"1":1,"2":1},"b":{},"_coverageSchema":"1a1c01bbd47fc00a2c39e90264f33305004495a9","hash":"5b25393974aeb0becae0679c3c8dcd233e201b6b"}
,"/home/nineleaps/Desktop/MedStick_FE/src/redux/action/caretaker/acceptCaretakerReqAction.js": {"path":"/home/nineleaps/Desktop/MedStick_FE/src/redux/action/caretaker/acceptCaretakerReqAction.js","statementMap":{"0":{"start":{"line":3,"column":41},"end":{"line":8,"column":1}},"1":{"start":{"line":4,"column":2},"end":{"line":7,"column":4}},"2":{"start":{"line":9,"column":41},"end":{"line":14,"column":1}},"3":{"start":{"line":10,"column":2},"end":{"line":13,"column":4}},"4":{"start":{"line":15,"column":39},"end":{"line":20,"column":1}},"5":{"start":{"line":16,"column":2},"end":{"line":19,"column":4}},"6":{"start":{"line":21,"column":34},"end":{"line":25,"column":1}},"7":{"start":{"line":22,"column":2},"end":{"line":24,"column":4}}},"fnMap":{"0":{"name":"(anonymous_0)","decl":{"start":{"line":3,"column":41},"end":{"line":3,"column":42}},"loc":{"start":{"line":3,"column":52},"end":{"line":8,"column":1}},"line":3},"1":{"name":"(anonymous_1)","decl":{"start":{"line":9,"column":41},"end":{"line":9,"column":42}},"loc":{"start":{"line":9,"column":52},"end":{"line":14,"column":1}},"line":9},"2":{"name":"(anonymous_2)","decl":{"start":{"line":15,"column":39},"end":{"line":15,"column":40}},"loc":{"start":{"line":15,"column":50},"end":{"line":20,"column":1}},"line":15},"3":{"name":"(anonymous_3)","decl":{"start":{"line":21,"column":34},"end":{"line":21,"column":35}},"loc":{"start":{"line":21,"column":40},"end":{"line":25,"column":1}},"line":21}},"branchMap":{},"s":{"0":3,"1":1,"2":3,"3":3,"4":3,"5":3,"6":3,"7":1},"f":{"0":1,"1":3,"2":3,"3":1},"b":{},"_coverageSchema":"1a1c01bbd47fc00a2c39e90264f33305004495a9","hash":"bca59293c4f4d9829406ffff750c7e9e458da471"}
[...]
:{"line":341,"column":9}}],"line":330},"43":{"loc":{"start":{"line":336,"column":10},"end":{"line":340,"column":11}},"type":"if","locations":[{"start":{"line":336,"column":10},"end":{"line":340,"column":11}},{"start":{},"end":{}}],"line":336},"44":{"loc":{"start":{"line":350,"column":6},"end":{"line":385,"column":7}},"type":"if","locations":[{"start":{"line":350,"column":6},"end":{"line":385,"column":7}},{"start":{"line":361,"column":13},"end":{"line":385,"column":7}}],"line":350},"45":{"loc":{"start":{"line":350,"column":10},"end":{"line":350,"column":29}},"type":"binary-expr","locations":[{"start":{"line":350,"column":10},"end":{"line":350,"column":19}},{"start":{"line":350,"column":23},"end":{"line":350,"column":29}}],"line":350},"46":{"loc":{"start":{"line":351,"column":8},"end":{"line":355,"column":9}},"type":"if","locations":[{"start":{"line":351,"column":8},"end":{"line":355,"column":9}},{"start":{"line":353,"column":15},"end":{"line":355,"column":9}}],"line":351},"47":{"loc":{"start":{"line":356,"column":8},"end":{"line":360,"column":9}},"type":"if","locations":[{"start":{"line":356,"column":8},"end":{"line":360,"column":9}},{"start":{"line":358,"column":15},"end":{"line":360,"column":9}}],"line":356},"48":{"loc":{"start":{"line":361,"column":13},"end":{"line":385,"column":7}},"type":"if","locations":[{"start":{"line":361,"column":13},"end":{"line":385,"column":7}},{"start":{"line":373,"column":13},"end":{"line":385,"column":7}}],"line":361},"49":{"loc":{"start":{"line":361,"column":17},"end":{"line":361,"column":32}},"type":"binary-expr","locations":[{"start":{"line":361,"column":17},"end":{"line":361,"column":22}},{"start":{"line":361,"column":26},"end":{"line":361,"column":32}}],"line":361},"50":{"loc":{"start":{"line":363,"column":8},"end":{"line":367,"column":9}},"type":"if","locations":[{"start":{"line":363,"column":8},"end":{"line":367,"column":9}},{"start":{"line":365,"column":15},"end":{"line":367,"column":9}}],"line":363},"51":{"loc":{"start":{"line":368,"column":8},"end":{"line":372,"column":9}},"type":"if","locations":[{"start":{"line":368,"column":8},"end":{"line":372,"column":9}},{"start":{"line":370,"column":15},"end":{"line":372,"column":9}}],"line":368},"52":{"loc":{"start":{"line":373,"column":13},"end":{"line":385,"column":7}},"type":"if","locations":[{"start":{"line":373,"column":13},"end":{"line":385,"column":7}},{"start":{},"end":{}}],"line":373},"53":{"loc":{"start":{"line":373,"column":17},"end":{"line":373,"column":33}},"type":"binary-expr","locations":[{"start":{"line":373,"column":17},"end":{"line":373,"column":23}},{"start":{"line":373,"column":27},"end":{"line":373,"column":33}}],"line":373},"54":{"loc":{"start":{"line":375,"column":8},"end":{"line":379,"column":9}},"type":"if","locations":[{"start":{"line":375,"column":8},"end":{"line":379,"column":9}},{"start":{"line":377,"column":15},"end":{"line":379,"column":9}}],"line":375},"55":{"loc":{"start":{"line":380,"column":8},"end":{"line":384,"column":9}},"type":"if","locations":[{"start":{"line":380,"column":8},"end":{"line":384,"column":9}},{"start":{"line":382,"column":15},"end":{"line":384,"column":9}}],"line":380},"56":{"loc":{"start":{"line":388,"column":4},"end":{"line":394,"column":5}},"type":"if","locations":[{"start":{"line":388,"column":4},"end":{"line":394,"column":5}},{"start":{},"end":{}}],"line":388},"57":{"loc":{"start":{"line":396,"column":4},"end":{"line":412,"column":5}},"type":"if","locations":[{"start":{"line":396,"column":4},"end":{"line":412,"column":5}},{"start":{"line":409,"column":11},"end":{"line":412,"column":5}}],"line":396},"58":{"loc":{"start":{"line":397,"column":6},"end":{"line":401,"column":7}},"type":"if","locations":[{"start":{"line":397,"column":6},"end":{"line":401,"column":7}},{"start":{},"end":{}}],"line":397},"59":{"loc":{"start":{"line":403,"column":8},"end":{"line":407,"column":9}},"type":"if","locations":[{"start":{"line":403,"column":8},"end":{"line":407,"column":9}},{"start":{"line":405,"column":15},"end":{"line":407,"column":9}}],"line":403},"60":{"loc":{"start":{"line":409,"column":11},"end":{"line":412,"column":5}},"type":"if","locations":[{"start":{"line":409,"column":11},"end":{"line":412,"column":5}},{"start":{},"end":{}}],"line":409},"61":{"loc":{"start":{"line":419,"column":4},"end":{"line":421,"column":5}},"type":"if","locations":[{"start":{"line":419,"column":4},"end":{"line":421,"column":5}},{"start":{},"end":{}}],"line":419},"62":{"loc":{"start":{"line":425,"column":15},"end":{"line":427,"column":12}},"type":"cond-expr","locations":[{"start":{"line":426,"column":8},"end":{"line":426,"column":69}},{"start":{"line":427,"column":8},"end":{"line":427,"column":12}}],"line":425},"63":{"loc":{"start":{"line":430,"column":6},"end":{"line":432,"column":23}},"type":"cond-expr","locations":[{"start":{"line":431,"column":10},"end":{"line":431,"column":52}},{"start":{"line":432,"column":10},"end":{"line":432,"column":23}}],"line":430},"64":{"loc":{"start":{"line":446,"column":4},"end":{"line":454,"column":5}},"type":"if","locations":[{"start":{"line":446,"column":4},"end":{"line":454,"column":5}},{"start":{},"end":{}}],"line":446},"65":{"loc":{"start":{"line":449,"column":10},"end":{"line":451,"column":11}},"type":"if","locations":[{"start":{"line":449,"column":10},"end":{"line":451,"column":11}},{"start":{},"end":{}}],"line":449},"66":{"loc":{"start":{"line":465,"column":10},"end":{"line":472,"column":11}},"type":"if","locations":[{"start":{"line":465,"column":10},"end":{"line":472,"column":11}},{"start":{},"end":{}}],"line":465},"67":{"loc":{"start":{"line":466,"column":12},"end":{"line":471,"column":13}},"type":"if","locations":[{"start":{"line":466,"column":12},"end":{"line":471,"column":13}},{"start":{"line":468,"column":19},"end":{"line":471,"column":13}}],"line":466},"68":{"loc":{"start":{"line":548,"column":21},"end":{"line":556,"column":45}},"type":"cond-expr","locations":[{"start":{"line":549,"column":24},"end":{"line":549,"column":37}},{"start":{"line":550,"column":24},"end":{"line":556,"column":45}}],"line":548},"69":{"loc":{"start":{"line":643,"column":34},"end":{"line":643,"column":51}},"type":"cond-expr","locations":[{"start":{"line":643,"column":46},"end":{"line":643,"column":47}},{"start":{"line":643,"column":50},"end":{"line":643,"column":51}}],"line":643},"70":{"loc":{"start":{"line":646,"column":37},"end":{"line":648,"column":46}},"type":"cond-expr","locations":[{"start":{"line":647,"column":24},"end":{"line":647,"column":46}},{"start":{"line":648,"column":24},"end":{"line":648,"column":46}}],"line":646},"71":{"loc":{"start":{"line":657,"column":29},"end":{"line":657,"column":58}},"type":"cond-expr","locations":[{"start":{"line":657,"column":41},"end":{"line":657,"column":48}},{"start":{"line":657,"column":51},"end":{"line":657,"column":58}}],"line":657},"72":{"loc":{"start":{"line":663,"column":17},"end":{"line":678,"column":24}},"type":"cond-expr","locations":[{"start":{"line":664,"column":18},"end":{"line":677,"column":37}},{"start":{"line":678,"column":20},"end":{"line":678,"column":24}}],"line":663},"73":{"loc":{"start":{"line":672,"column":23},"end":{"line":672,"column":66}},"type":"cond-expr","locations":[{"start":{"line":672,"column":38},"end":{"line":672,"column":50}},{"start":{"line":672,"column":53},"end":{"line":672,"column":66}}],"line":672},"74":{"loc":{"start":{"line":685,"column":34},"end":{"line":685,"column":47}},"type":"cond-expr","locations":[{"start":{"line":685,"column":42},"end":{"line":685,"column":43}},{"start":{"line":685,"column":46},"end":{"line":685,"column":47}}],"line":685},"75":{"loc":{"start":{"line":688,"column":37},"end":{"line":690,"column":46}},"type":"cond-expr","locations":[{"start":{"line":689,"column":24},"end":{"line":689,"column":46}},{"start":{"line":690,"column":24},"end":{"line":690,"column":46}}],"line":688},"76":{"loc":{"start":{"line":699,"column":29},"end":{"line":699,"column":54}},"type":"cond-expr","locations":[{"start":{"line":699,"column":37},"end":{"line":699,"column":44}},{"start":{"line":699,"column":47},"end":{"line":699,"column":54}}],"line":699},"77":{"loc":{"start":{"line":705,"column":17},"end":{"line":720,"column":24}},"type":"cond-expr","locations":[{"start":{"line":706,"column":18},"end":{"line":719,"column":37}},{"start":{"line":720,"column":20},"end":{"line":720,"column":24}}],"line":705},"78":{"loc":{"start":{"line":714,"column":23},"end":{"line":714,"column":66}},"type":"cond-expr","locations":[{"start":{"line":714,"column":38},"end":{"line":714,"column":50}},{"start":{"line":714,"column":53},"end":{"line":714,"column":66}}],"line":714},"79":{"loc":{"start":{"line":726,"column":34},"end":{"line":726,"column":48}},"type":"cond-expr","locations":[{"start":{"line":726,"column":43},"end":{"line":726,"column":44}},{"start":{"line":726,"column":47},"end":{"line":726,"column":48}}],"line":726},"80":{"loc":{"start":{"line":729,"column":37},"end":{"line":731,"column":46}},"type":"cond-expr","locations":[{"start":{"line":730,"column":24},"end":{"line":730,"column":46}},{"start":{"line":731,"column":24},"end":{"line":731,"column":46}}],"line":729},"81":{"loc":{"start":{"line":740,"column":29},"end":{"line":740,"column":55}},"type":"cond-expr","locations":[{"start":{"line":740,"column":38},"end":{"line":740,"column":45}},{"start":{"line":740,"column":48},"end":{"line":740,"column":55}}],"line":740},"82":{"loc":{"start":{"line":746,"column":17},"end":{"line":761,"column":24}},"type":"cond-expr","locations":[{"start":{"line":747,"column":18},"end":{"line":760,"column":37}},{"start":{"line":761,"column":20},"end":{"line":761,"column":24}}],"line":746},"83":{"loc":{"start":{"line":755,"column":23},"end":{"line":755,"column":66}},"type":"cond-expr","locations":[{"start":{"line":755,"column":38},"end":{"line":755,"column":50}},{"start":{"line":755,"column":53},"end":{"line":755,"column":66}}],"line":755},"84":{"loc":{"start":{"line":776,"column":37},"end":{"line":778,"column":31}},"type":"cond-expr","locations":[{"start":{"line":777,"column":24},"end":{"line":777,"column":46}},{"start":{"line":778,"column":24},"end":{"line":778,"column":31}}],"line":776},"85":{"loc":{"start":{"line":789,"column":27},"end":{"line":789,"column":57}},"type":"cond-expr","locations":[{"start":{"line":789,"column":40},"end":{"line":789,"column":47}},{"start":{"line":789,"column":50},"end":{"line":789,"column":57}}],"line":789},"86":{"loc":{"start":{"line":800,"column":37},"end":{"line":802,"column":31}},"type":"cond-expr","locations":[{"start":{"line":801,"column":24},"end":{"line":801,"column":46}},{"start":{"line":802,"column":24},"end":{"line":802,"column":31}}],"line":800},"87":{"loc":{"start":{"line":813,"column":27},"end":{"line":813,"column":56}},"type":"cond-expr","locations":[{"start":{"line":813,"column":39},"end":{"line":813,"column":46}},{"start":{"line":813,"column":49},"end":{"line":813,"column":56}}],"line":813},"88":{"loc":{"start":{"line":851,"column":13},"end":{"line":900,"column":13}},"type":"binary-expr","locations":[{"start":{"line":851,"column":13},"end":{"line":851,"column":19}},{"start":{"line":852,"column":14},"end":{"line":899,"column":73}}],"line":851}},"s":{"0":1,"1":27,"2":27,"3":27,"4":27,"5":27,"6":27,"7":27,"8":27,"9":27,"10":27,"11":27,"12":27,"13":27,"14":27,"15":27,"16":27,"17":27,"18":27,"19":27,"20":27,"21":27,"22":27,"23":27,"24":27,"25":27,"26":27,"27":27,"28":27,"29":27,"30":27,"31":27,"32":27,"33":0,"34":0,"35":0,"36":0,"37":0,"38":0,"39":0,"40":0,"41":0,"42":0,"43":0,"44":0,"45":0,"46":0,"47":0,"48":0,"49":0,"50":0,"51":0,"52":27,"53":0,"54":0,"55":0,"56":27,"57":0,"58":27,"59":0,"60":27,"61":0,"62":27,"63":0,"64":27,"65":0,"66":0,"67":0,"68":0,"69":0,"70":0,"71":0,"72":0,"73":0,"74":0,"75":0,"76":0,"77":0,"78":0,"79":0,"80":0,"81":0,"82":0,"83":0,"84":0,"85":0,"86":0,"87":0,"88":27,"89":0,"90":0,"91":27,"92":0,"93":0,"94":0,"95":0,"96":0,"97":0,"98":0,"99":0,"100":0,"101":0,"102":0,"103":0,"104":0,"105":0,"106":0,"107":0,"108":0,"109":0,"110":0,"111":0,"112":0,"113":27,"114":0,"115":0,"116":0,"117":0,"118":0,"119":0,"120":0,"121":0,"122":0,"123":0,"124":0,"125":0,"126":0,"127":0,"128":0,"129":0,"130":0,"131":0,"132":0,"133":0,"134":0,"135":0,"136":0,"137":0,"138":0,"139":0,"140":0,"141":0,"142":0,"143":0,"144":0,"145":0,"146":0,"147":0,"148":0,"149":0,"150":0,"151":0,"152":0,"153":0,"154":0,"155":0,"156":0,"157":0,"158":0,"159":0,"160":0,"161":0,"162":0,"163":0,"164":0,"165":0,"166":0,"167":0,"168":0,"169":0,"170":0,"171":0,"172":0,"173":0,"174":0,"175":0,"176":0,"177":0,"178":0,"179":0,"180":0,"181":0,"182":0,"183":0,"184":0,"185":0,"186":0,"187":0,"188":0,"189":0,"190":0,"191":0,"192":0,"193":0,"194":0,"195":0,"196":0,"197":0,"198":0,"199":0,"200":0,"201":0,"202":0,"203":0,"204":0,"205":0,"206":0,"207":0,"208":0,"209":0,"210":0,"211":0,"212":0,"213":0,"214":0,"215":0,"216":0,"217":0,"218":0,"219":0,"220":0,"221":0,"222":0,"223":0,"224":0,"225":0,"226":0,"227":0,"228":0,"229":0,"230":0,"231":0,"232":0,"233":0,"234":0,"235":0,"236":27,"237":2,"238":1,"239":0,"240":0,"241":1,"242":1,"243":1,"244":0,"245":0,"246":1,"247":1,"248":0,"249":0,"250":1,"251":1,"252":0,"253":0,"254":1,"255":1,"256":1,"257":1,"258":1,"259":1,"260":0,"261":0,"262":0,"263":0,"264":0},"f":{"0":27,"1":0,"2":0,"3":0,"4":0,"5":0,"6":0,"7":0,"8":0,"9":0,"10":0,"11":0,"12":0,"13":0,"14":0,"15":0,"16":0,"17":0,"18":0,"19":0,"20":0,"21":0,"22":2,"23":1,"24":0,"25":0,"26":1,"27":1,"28":0,"29":1,"30":0,"31":1,"32":0,"33":1,"34":1,"35":0,"36":0,"37":0},"b":{"0":[27,0],"1":[27,0],"2":[27,0],"3":[27,0],"4":[0,27],"5":[27,27],"6":[27,0],"7":[0,27],"8":[0,27],"9":[27,0],"10":[27,0],"11":[0,0],"12":[0,0],"13":[0,0],"14":[0,0],"15":[0,0],"16":[0,0],"17":[0,0],"18":[0,0],"19":[0,0],"20":[0,0],"21":[0,0],"22":[0,0],"23":[0,0],"24":[0,0],"25":[0,0],"26":[0,0],"27":[0,0],"28":[0,0],"29":[0,0],"30":[0,0],"31":[0,0],"32":[0,0],"33":[0,0],"34":[0,0],"35":[0,0],"36":[0,0],"37":[0,0,0,0,0,0],"38":[0,0],"39":[0,0],"40":[0,0],"41":[0,0],"42":[0,0],"43":[0,0],"44":[0,0],"45":[0,0],"46":[0,0],"47":[0,0],"48":[0,0],"49":[0,0],"50":[0,0],"51":[0,0],"52":[0,0],"53":[0,0],"54":[0,0],"55":[0,0],"56":[0,0],"57":[0,0],"58":[0,0],"59":[0,0],"60":[0,0],"61":[0,0],"62":[0,0],"63":[0,0],"64":[0,0],"65":[0,0],"66":[0,0],"67":[0,0],"68":[0,27],"69":[1,26],"70":[1,26],"71":[1,26],"72":[2,25],"73":[0,2],"74":[1,26],"75":[1,26],"76":[1,26],"77":[2,25],"78":[0,2],"79":[1,26],"80":[1,26],"81":[1,26],"82":[2,25],"83":[0,2],"84":[2,25],"85":[2,25],"86":[2,25],"87":[2,25],"88":[27,0]},"_coverageSchema":"1a1c01bbd47fc00a2c39e90264f33305004495a9","hash":"4719fb26f57647c157ad17f987276feb0c4ca788"}
,"/home/nineleaps/Desktop/MedStick_FE/src/screens/userScreens/reminder/reminderStyles.js": {"path":"/home/nineleaps/Desktop/MedStick_FE/src/screens/userScreens/reminder/reminderStyles.js","statementMap":{"0":{"start":{"line":4,"column":15},"end":{"line":127,"column":2}}},"fnMap":{},"branchMap":{},"s":{"0":1},"f":{},"b":{},"_coverageSchema":"1a1c01bbd47fc00a2c39e90264f33305004495a9","hash":"410ea04cda6a9b2d21c9ad75ed4c3d089bd29b0f"}
,"/home/nineleaps/Desktop/MedStick_FE/src/screens/userScreens/reminder/pushNotification/timeData.js": {"path":"/home/nineleaps/Desktop/MedStick_FE/src/screens/userScreens/reminder/pushNotification/timeData.js","statementMap":{"0":{"start":{"line":1,"column":24},"end":{"line":15,"column":1}},"1":{"start":{"line":17,"column":22},"end":{"line":30,"column":1}},"2":{"start":{"line":32,"column":24},"end":{"line":40,"column":1}}},"fnMap":{},"branchMap":{},"s":{"0":1,"1":1,"2":1},"f":{},"b":{},"_coverageSchema":"1a1c01bbd47fc00a2c39e90264f33305004495a9","hash":"cb701ac868fe7f2feddf5f9e96a91b82af6d79a7"}
,"/home/nineleaps/Desktop/MedStick_FE/src/styles/careTakerStyles/careTakerRequestStyles.js": {"path":"/home/nineleaps/Desktop/MedStick_FE/src/styles/careTakerStyles/careTakerRequestStyles.js","statementMap":{"0":{"start":{"line":4,"column":22},"end":{"line":63,"column":2}}},"fnMap":{},"branchMap":{},"s":{"0":1},"f":{},"b":{},"_coverageSchema":"1a1c01bbd47fc00a2c39e90264f33305004495a9","hash":"e514f31d234515de807fe26795927206ae55810e"}
,"/home/nineleaps/Desktop/MedStick_FE/src/styles/homeScreenStyles/subHeaderStyles.js": {"path":"/home/nineleaps/Desktop/MedStick_FE/src/styles/homeScreenStyles/subHeaderStyles.js","statementMap":{"0":{"start":{"line":5,"column":22},"end":{"line":28,"column":2}}},"fnMap":{},"branchMap":{},"s":{"0":1},"f":{},"b":{},"_coverageSchema":"1a1c01bbd47fc00a2c39e90264f33305004495a9","hash":"8ba3ff96b4bf869b600760c8ead7487bcae926db"}
,"/home/nineleaps/Desktop/MedStick_FE/src/utils/storage.js": {"path":"/home/nineleaps/Desktop/MedStick_FE/src/utils/storage.js","statementMap":{"0":{"start":{"line":3,"column":27},"end":{"line":10,"column":1}},"1":{"start":{"line":4,"column":2},"end":{"line":9,"column":3}},"2":{"start":{"line":5,"column":4},"end":{"line":5,"column":68}},"3":{"start":{"line":6,"column":16},"end":{"line":6,"column":69}},"4":{"start":{"line":8,"column":4},"end":{"line":8,"column":23}},"5":{"start":{"line":12,"column":27},"end":{"line":19,"column":1}},"6":{"start":{"line":13,"column":2},"end":{"line":18,"column":3}},"7":{"start":{"line":14,"column":21},"end":{"line":14,"column":74}},"8":{"start":{"line":15,"column":4},"end":{"line":15,"column":20}},"9":{"start":{"line":17,"column":4},"end":{"line":17,"column":23}},"10":{"start":{"line":21,"column":32},"end":{"line":27,"column":1}},"11":{"start":{"line":22,"column":2},"end":{"line":26,"column":3}},"12":{"start":{"line":23,"column":4},"end":{"line":23,"column":73}},"13":{"start":{"line":25,"column":4},"end":{"line":25,"column":23}},"14":{"start":{"line":29,"column":31},"end":{"line":36,"column":1}},"15":{"start":{"line":30,"column":2},"end":{"line":35,"column":3}},"16":{"start":{"line":31,"column":21},"end":{"line":31,"column":79}},"17":{"start":{"line":32,"column":4},"end":{"line":32,"column":20}},"18":{"start":{"line":34,"column":4},"end":{"line":34,"column":23}},"19":{"start":{"line":38,"column":36},"end":{"line":45,"column":1}},"20":{"start":{"line":39,"column":2},"end":{"line":44,"column":3}},"21":{"start":{"line":40,"column":21},"end":{"line":40,"column":73}},"22":{"start":{"line":41,"column":4},"end":{"line":41,"column":19}},"23":{"start":{"line":43,"column":4},"end":{"line":43,"column":23}},"24":{"start":{"line":47,"column":37},"end":{"line":53,"column":1}},"25":{"start":{"line":48,"column":2},"end":{"line":52,"column":3}},"26":{"start":{"line":49,"column":4},"end":{"line":49,"column":67}},"27":{"start":{"line":51,"column":4},"end":{"line":51,"column":23}}},"fnMap":{"0":{"name":"(anonymous_0)","decl":{"start":{"line":3,"column":27},"end":{"line":3,"column":28}},"loc":{"start":{"line":3,"column":41},"end":{"line":10,"column":1}},"line":3},"1":{"name":"(anonymous_1)","decl":{"start":{"line":12,"column":27},"end":{"line":12,"column":28}},"loc":{"start":{"line":12,"column":39},"end":{"line":19,"column":1}},"line":12},"2":{"name":"(anonymous_2)","decl":{"start":{"line":21,"column":32},"end":{"line":21,"column":33}},"loc":{"start":{"line":21,"column":46},"end":{"line":27,"column":1}},"line":21},"3":{"name":"(anonymous_3)","decl":{"start":{"line":29,"column":31},"end":{"line":29,"column":32}},"loc":{"start":{"line":29,"column":43},"end":{"line":36,"column":1}},"line":29},"4":{"name":"(anonymous_4)","decl":{"start":{"line":38,"column":36},"end":{"line":38,"column":37}},"loc":{"start":{"line":38,"column":47},"end":{"line":45,"column":1}},"line":38},"5":{"name":"(anonymous_5)","decl":{"start":{"line":47,"column":37},"end":{"line":47,"column":38}},"loc":{"start":{"line":47,"column":52},"end":{"line":53,"column":1}},"line":47}},"branchMap":{},"s":{"0":1,"1":0,"2":0,"3":0,"4":0,"5":1,"6":0,"7":0,"8":0,"9":0,"10":1,"11":0,"12":0,"13":0,"14":1,"15":0,"16":0,"17":0,"18":0,"19":1,"20":0,"21":0,"22":0,"23":0,"24":1,"25":0,"26":0,"27":0},"f":{"0":0,"1":0,"2":0,"3":0,"4":0,"5":0},"b":{},"_coverageSchema":"1a1c01bbd47fc00a2c39e90264f33305004495a9","hash":"ee59af5ddbac3f7a98fdf044f364f6f4427cd621"}
}
