TN:
SF:src/components/atoms/addAppointment.js
FN:7,(anonymous_0)
FN:8,(anonymous_1)
FN:16,(anonymous_2)
FNF:3
FNH:0
FNDA:0,(anonymous_0)
FNDA:0,(anonymous_1)
FNDA:0,(anonymous_2)
DA:7,1
DA:8,0
DA:9,0
DA:12,0
DA:17,0
DA:18,0
DA:20,0
LF:7
LH:1
BRDA:17,0,0,0
BRDA:17,0,1,0
BRDA:17,1,0,0
BRDA:17,1,1,0
BRF:4
BRH:0
end_of_record
TN:
SF:src/components/atoms/colorPalette.js
FNF:0
FNH:0
DA:1,2
LF:1
LH:1
BRF:0
BRH:0
end_of_record
TN:
SF:src/components/atoms/constant.js
FN:8,(anonymous_0)
FN:9,(anonymous_1)
FN:11,(anonymous_2)
FN:13,(anonymous_3)
FNF:4
FNH:2
FNDA:0,(anonymous_0)
FNDA:1,(anonymous_1)
FNDA:6,(anonymous_2)
FNDA:0,(anonymous_3)
DA:3,1
DA:4,1
DA:6,1
DA:7,1
DA:8,1
DA:9,1
DA:10,1
DA:11,1
DA:12,6
DA:13,1
DA:14,0
LF:11
LH:10
BRDA:13,0,0,0
BRF:1
BRH:0
end_of_record
TN:
SF:src/components/atoms/customAlert.js
FN:3,(anonymous_0)
FNF:1
FNH:0
FNDA:0,(anonymous_0)
DA:3,1
DA:4,0
LF:2
LH:1
BRF:0
BRH:0
end_of_record
TN:
SF:src/components/atoms/customImage.js
FN:4,(anonymous_0)
FNF:1
FNH:0
FNDA:0,(anonymous_0)
DA:4,1
DA:5,0
LF:2
LH:1
BRF:0
BRH:0
end_of_record
TN:
SF:src/components/atoms/customToast.js
FN:3,(anonymous_0)
FN:12,(anonymous_1)
FN:21,(anonymous_2)
FNF:3
FNH:0
FNDA:0,(anonymous_0)
FNDA:0,(anonymous_1)
FNDA:0,(anonymous_2)
DA:3,2
DA:4,0
DA:12,2
DA:13,0
DA:21,2
DA:22,0
LF:6
LH:3
BRF:0
BRH:0
end_of_record
TN:
SF:src/components/atoms/customTooltip.js
FN:4,(anonymous_0)
FNF:1
FNH:0
FNDA:0,(anonymous_0)
DA:4,1
DA:14,0
LF:2
LH:1
BRF:0
BRH:0
end_of_record
TN:
SF:src/components/atoms/deletePrescription.js
FN:14,(anonymous_0)
FN:21,(anonymous_1)
FN:25,(anonymous_2)
FN:32,(anonymous_3)
FN:33,(anonymous_4)
FN:41,(anonymous_5)
FN:42,(anonymous_6)
FN:45,(anonymous_7)
FN:57,(anonymous_8)
FN:58,(anonymous_9)
FN:60,(anonymous_10)
FN:70,(anonymous_11)
FN:81,(anonymous_12)
FN:82,(anonymous_13)
FN:85,(anonymous_14)
FN:95,(anonymous_15)
FN:109,(anonymous_16)
FNF:17
FNH:0
FNDA:0,(anonymous_0)
FNDA:0,(anonymous_1)
FNDA:0,(anonymous_2)
FNDA:0,(anonymous_3)
FNDA:0,(anonymous_4)
FNDA:0,(anonymous_5)
FNDA:0,(anonymous_6)
FNDA:0,(anonymous_7)
FNDA:0,(anonymous_8)
FNDA:0,(anonymous_9)
FNDA:0,(anonymous_10)
FNDA:0,(anonymous_11)
FNDA:0,(anonymous_12)
FNDA:0,(anonymous_13)
FNDA:0,(anonymous_14)
FNDA:0,(anonymous_15)
FNDA:0,(anonymous_16)
DA:14,1
DA:21,0
DA:22,0
DA:26,0
DA:27,0
DA:32,0
DA:33,0
DA:34,0
DA:35,0
DA:36,0
DA:37,0
DA:41,0
DA:42,0
DA:43,0
DA:44,0
DA:45,0
DA:46,0
DA:47,0
DA:50,0
DA:51,0
DA:52,0
DA:54,0
DA:58,0
DA:59,0
DA:60,0
DA:61,0
DA:62,0
DA:63,0
DA:64,0
DA:71,0
DA:72,0
DA:78,0
DA:82,0
DA:84,0
DA:85,0
DA:86,0
DA:87,0
DA:88,0
DA:89,0
DA:96,0
DA:97,0
DA:105,0
DA:109,0
LF:43
LH:1
BRDA:34,0,0,0
BRDA:34,0,1,0
BRDA:34,1,0,0
BRDA:34,1,1,0
BRDA:44,2,0,0
BRDA:44,2,1,0
BRDA:44,3,0,0
BRDA:44,3,1,0
BRDA:46,4,0,0
BRDA:46,4,1,0
BRDA:50,5,0,0
BRDA:50,5,1,0
BRDA:105,6,0,0
BRDA:105,6,1,0
BRF:14
BRH:0
end_of_record
TN:
SF:src/components/atoms/downloadButton.js
FN:7,(anonymous_0)
FNF:1
FNH:0
FNDA:0,(anonymous_0)
DA:7,1
DA:8,0
LF:2
LH:1
BRF:0
BRH:0
end_of_record
TN:
SF:src/components/atoms/editButton.js
FN:7,(anonymous_0)
FN:11,(anonymous_1)
FNF:2
FNH:0
FNDA:0,(anonymous_0)
FNDA:0,(anonymous_1)
DA:7,1
DA:8,0
DA:11,0
LF:3
LH:1
BRDA:8,0,0,0
BRDA:8,0,1,0
BRF:2
BRH:0
end_of_record
TN:
SF:src/components/atoms/loader.js
FN:5,(anonymous_0)
FNF:1
FNH:0
FNDA:0,(anonymous_0)
DA:5,1
DA:6,0
LF:2
LH:1
BRF:0
BRH:0
end_of_record
TN:
SF:src/components/atoms/noInternet.js
FN:5,(anonymous_0)
FNF:1
FNH:0
FNDA:0,(anonymous_0)
DA:5,1
DA:6,0
DA:16,1
LF:3
LH:2
BRF:0
BRH:0
end_of_record
TN:
SF:src/components/atoms/shareButton.js
FN:7,(anonymous_0)
FNF:1
FNH:0
FNDA:0,(anonymous_0)
DA:7,1
DA:8,0
LF:2
LH:1
BRF:0
BRH:0
end_of_record
TN:
SF:src/components/molecules/customModal.js
FN:4,(anonymous_0)
FNF:1
FNH:0
FNDA:0,(anonymous_0)
DA:4,1
DA:12,0
LF:2
LH:1
BRDA:18,0,0,0
BRDA:18,0,1,0
BRDA:23,1,0,0
BRDA:23,1,1,0
BRDA:30,2,0,0
BRDA:30,2,1,0
BRF:6
BRH:0
end_of_record
TN:
SF:src/components/molecules/headers/subHeader.js
FN:13,(anonymous_0)
FN:34,(anonymous_1)
FNF:2
FNH:0
FNDA:0,(anonymous_0)
FNDA:0,(anonymous_1)
DA:13,1
DA:29,0
DA:35,0
LF:3
LH:1
BRDA:46,0,0,0
BRDA:46,0,1,0
BRDA:46,1,0,0
BRDA:46,1,1,0
BRDA:49,2,0,0
BRDA:49,2,1,0
BRDA:56,3,0,0
BRDA:56,3,1,0
BRDA:57,4,0,0
BRDA:57,4,1,0
BRDA:60,5,0,0
BRDA:60,5,1,0
BRF:12
BRH:0
end_of_record
TN:
SF:src/constants/apiUrl.js
FNF:0
FNH:0
DA:1,33
DA:3,33
DA:4,33
DA:5,33
DA:6,33
DA:7,33
DA:8,33
DA:9,33
DA:10,33
DA:11,33
DA:12,33
DA:13,33
DA:14,33
DA:15,33
DA:16,33
DA:17,33
DA:18,33
DA:19,33
DA:20,33
DA:21,33
DA:22,33
DA:23,33
DA:24,33
DA:25,33
DA:26,33
DA:27,33
DA:28,33
DA:29,33
DA:30,33
DA:31,33
DA:32,33
DA:33,33
DA:34,33
DA:35,33
DA:36,33
DA:37,33
DA:38,33
DA:39,33
DA:40,33
DA:41,33
DA:42,33
DA:43,33
DA:44,33
DA:45,33
DA:46,33
DA:47,33
LF:46
LH:46
BRF:0
BRH:0
end_of_record
TN:
SF:src/constants/constants.js
FNF:0
FNH:0
DA:1,1
DA:2,1
DA:17,1
DA:34,1
DA:49,1
DA:65,1
DA:79,1
DA:81,1
LF:8
LH:8
BRF:0
BRH:0
end_of_record
TN:
SF:src/constants/promise.js
FN:4,(anonymous_0)
FN:12,(anonymous_1)
FNF:2
FNH:0
FNDA:0,(anonymous_0)
FNDA:0,(anonymous_1)
DA:4,31
DA:6,0
DA:10,0
DA:12,31
DA:13,0
DA:17,0
DA:21,31
LF:7
LH:3
BRF:0
BRH:0
end_of_record
TN:
SF:src/constants/statusCodes.js
FNF:0
FNH:0
DA:2,31
DA:21,31
LF:2
LH:2
BRF:0
BRH:0
end_of_record
TN:
SF:src/network/instance.js
FN:11,saveToken
FN:16,destroyToken
FN:21,(anonymous_2)
FN:22,(anonymous_3)
FN:23,(anonymous_4)
FN:33,(anonymous_5)
FN:47,(anonymous_6)
FN:53,(anonymous_7)
FN:61,(anonymous_8)
FN:69,(anonymous_9)
FN:71,(anonymous_10)
FN:77,(anonymous_11)
FN:78,(anonymous_12)
FN:82,(anonymous_13)
FN:83,(anonymous_14)
FNF:15
FNH:0
FNDA:0,saveToken
FNDA:0,destroyToken
FNDA:0,(anonymous_2)
FNDA:0,(anonymous_3)
FNDA:0,(anonymous_4)
FNDA:0,(anonymous_5)
FNDA:0,(anonymous_6)
FNDA:0,(anonymous_7)
FNDA:0,(anonymous_8)
FNDA:0,(anonymous_9)
FNDA:0,(anonymous_10)
FNDA:0,(anonymous_11)
FNDA:0,(anonymous_12)
FNDA:0,(anonymous_13)
FNDA:0,(anonymous_14)
DA:7,31
DA:12,0
DA:13,0
DA:17,0
DA:18,0
DA:21,31
DA:22,0
DA:23,0
DA:24,0
DA:25,0
DA:27,0
DA:33,31
DA:34,0
DA:35,0
DA:37,0
DA:48,0
DA:49,0
DA:53,31
DA:54,0
DA:55,0
DA:56,0
DA:58,0
DA:61,31
DA:62,0
DA:63,0
DA:64,0
DA:66,0
DA:69,31
DA:70,0
DA:71,0
DA:76,31
DA:77,0
DA:78,0
DA:81,31
DA:82,0
DA:83,0
LF:36
LH:8
BRDA:24,0,0,0
BRDA:24,0,1,0
BRDA:55,1,0,0
BRDA:55,1,1,0
BRDA:63,2,0,0
BRDA:63,2,1,0
BRDA:63,3,0,0
BRDA:63,3,1,0
BRDA:70,4,0,0
BRDA:70,4,1,0
BRF:10
BRH:0
end_of_record
TN:
SF:src/network/networkService.js
FN:6,(anonymous_0)
FN:13,(anonymous_1)
FN:17,(anonymous_2)
FN:31,(anonymous_3)
FN:41,(anonymous_4)
FN:48,(anonymous_5)
FN:55,(anonymous_6)
FN:62,(anonymous_7)
FN:69,(anonymous_8)
FN:76,(anonymous_9)
FN:84,(anonymous_10)
FN:92,(anonymous_11)
FN:98,(anonymous_12)
FN:124,(anonymous_13)
FN:130,(anonymous_14)
FN:137,(anonymous_15)
FN:144,(anonymous_16)
FN:157,(anonymous_17)
FN:162,(anonymous_18)
FN:169,(anonymous_19)
FN:177,(anonymous_20)
FN:185,(anonymous_21)
FN:193,(anonymous_22)
FN:201,(anonymous_23)
FN:210,(anonymous_24)
FN:225,(anonymous_25)
FN:233,(anonymous_26)
FN:257,(anonymous_27)
FN:264,(anonymous_28)
FN:272,(anonymous_29)
FN:278,(anonymous_30)
FN:284,(anonymous_31)
FN:292,(anonymous_32)
FNF:33
FNH:1
FNDA:1,(anonymous_0)
FNDA:0,(anonymous_1)
FNDA:0,(anonymous_2)
FNDA:0,(anonymous_3)
FNDA:0,(anonymous_4)
FNDA:0,(anonymous_5)
FNDA:0,(anonymous_6)
FNDA:0,(anonymous_7)
FNDA:0,(anonymous_8)
FNDA:0,(anonymous_9)
FNDA:0,(anonymous_10)
FNDA:0,(anonymous_11)
FNDA:0,(anonymous_12)
FNDA:0,(anonymous_13)
FNDA:0,(anonymous_14)
FNDA:0,(anonymous_15)
FNDA:0,(anonymous_16)
FNDA:0,(anonymous_17)
FNDA:0,(anonymous_18)
FNDA:0,(anonymous_19)
FNDA:0,(anonymous_20)
FNDA:0,(anonymous_21)
FNDA:0,(anonymous_22)
FNDA:0,(anonymous_23)
FNDA:0,(anonymous_24)
FNDA:0,(anonymous_25)
FNDA:0,(anonymous_26)
FNDA:0,(anonymous_27)
FNDA:0,(anonymous_28)
FNDA:0,(anonymous_29)
FNDA:0,(anonymous_30)
FNDA:0,(anonymous_31)
FNDA:0,(anonymous_32)
DA:7,1
DA:8,0
DA:14,0
DA:15,0
DA:18,0
DA:19,0
DA:20,0
DA:32,0
DA:33,0
DA:42,0
DA:43,0
DA:44,0
DA:49,0
DA:50,0
DA:51,0
DA:56,0
DA:57,0
DA:58,0
DA:63,0
DA:64,0
DA:65,0
DA:70,0
DA:71,0
DA:72,0
DA:77,0
DA:78,0
DA:79,0
DA:85,0
DA:86,0
DA:87,0
DA:93,0
DA:94,0
DA:108,0
DA:109,0
DA:110,0
DA:125,0
DA:126,0
DA:131,0
DA:132,0
DA:133,0
DA:138,0
DA:139,0
DA:140,0
DA:145,0
DA:146,0
DA:147,0
DA:148,0
DA:163,0
DA:164,0
DA:165,0
DA:170,0
DA:171,0
DA:172,0
DA:173,0
DA:178,0
DA:179,0
DA:180,0
DA:186,0
DA:187,0
DA:188,0
DA:194,0
DA:195,0
DA:196,0
DA:202,0
DA:203,0
DA:204,0
DA:211,0
DA:212,0
DA:213,0
DA:214,0
DA:226,0
DA:227,0
DA:228,0
DA:229,0
DA:234,0
DA:235,0
DA:237,0
DA:252,0
DA:258,0
DA:259,0
DA:260,0
DA:265,0
DA:266,0
DA:267,0
DA:273,0
DA:274,0
DA:276,0
DA:279,0
DA:280,0
DA:282,0
DA:285,0
DA:287,0
DA:293,0
DA:295,0
LF:94
LH:1
BRDA:237,0,0,0
BRDA:237,0,1,0
BRF:2
BRH:0
end_of_record
TN:
SF:src/network/requestService.js
FN:6,(anonymous_0)
FN:31,(anonymous_1)
FN:32,(anonymous_2)
FN:48,(anonymous_3)
FN:49,(anonymous_4)
FN:52,(anonymous_5)
FN:55,(anonymous_6)
FN:61,(anonymous_7)
FN:62,(anonymous_8)
FN:65,(anonymous_9)
FN:72,(anonymous_10)
FN:78,(anonymous_11)
FN:79,(anonymous_12)
FN:82,(anonymous_13)
FN:89,(anonymous_14)
FN:95,(anonymous_15)
FN:96,(anonymous_16)
FN:103,(anonymous_17)
FN:113,(anonymous_18)
FN:119,(anonymous_19)
FN:122,(anonymous_20)
FN:126,(anonymous_21)
FNF:22
FNH:0
FNDA:0,(anonymous_0)
FNDA:0,(anonymous_1)
FNDA:0,(anonymous_2)
FNDA:0,(anonymous_3)
FNDA:0,(anonymous_4)
FNDA:0,(anonymous_5)
FNDA:0,(anonymous_6)
FNDA:0,(anonymous_7)
FNDA:0,(anonymous_8)
FNDA:0,(anonymous_9)
FNDA:0,(anonymous_10)
FNDA:0,(anonymous_11)
FNDA:0,(anonymous_12)
FNDA:0,(anonymous_13)
FNDA:0,(anonymous_14)
FNDA:0,(anonymous_15)
FNDA:0,(anonymous_16)
FNDA:0,(anonymous_17)
FNDA:0,(anonymous_18)
FNDA:0,(anonymous_19)
FNDA:0,(anonymous_20)
FNDA:0,(anonymous_21)
DA:6,31
DA:7,0
DA:8,0
DA:9,0
DA:11,0
DA:12,0
DA:15,0
DA:19,0
DA:23,0
DA:24,0
DA:25,0
DA:32,0
DA:40,0
DA:45,0
DA:49,0
DA:50,0
DA:53,0
DA:56,0
DA:62,0
DA:63,0
DA:66,0
DA:67,0
DA:69,0
DA:73,0
DA:79,0
DA:80,0
DA:83,0
DA:84,0
DA:86,0
DA:90,0
DA:96,0
DA:97,0
DA:98,0
DA:99,0
DA:101,0
DA:104,0
DA:108,0
DA:110,0
DA:114,0
DA:120,0
DA:123,0
DA:127,0
DA:129,0
LF:43
LH:1
BRDA:8,0,0,0
BRDA:8,0,1,0
BRDA:8,1,0,0
BRDA:8,1,1,0
BRDA:8,1,2,0
BRDA:11,2,0,0
BRDA:11,2,1,0
BRDA:15,3,0,0
BRDA:15,3,1,0
BRDA:16,4,0,0
BRDA:16,4,1,0
BRDA:23,5,0,0
BRDA:23,5,1,0
BRDA:66,6,0,0
BRDA:66,6,1,0
BRDA:66,7,0,0
BRDA:66,7,1,0
BRDA:83,8,0,0
BRDA:83,8,1,0
BRDA:83,9,0,0
BRDA:83,9,1,0
BRDA:98,10,0,0
BRDA:98,10,1,0
BRDA:104,11,0,0
BRDA:104,11,1,0
BRDA:105,12,0,0
BRDA:105,12,1,0
BRF:27
BRH:0
end_of_record
TN:
SF:src/pushNotification/pushNotifications.js
FN:4,(anonymous_0)
FN:6,(anonymous_1)
FN:7,(anonymous_2)
FN:20,(anonymous_3)
FN:23,(anonymous_4)
FN:28,(anonymous_5)
FN:67,(anonymous_6)
FN:76,(anonymous_7)
FNF:8
FNH:1
FNDA:1,(anonymous_0)
FNDA:0,(anonymous_1)
FNDA:0,(anonymous_2)
FNDA:0,(anonymous_3)
FNDA:0,(anonymous_4)
FNDA:0,(anonymous_5)
FNDA:0,(anonymous_6)
FNDA:0,(anonymous_7)
DA:5,1
DA:14,1
DA:23,1
DA:29,0
DA:31,0
DA:37,0
DA:38,0
DA:46,0
DA:47,0
DA:57,0
DA:68,0
DA:77,0
LF:12
LH:3
BRDA:37,0,0,0
BRDA:37,0,1,0
BRDA:37,1,0,0
BRDA:37,1,1,0
BRDA:46,2,0,0
BRDA:46,2,1,0
BRDA:62,3,0,0
BRDA:62,3,1,0
BRF:8
BRH:0
end_of_record
TN:
SF:src/redux/actionTypes.js
FNF:0
FNH:0
DA:2,90
DA:5,90
DA:8,90
DA:9,90
DA:10,90
DA:11,90
DA:14,90
DA:15,90
DA:16,90
DA:17,90
DA:20,90
DA:21,90
DA:22,90
DA:25,90
DA:26,90
DA:27,90
DA:30,90
DA:31,90
DA:32,90
DA:33,90
DA:36,90
DA:37,90
DA:38,90
DA:39,90
DA:42,90
DA:43,90
DA:44,90
DA:45,90
DA:48,90
DA:49,90
DA:50,90
DA:53,90
DA:54,90
DA:55,90
DA:58,90
DA:59,90
DA:60,90
DA:61,90
DA:64,90
DA:65,90
DA:66,90
DA:67,90
DA:70,90
DA:71,90
DA:72,90
DA:73,90
DA:76,90
DA:77,90
DA:78,90
DA:79,90
DA:82,90
DA:83,90
DA:84,90
DA:85,90
DA:88,90
DA:89,90
DA:90,90
DA:91,90
DA:94,90
DA:95,90
DA:96,90
DA:97,90
DA:100,90
DA:101,90
DA:102,90
DA:103,90
DA:106,90
DA:107,90
DA:108,90
DA:109,90
DA:112,90
DA:113,90
DA:114,90
DA:117,90
DA:118,90
DA:119,90
DA:120,90
DA:123,90
DA:124,90
DA:125,90
DA:128,90
DA:129,90
DA:130,90
DA:131,90
DA:134,90
DA:135,90
DA:136,90
DA:137,90
DA:140,90
DA:141,90
DA:142,90
DA:143,90
DA:146,90
DA:147,90
DA:148,90
DA:149,90
DA:152,90
DA:153,90
DA:154,90
DA:155,90
DA:158,90
DA:159,90
DA:160,90
DA:161,90
DA:164,90
DA:165,90
DA:166,90
DA:169,90
DA:170,90
DA:171,90
DA:174,90
DA:175,90
DA:176,90
DA:179,90
DA:180,90
DA:181,90
DA:182,90
DA:185,90
DA:186,90
DA:187,90
DA:188,90
DA:191,90
DA:192,90
DA:193,90
DA:196,90
DA:197,90
DA:198,90
DA:201,90
DA:202,90
DA:203,90
DA:204,90
DA:207,90
DA:208,90
DA:209,90
DA:210,90
LF:135
LH:135
BRF:0
BRH:0
end_of_record
TN:
SF:src/redux/action/StoreAction/storeAction.js
FN:3,(anonymous_0)
FN:10,(anonymous_1)
FN:17,(anonymous_2)
FNF:3
FNH:3
FNDA:1,(anonymous_0)
FNDA:1,(anonymous_1)
FNDA:1,(anonymous_2)
DA:3,1
DA:4,1
DA:10,1
DA:11,1
DA:17,1
DA:18,1
LF:6
LH:6
BRF:0
BRH:0
end_of_record
TN:
SF:src/redux/action/caretaker/acceptCaretakerReqAction.js
FN:3,(anonymous_0)
FN:9,(anonymous_1)
FN:15,(anonymous_2)
FN:21,(anonymous_3)
FNF:4
FNH:4
FNDA:1,(anonymous_0)
FNDA:3,(anonymous_1)
FNDA:3,(anonymous_2)
FNDA:1,(anonymous_3)
DA:3,3
DA:4,1
DA:9,3
DA:10,3
DA:15,3
DA:16,3
DA:21,3
DA:22,1
LF:8
LH:8
BRF:0
BRH:0
end_of_record
TN:
SF:src/redux/action/caretaker/caretakerRequestAction.js
FN:3,(anonymous_0)
FN:9,(anonymous_1)
FN:15,(anonymous_2)
FN:21,(anonymous_3)
FNF:4
FNH:4
FNDA:1,(anonymous_0)
FNDA:3,(anonymous_1)
FNDA:3,(anonymous_2)
FNDA:1,(anonymous_3)
DA:3,3
DA:4,1
DA:9,3
DA:10,3
DA:15,3
DA:16,3
DA:21,3
DA:22,1
LF:8
LH:8
BRF:0
BRH:0
end_of_record
TN:
SF:src/redux/action/caretaker/deleteCaretakerReqAction.js
FN:3,(anonymous_0)
FN:9,(anonymous_1)
FN:15,(anonymous_2)
FN:21,(anonymous_3)
FNF:4
FNH:4
FNDA:1,(anonymous_0)
FNDA:3,(anonymous_1)
FNDA:3,(anonymous_2)
FNDA:1,(anonymous_3)
DA:3,3
DA:4,1
DA:9,3
DA:10,3
DA:15,3
DA:16,3
DA:21,3
DA:22,1
LF:8
LH:8
BRF:0
BRH:0
end_of_record
TN:
SF:src/redux/action/caretaker/myCaretakerAction.js
FN:3,(anonymous_0)
FN:9,(anonymous_1)
FN:15,(anonymous_2)
FN:21,(anonymous_3)
FNF:4
FNH:4
FNDA:1,(anonymous_0)
FNDA:3,(anonymous_1)
FNDA:3,(anonymous_2)
FNDA:1,(anonymous_3)
DA:3,2
DA:4,1
DA:9,2
DA:10,3
DA:15,2
DA:16,3
DA:21,2
DA:22,1
LF:8
LH:8
BRF:0
BRH:0
end_of_record
TN:
SF:src/redux/action/getUserAction/getUserAction.js
FN:3,(anonymous_0)
FN:10,(anonymous_1)
FN:17,(anonymous_2)
FN:24,(anonymous_3)
FNF:4
FNH:4
FNDA:1,(anonymous_0)
FNDA:3,(anonymous_1)
FNDA:3,(anonymous_2)
FNDA:1,(anonymous_3)
DA:3,2
DA:4,1
DA:10,2
DA:11,3
DA:17,2
DA:18,3
DA:24,2
DA:25,1
LF:8
LH:8
BRF:0
BRH:0
end_of_record
TN:
SF:src/redux/action/getUserAction/sendReqAction.js
FN:3,(anonymous_0)
FN:10,(anonymous_1)
FN:17,(anonymous_2)
FN:24,(anonymous_3)
FNF:4
FNH:4
FNDA:1,(anonymous_0)
FNDA:3,(anonymous_1)
FNDA:3,(anonymous_2)
FNDA:1,(anonymous_3)
DA:3,2
DA:4,1
DA:10,2
DA:11,3
DA:17,2
DA:18,3
DA:24,2
DA:25,1
LF:8
LH:8
BRF:0
BRH:0
end_of_record
TN:
SF:src/redux/action/loginAction/loginAction.js
FN:3,(anonymous_0)
FN:10,(anonymous_1)
FN:17,(anonymous_2)
FN:24,(anonymous_3)
FNF:4
FNH:4
FNDA:1,(anonymous_0)
FNDA:2,(anonymous_1)
FNDA:3,(anonymous_2)
FNDA:1,(anonymous_3)
DA:3,2
DA:4,1
DA:10,2
DA:11,2
DA:17,2
DA:18,3
DA:24,2
DA:25,1
LF:8
LH:8
BRF:0
BRH:0
end_of_record
TN:
SF:src/redux/action/loginAction/saveInternetConnectivity.js
FN:3,(anonymous_0)
FNF:1
FNH:1
FNDA:1,(anonymous_0)
DA:3,1
DA:4,1
LF:2
LH:2
BRF:0
BRH:0
end_of_record
TN:
SF:src/redux/action/loginAction/saveUserLoggedIn.js
FN:3,(anonymous_0)
FNF:1
FNH:1
FNDA:1,(anonymous_0)
DA:3,1
DA:4,1
LF:2
LH:2
BRF:0
BRH:0
end_of_record
TN:
SF:src/redux/action/notification/deleteNotificationAction.js
FN:3,(anonymous_0)
FN:10,(anonymous_1)
FN:17,(anonymous_2)
FNF:3
FNH:3
FNDA:1,(anonymous_0)
FNDA:3,(anonymous_1)
FNDA:3,(anonymous_2)
DA:3,2
DA:4,1
DA:10,2
DA:11,3
DA:17,2
DA:18,3
LF:6
LH:6
BRF:0
BRH:0
end_of_record
TN:
SF:src/redux/action/notification/getAllNotification.js
FN:3,(anonymous_0)
FN:9,(anonymous_1)
FN:16,(anonymous_2)
FN:22,(anonymous_3)
FNF:4
FNH:4
FNDA:1,(anonymous_0)
FNDA:3,(anonymous_1)
FNDA:3,(anonymous_2)
FNDA:1,(anonymous_3)
DA:3,2
DA:4,1
DA:9,2
DA:10,3
DA:16,2
DA:17,3
DA:22,2
DA:23,1
LF:8
LH:8
BRF:0
BRH:0
end_of_record
TN:
SF:src/redux/action/otherScreenAction/downloadPdfAction.js
FN:3,(anonymous_0)
FN:9,(anonymous_1)
FN:15,(anonymous_2)
FNF:3
FNH:3
FNDA:1,(anonymous_0)
FNDA:3,(anonymous_1)
FNDA:3,(anonymous_2)
DA:3,2
DA:4,1
DA:9,2
DA:10,3
DA:15,2
DA:16,3
LF:6
LH:6
BRF:0
BRH:0
end_of_record
TN:
SF:src/redux/action/otherScreenAction/prescriptionsAction.js
FN:3,(anonymous_0)
FN:9,(anonymous_1)
FN:15,(anonymous_2)
FN:21,(anonymous_3)
FNF:4
FNH:4
FNDA:1,(anonymous_0)
FNDA:3,(anonymous_1)
FNDA:3,(anonymous_2)
FNDA:1,(anonymous_3)
DA:3,2
DA:4,1
DA:9,2
DA:10,3
DA:15,2
DA:16,3
DA:21,2
DA:22,1
LF:8
LH:8
BRF:0
BRH:0
end_of_record
TN:
SF:src/redux/action/otherScreenAction/sendSnapAction.js
FN:3,(anonymous_0)
FN:9,(anonymous_1)
FN:15,(anonymous_2)
FN:21,(anonymous_3)
FNF:4
FNH:4
FNDA:1,(anonymous_0)
FNDA:3,(anonymous_1)
FNDA:3,(anonymous_2)
FNDA:1,(anonymous_3)
DA:3,2
DA:4,1
DA:9,2
DA:10,3
DA:15,2
DA:16,3
DA:21,2
DA:22,1
LF:8
LH:8
BRF:0
BRH:0
end_of_record
TN:
SF:src/redux/action/patients/acceptPatientReqAction.js
FN:3,(anonymous_0)
FN:9,(anonymous_1)
FN:15,(anonymous_2)
FN:21,(anonymous_3)
FNF:4
FNH:4
FNDA:1,(anonymous_0)
FNDA:3,(anonymous_1)
FNDA:3,(anonymous_2)
FNDA:1,(anonymous_3)
DA:3,2
DA:4,1
DA:9,2
DA:10,3
DA:15,2
DA:16,3
DA:21,2
DA:22,1
LF:8
LH:8
BRF:0
BRH:0
end_of_record
TN:
SF:src/redux/action/patients/deletePatientReqAction.js
FN:3,(anonymous_0)
FN:9,(anonymous_1)
FN:15,(anonymous_2)
FN:21,(anonymous_3)
FNF:4
FNH:4
FNDA:1,(anonymous_0)
FNDA:3,(anonymous_1)
FNDA:3,(anonymous_2)
FNDA:1,(anonymous_3)
DA:3,2
DA:4,1
DA:9,2
DA:10,3
DA:15,2
DA:16,3
DA:21,2
DA:22,1
LF:8
LH:8
BRF:0
BRH:0
end_of_record
TN:
SF:src/redux/action/patients/getPatientHistoryAction.js
FN:3,(anonymous_0)
FN:9,(anonymous_1)
FN:15,(anonymous_2)
FN:21,(anonymous_3)
FNF:4
FNH:4
FNDA:1,(anonymous_0)
FNDA:3,(anonymous_1)
FNDA:3,(anonymous_2)
FNDA:1,(anonymous_3)
DA:3,2
DA:4,1
DA:9,2
DA:10,3
DA:15,2
DA:16,3
DA:21,2
DA:22,1
LF:8
LH:8
BRF:0
BRH:0
end_of_record
TN:
SF:src/redux/action/patients/medicineImagesAction.js
FN:3,(anonymous_0)
FN:9,(anonymous_1)
FN:15,(anonymous_2)
FN:21,(anonymous_3)
FNF:4
FNH:4
FNDA:1,(anonymous_0)
FNDA:3,(anonymous_1)
FNDA:3,(anonymous_2)
FNDA:1,(anonymous_3)
DA:3,2
DA:4,1
DA:9,2
DA:10,3
DA:15,2
DA:16,3
DA:21,2
DA:22,1
LF:8
LH:8
BRF:0
BRH:0
end_of_record
TN:
SF:src/redux/action/patients/myPatientsAction.js
FN:3,(anonymous_0)
FN:9,(anonymous_1)
FN:15,(anonymous_2)
FN:22,(anonymous_3)
FNF:4
FNH:4
FNDA:1,(anonymous_0)
FNDA:3,(anonymous_1)
FNDA:3,(anonymous_2)
FNDA:1,(anonymous_3)
DA:3,2
DA:4,1
DA:9,2
DA:10,3
DA:15,2
DA:16,3
DA:22,2
DA:23,1
LF:8
LH:8
BRF:0
BRH:0
end_of_record
TN:
SF:src/redux/action/patients/notifyUserAction.js
FN:3,(anonymous_0)
FN:9,(anonymous_1)
FN:15,(anonymous_2)
FN:21,(anonymous_3)
FNF:4
FNH:4
FNDA:1,(anonymous_0)
FNDA:3,(anonymous_1)
FNDA:3,(anonymous_2)
FNDA:1,(anonymous_3)
DA:3,2
DA:4,1
DA:9,2
DA:10,3
DA:15,2
DA:16,3
DA:21,2
DA:22,1
LF:8
LH:8
BRF:0
BRH:0
end_of_record
TN:
SF:src/redux/action/patients/patientsRequestAction.js
FN:3,(anonymous_0)
FN:9,(anonymous_1)
FN:15,(anonymous_2)
FN:22,(anonymous_3)
FNF:4
FNH:4
FNDA:1,(anonymous_0)
FNDA:3,(anonymous_1)
FNDA:3,(anonymous_2)
FNDA:1,(anonymous_3)
DA:3,2
DA:4,1
DA:9,2
DA:10,3
DA:15,2
DA:16,3
DA:22,2
DA:23,1
LF:8
LH:8
BRF:0
BRH:0
end_of_record
TN:
SF:src/redux/action/patients/userMedicineListAction.js
FN:3,(anonymous_0)
FN:9,(anonymous_1)
FN:15,(anonymous_2)
FN:22,(anonymous_3)
FNF:4
FNH:4
FNDA:1,(anonymous_0)
FNDA:3,(anonymous_1)
FNDA:3,(anonymous_2)
FNDA:1,(anonymous_3)
DA:3,2
DA:4,1
DA:9,2
DA:10,3
DA:15,2
DA:16,3
DA:22,2
DA:23,1
LF:8
LH:8
BRF:0
BRH:0
end_of_record
TN:
SF:src/redux/action/profileAction/editProfileAction.js
FN:3,(anonymous_0)
FN:9,(anonymous_1)
FN:15,(anonymous_2)
FN:21,(anonymous_3)
FNF:4
FNH:4
FNDA:1,(anonymous_0)
FNDA:3,(anonymous_1)
FNDA:3,(anonymous_2)
FNDA:1,(anonymous_3)
DA:3,2
DA:4,1
DA:9,2
DA:10,3
DA:15,2
DA:16,3
DA:21,2
DA:22,1
LF:8
LH:8
BRF:0
BRH:0
end_of_record
TN:
SF:src/redux/action/profileAction/getUserProfileAction.js
FN:3,(anonymous_0)
FN:8,(anonymous_1)
FN:14,(anonymous_2)
FN:20,(anonymous_3)
FNF:4
FNH:4
FNDA:1,(anonymous_0)
FNDA:3,(anonymous_1)
FNDA:3,(anonymous_2)
FNDA:1,(anonymous_3)
DA:3,2
DA:4,1
DA:8,2
DA:9,3
DA:14,2
DA:15,3
DA:20,2
DA:21,1
LF:8
LH:8
BRF:0
BRH:0
end_of_record
TN:
SF:src/redux/action/signUpAction/expiryActions.js
FN:3,(anonymous_0)
FN:9,(anonymous_1)
FN:16,(anonymous_2)
FNF:3
FNH:3
FNDA:1,(anonymous_0)
FNDA:3,(anonymous_1)
FNDA:3,(anonymous_2)
DA:3,2
DA:4,1
DA:9,2
DA:10,3
DA:16,2
DA:17,3
LF:6
LH:6
BRF:0
BRH:0
end_of_record
TN:
SF:src/redux/action/signUpAction/refreshAction.js
FN:3,(anonymous_0)
FN:9,(anonymous_1)
FN:16,(anonymous_2)
FNF:3
FNH:3
FNDA:1,(anonymous_0)
FNDA:3,(anonymous_1)
FNDA:3,(anonymous_2)
DA:3,2
DA:4,1
DA:9,2
DA:10,3
DA:16,2
DA:17,3
LF:6
LH:6
BRF:0
BRH:0
end_of_record
TN:
SF:src/redux/action/signUpAction/signUpAction.js
FN:3,(anonymous_0)
FN:10,(anonymous_1)
FN:17,(anonymous_2)
FN:24,(anonymous_3)
FNF:4
FNH:4
FNDA:1,(anonymous_0)
FNDA:3,(anonymous_1)
FNDA:3,(anonymous_2)
FNDA:1,(anonymous_3)
DA:3,2
DA:4,1
DA:10,2
DA:11,3
DA:17,2
DA:18,3
DA:24,2
DA:25,1
LF:8
LH:8
BRF:0
BRH:0
end_of_record
TN:
SF:src/redux/action/userMedicine/getAllMedicineHistoryAction.js
FN:3,(anonymous_0)
FN:8,(anonymous_1)
FN:14,(anonymous_2)
FN:20,(anonymous_3)
FNF:4
FNH:4
FNDA:1,(anonymous_0)
FNDA:3,(anonymous_1)
FNDA:1,(anonymous_2)
FNDA:3,(anonymous_3)
DA:3,2
DA:4,1
DA:8,2
DA:9,3
DA:14,2
DA:15,1
DA:20,2
DA:21,3
LF:8
LH:8
BRF:0
BRH:0
end_of_record
TN:
SF:src/redux/action/userMedicine/getAppointmentListAction.js
FN:3,(anonymous_0)
FN:8,(anonymous_1)
FN:14,(anonymous_2)
FN:20,(anonymous_3)
FNF:4
FNH:4
FNDA:1,(anonymous_0)
FNDA:3,(anonymous_1)
FNDA:3,(anonymous_2)
FNDA:1,(anonymous_3)
DA:3,2
DA:4,1
DA:8,2
DA:9,3
DA:14,2
DA:15,3
DA:20,2
DA:21,1
LF:8
LH:8
BRF:0
BRH:0
end_of_record
TN:
SF:src/redux/action/userMedicine/medicineListAction.js
FN:3,(anonymous_0)
FN:8,(anonymous_1)
FN:14,(anonymous_2)
FN:21,(anonymous_3)
FNF:4
FNH:4
FNDA:1,(anonymous_0)
FNDA:3,(anonymous_1)
FNDA:3,(anonymous_2)
FNDA:1,(anonymous_3)
DA:3,2
DA:4,1
DA:8,2
DA:9,3
DA:14,2
DA:15,3
DA:21,2
DA:22,1
LF:8
LH:8
BRF:0
BRH:0
end_of_record
TN:
SF:src/redux/action/userMedicine/searchMedicineAction.js
FN:3,(anonymous_0)
FN:9,(anonymous_1)
FN:15,(anonymous_2)
FN:21,(anonymous_3)
FNF:4
FNH:4
FNDA:1,(anonymous_0)
FNDA:3,(anonymous_1)
FNDA:3,(anonymous_2)
FNDA:1,(anonymous_3)
DA:3,2
DA:4,1
DA:9,2
DA:10,3
DA:15,2
DA:16,3
DA:21,2
DA:22,1
LF:8
LH:8
BRF:0
BRH:0
end_of_record
TN:
SF:src/redux/action/userMedicine/syncDataAction.js
FN:3,(anonymous_0)
FN:9,(anonymous_1)
FN:15,(anonymous_2)
FN:21,(anonymous_3)
FNF:4
FNH:4
FNDA:1,(anonymous_0)
FNDA:1,(anonymous_1)
FNDA:1,(anonymous_2)
FNDA:1,(anonymous_3)
DA:3,1
DA:4,1
DA:9,1
DA:10,1
DA:15,1
DA:16,1
DA:21,1
DA:22,1
LF:8
LH:8
BRF:0
BRH:0
end_of_record
TN:
SF:src/redux/action/userMedicine/syncHistoryDetailsAction.js
FN:3,(anonymous_0)
FN:9,(anonymous_1)
FN:15,(anonymous_2)
FN:21,(anonymous_3)
FNF:4
FNH:4
FNDA:1,(anonymous_0)
FNDA:1,(anonymous_1)
FNDA:1,(anonymous_2)
FNDA:1,(anonymous_3)
DA:3,1
DA:4,1
DA:9,1
DA:10,1
DA:15,1
DA:16,1
DA:21,1
DA:22,1
LF:8
LH:8
BRF:0
BRH:0
end_of_record
TN:
SF:src/redux/constant/notification/deleteNotificationConstant.js
FNF:0
FNH:0
DA:1,3
LF:1
LH:1
BRF:0
BRH:0
end_of_record
TN:
SF:src/redux/constant/notification/getAllNotificationConstant.js
FNF:0
FNH:0
DA:1,3
LF:1
LH:1
BRF:0
BRH:0
end_of_record
TN:
SF:src/redux/reducers/caretaker/acceptCaretakerReqReducer.js
FN:14,(anonymous_0)
FNF:1
FNH:1
FNDA:4,(anonymous_0)
DA:9,1
DA:14,1
DA:15,4
DA:17,1
DA:19,1
DA:21,1
DA:23,0
DA:25,1
LF:8
LH:7
BRDA:14,0,0,1
BRDA:15,1,0,1
BRDA:15,1,1,1
BRDA:15,1,2,1
BRDA:15,1,3,0
BRDA:15,1,4,1
BRF:6
BRH:5
end_of_record
TN:
SF:src/redux/reducers/caretaker/caretakerRequestReducer.js
FN:14,(anonymous_0)
FNF:1
FNH:1
FNDA:5,(anonymous_0)
DA:9,1
DA:14,1
DA:15,5
DA:17,1
DA:19,1
DA:26,1
DA:28,1
DA:30,1
LF:8
LH:8
BRDA:14,0,0,1
BRDA:15,1,0,1
BRDA:15,1,1,1
BRDA:15,1,2,1
BRDA:15,1,3,1
BRDA:15,1,4,1
BRF:6
BRH:6
end_of_record
TN:
SF:src/redux/reducers/caretaker/deleteCaretakerReqReducer.js
FN:14,(anonymous_0)
FNF:1
FNH:1
FNDA:5,(anonymous_0)
DA:9,1
DA:14,1
DA:15,5
DA:17,1
DA:19,1
DA:21,1
DA:23,1
DA:25,1
LF:8
LH:8
BRDA:14,0,0,1
BRDA:15,1,0,1
BRDA:15,1,1,1
BRDA:15,1,2,1
BRDA:15,1,3,1
BRDA:15,1,4,1
BRF:6
BRH:6
end_of_record
TN:
SF:src/redux/reducers/caretaker/myCaretakerReducer.js
FN:14,(anonymous_0)
FNF:1
FNH:1
FNDA:5,(anonymous_0)
DA:9,1
DA:14,1
DA:15,5
DA:17,1
DA:19,1
DA:26,1
DA:28,1
DA:30,1
LF:8
LH:8
BRDA:14,0,0,1
BRDA:15,1,0,1
BRDA:15,1,1,1
BRDA:15,1,2,1
BRDA:15,1,3,1
BRDA:15,1,4,1
BRF:6
BRH:6
end_of_record
TN:
SF:src/redux/reducers/getUserReducer/getUserReducer.js
FN:14,(anonymous_0)
FNF:1
FNH:1
FNDA:5,(anonymous_0)
DA:9,1
DA:14,1
DA:15,5
DA:17,1
DA:19,1
DA:21,1
DA:23,1
DA:25,1
LF:8
LH:8
BRDA:14,0,0,1
BRDA:15,1,0,1
BRDA:15,1,1,1
BRDA:15,1,2,1
BRDA:15,1,3,1
BRDA:15,1,4,1
BRF:6
BRH:6
end_of_record
TN:
SF:src/redux/reducers/getUserReducer/sendReqReducer.js
FN:14,(anonymous_0)
FNF:1
FNH:1
FNDA:5,(anonymous_0)
DA:9,1
DA:14,1
DA:15,5
DA:17,1
DA:19,1
DA:21,1
DA:23,1
DA:25,1
LF:8
LH:8
BRDA:14,0,0,1
BRDA:15,1,0,1
BRDA:15,1,1,1
BRDA:15,1,2,1
BRDA:15,1,3,1
BRDA:15,1,4,1
BRF:6
BRH:6
end_of_record
TN:
SF:src/redux/reducers/loginReducer/loginReducer.js
FN:14,(anonymous_0)
FNF:1
FNH:1
FNDA:5,(anonymous_0)
DA:9,1
DA:14,1
DA:15,5
DA:17,1
DA:19,1
DA:21,1
DA:23,1
DA:25,1
LF:8
LH:8
BRDA:14,0,0,1
BRDA:15,1,0,1
BRDA:15,1,1,1
BRDA:15,1,2,1
BRDA:15,1,3,1
BRDA:15,1,4,1
BRF:6
BRH:6
end_of_record
TN:
SF:src/redux/reducers/loginReducer/saveInternetConnectivityReducer.js
FN:7,(anonymous_0)
FNF:1
FNH:1
FNDA:2,(anonymous_0)
DA:4,1
DA:7,1
DA:11,2
DA:13,1
DA:15,1
LF:5
LH:5
BRDA:8,0,0,1
BRDA:11,1,0,1
BRDA:11,1,1,1
BRF:3
BRH:3
end_of_record
TN:
SF:src/redux/reducers/loginReducer/saveUserLoggedInReducer.js
FN:7,(anonymous_0)
FNF:1
FNH:1
FNDA:2,(anonymous_0)
DA:4,1
DA:7,1
DA:8,2
DA:10,1
DA:12,1
LF:5
LH:5
BRDA:7,0,0,1
BRDA:8,1,0,1
BRDA:8,1,1,1
BRF:3
BRH:3
end_of_record
TN:
SF:src/redux/reducers/notification/deleteNotificationReducer.js
FN:13,(anonymous_0)
FNF:1
FNH:1
FNDA:4,(anonymous_0)
DA:3,1
DA:13,1
DA:14,4
DA:16,1
DA:24,1
DA:33,1
DA:41,1
LF:7
LH:7
BRDA:13,0,0,1
BRDA:13,1,0,0
BRDA:14,2,0,1
BRDA:14,2,1,1
BRDA:14,2,2,1
BRDA:14,2,3,1
BRF:6
BRH:5
end_of_record
TN:
SF:src/redux/reducers/notification/getAllNotificationReducer.js
FN:13,(anonymous_0)
FNF:1
FNH:1
FNDA:4,(anonymous_0)
DA:3,1
DA:13,1
DA:14,4
DA:16,1
DA:23,1
DA:31,1
DA:39,0
DA:49,1
LF:8
LH:7
BRDA:13,0,0,1
BRDA:13,1,0,0
BRDA:14,2,0,1
BRDA:14,2,1,1
BRDA:14,2,2,1
BRDA:14,2,3,0
BRDA:14,2,4,1
BRF:7
BRH:5
end_of_record
TN:
SF:src/redux/reducers/otherScreenReducer/downloadPdfReducer.js
FN:13,(anonymous_0)
FNF:1
FNH:1
FNDA:4,(anonymous_0)
DA:8,1
DA:13,1
DA:14,4
DA:16,1
DA:18,1
DA:20,1
DA:22,1
LF:7
LH:7
BRDA:13,0,0,1
BRDA:14,1,0,1
BRDA:14,1,1,1
BRDA:14,1,2,1
BRDA:14,1,3,1
BRF:5
BRH:5
end_of_record
TN:
SF:src/redux/reducers/otherScreenReducer/myPrescriptionsReducer.js
FN:14,(anonymous_0)
FNF:1
FNH:1
FNDA:5,(anonymous_0)
DA:9,1
DA:14,1
DA:15,5
DA:17,1
DA:19,1
DA:26,1
DA:28,1
DA:30,1
LF:8
LH:8
BRDA:14,0,0,1
BRDA:15,1,0,1
BRDA:15,1,1,1
BRDA:15,1,2,1
BRDA:15,1,3,1
BRDA:15,1,4,1
BRF:6
BRH:6
end_of_record
TN:
SF:src/redux/reducers/otherScreenReducer/sendSnapReducer.js
FN:14,(anonymous_0)
FNF:1
FNH:1
FNDA:5,(anonymous_0)
DA:9,1
DA:14,1
DA:15,5
DA:17,1
DA:19,1
DA:21,1
DA:23,1
DA:25,1
LF:8
LH:8
BRDA:14,0,0,1
BRDA:15,1,0,1
BRDA:15,1,1,1
BRDA:15,1,2,1
BRDA:15,1,3,1
BRDA:15,1,4,1
BRF:6
BRH:6
end_of_record
TN:
SF:src/redux/reducers/patients/acceptPatientReqReducer.js
FN:14,(anonymous_0)
FNF:1
FNH:1
FNDA:5,(anonymous_0)
DA:9,1
DA:14,1
DA:15,5
DA:17,1
DA:19,1
DA:21,1
DA:23,1
DA:25,1
LF:8
LH:8
BRDA:14,0,0,1
BRDA:15,1,0,1
BRDA:15,1,1,1
BRDA:15,1,2,1
BRDA:15,1,3,1
BRDA:15,1,4,1
BRF:6
BRH:6
end_of_record
TN:
SF:src/redux/reducers/patients/deletePatientReqReducer.js
FN:14,(anonymous_0)
FNF:1
FNH:1
FNDA:5,(anonymous_0)
DA:9,1
DA:14,1
DA:15,5
DA:17,1
DA:19,1
DA:21,1
DA:23,1
DA:25,1
LF:8
LH:8
BRDA:14,0,0,1
BRDA:15,1,0,1
BRDA:15,1,1,1
BRDA:15,1,2,1
BRDA:15,1,3,1
BRDA:15,1,4,1
BRF:6
BRH:6
end_of_record
TN:
SF:src/redux/reducers/patients/getPatientHistoryReducer.js
FN:14,(anonymous_0)
FNF:1
FNH:1
FNDA:5,(anonymous_0)
DA:9,1
DA:14,1
DA:15,5
DA:17,1
DA:19,1
DA:21,1
DA:23,1
DA:25,1
LF:8
LH:8
BRDA:14,0,0,1
BRDA:15,1,0,1
BRDA:15,1,1,1
BRDA:15,1,2,1
BRDA:15,1,3,1
BRDA:15,1,4,1
BRF:6
BRH:6
end_of_record
TN:
SF:src/redux/reducers/patients/medicineImagesReducer.js
FN:14,(anonymous_0)
FNF:1
FNH:1
FNDA:5,(anonymous_0)
DA:9,1
DA:14,1
DA:15,5
DA:17,1
DA:19,1
DA:21,1
DA:23,1
DA:25,1
LF:8
LH:8
BRDA:14,0,0,1
BRDA:15,1,0,1
BRDA:15,1,1,1
BRDA:15,1,2,1
BRDA:15,1,3,1
BRDA:15,1,4,1
BRF:6
BRH:6
end_of_record
TN:
SF:src/redux/reducers/patients/notifyUserReducer.js
FN:14,(anonymous_0)
FNF:1
FNH:1
FNDA:5,(anonymous_0)
DA:9,1
DA:14,1
DA:15,5
DA:17,1
DA:19,1
DA:21,1
DA:23,1
DA:25,1
LF:8
LH:8
BRDA:14,0,0,1
BRDA:15,1,0,1
BRDA:15,1,1,1
BRDA:15,1,2,1
BRDA:15,1,3,1
BRDA:15,1,4,1
BRF:6
BRH:6
end_of_record
TN:
SF:src/redux/reducers/patients/patientsRequestReducer.js
FN:14,(anonymous_0)
FNF:1
FNH:1
FNDA:5,(anonymous_0)
DA:9,1
DA:14,1
DA:15,5
DA:17,1
DA:19,1
DA:26,1
DA:28,1
DA:30,1
LF:8
LH:8
BRDA:14,0,0,1
BRDA:15,1,0,1
BRDA:15,1,1,1
BRDA:15,1,2,1
BRDA:15,1,3,1
BRDA:15,1,4,1
BRF:6
BRH:6
end_of_record
TN:
SF:src/redux/reducers/patients/userMedicineListReducer.js
FN:14,(anonymous_0)
FNF:1
FNH:1
FNDA:5,(anonymous_0)
DA:8,1
DA:14,1
DA:15,5
DA:17,1
DA:19,1
DA:26,1
DA:28,1
DA:30,1
LF:8
LH:8
BRDA:14,0,0,1
BRDA:15,1,0,1
BRDA:15,1,1,1
BRDA:15,1,2,1
BRDA:15,1,3,1
BRDA:15,1,4,1
BRF:6
BRH:6
end_of_record
TN:
SF:src/redux/reducers/profileReducer/editProfileReducer.js
FN:14,(anonymous_0)
FNF:1
FNH:1
FNDA:5,(anonymous_0)
DA:9,1
DA:14,1
DA:15,5
DA:17,1
DA:19,1
DA:21,1
DA:23,1
DA:25,1
LF:8
LH:8
BRDA:14,0,0,1
BRDA:15,1,0,1
BRDA:15,1,1,1
BRDA:15,1,2,1
BRDA:15,1,3,1
BRDA:15,1,4,1
BRF:6
BRH:6
end_of_record
TN:
SF:src/redux/reducers/profileReducer/getUserProfileReducer.js
FN:14,(anonymous_0)
FNF:1
FNH:1
FNDA:5,(anonymous_0)
DA:9,1
DA:14,1
DA:15,5
DA:17,1
DA:19,1
DA:26,1
DA:28,1
DA:30,1
LF:8
LH:8
BRDA:14,0,0,1
BRDA:15,1,0,1
BRDA:15,1,1,1
BRDA:15,1,2,1
BRDA:15,1,3,1
BRDA:15,1,4,1
BRF:6
BRH:6
end_of_record
TN:
SF:src/redux/reducers/signUpReducer/expiryReducer.js
FN:9,(anonymous_0)
FNF:1
FNH:1
FNDA:4,(anonymous_0)
DA:4,1
DA:9,1
DA:10,4
DA:12,1
DA:14,1
DA:20,1
DA:22,1
LF:7
LH:7
BRDA:9,0,0,1
BRDA:10,1,0,1
BRDA:10,1,1,1
BRDA:10,1,2,1
BRDA:10,1,3,1
BRF:5
BRH:5
end_of_record
TN:
SF:src/redux/reducers/signUpReducer/refreshReducer.js
FN:13,(anonymous_0)
FNF:1
FNH:1
FNDA:4,(anonymous_0)
DA:8,1
DA:13,1
DA:14,4
DA:16,1
DA:18,1
DA:19,1
DA:25,1
DA:27,1
LF:8
LH:8
BRDA:13,0,0,1
BRDA:14,1,0,1
BRDA:14,1,1,1
BRDA:14,1,2,1
BRDA:14,1,3,1
BRF:5
BRH:5
end_of_record
TN:
SF:src/redux/reducers/signUpReducer/signUpReducer.js
FN:14,(anonymous_0)
FNF:1
FNH:1
FNDA:5,(anonymous_0)
DA:9,1
DA:14,1
DA:15,5
DA:17,1
DA:19,1
DA:26,1
DA:28,1
DA:30,1
LF:8
LH:8
BRDA:14,0,0,1
BRDA:15,1,0,1
BRDA:15,1,1,1
BRDA:15,1,2,1
BRDA:15,1,3,1
BRDA:15,1,4,1
BRF:6
BRH:6
end_of_record
TN:
SF:src/redux/reducers/userMedicine/getAllMedicineHistoryReducer.js
FN:14,(anonymous_0)
FNF:1
FNH:1
FNDA:5,(anonymous_0)
DA:8,1
DA:14,1
DA:15,5
DA:17,1
DA:19,1
DA:26,1
DA:28,1
DA:30,1
LF:8
LH:8
BRDA:14,0,0,1
BRDA:15,1,0,1
BRDA:15,1,1,1
BRDA:15,1,2,1
BRDA:15,1,3,1
BRDA:15,1,4,1
BRF:6
BRH:6
end_of_record
TN:
SF:src/redux/reducers/userMedicine/getAppointmentListReducer.js
FN:14,(anonymous_0)
FNF:1
FNH:1
FNDA:5,(anonymous_0)
DA:8,1
DA:14,1
DA:15,5
DA:17,1
DA:19,1
DA:21,1
DA:23,1
DA:25,1
LF:8
LH:8
BRDA:14,0,0,1
BRDA:15,1,0,1
BRDA:15,1,1,1
BRDA:15,1,2,1
BRDA:15,1,3,1
BRDA:15,1,4,1
BRF:6
BRH:6
end_of_record
TN:
SF:src/redux/reducers/userMedicine/medicineListReducer.js
FN:14,(anonymous_0)
FNF:1
FNH:1
FNDA:5,(anonymous_0)
DA:8,1
DA:14,1
DA:15,5
DA:17,1
DA:19,1
DA:21,1
DA:23,1
DA:25,1
LF:8
LH:8
BRDA:14,0,0,1
BRDA:15,1,0,1
BRDA:15,1,1,1
BRDA:15,1,2,1
BRDA:15,1,3,1
BRDA:15,1,4,1
BRF:6
BRH:6
end_of_record
TN:
SF:src/redux/reducers/userMedicine/searchMedicineReducer.js
FN:14,(anonymous_0)
FNF:1
FNH:1
FNDA:5,(anonymous_0)
DA:8,1
DA:14,1
DA:15,5
DA:17,1
DA:19,1
DA:27,1
DA:30,1
DA:33,1
LF:8
LH:8
BRDA:14,0,0,1
BRDA:15,1,0,1
BRDA:15,1,1,1
BRDA:15,1,2,1
BRDA:15,1,3,1
BRDA:15,1,4,1
BRF:6
BRH:6
end_of_record
TN:
SF:src/redux/reducers/userMedicine/syncDataReducer.js
FN:14,(anonymous_0)
FNF:1
FNH:1
FNDA:5,(anonymous_0)
DA:8,1
DA:14,1
DA:15,5
DA:17,1
DA:19,1
DA:21,1
DA:23,1
DA:25,1
LF:8
LH:8
BRDA:14,0,0,1
BRDA:15,1,0,1
BRDA:15,1,1,1
BRDA:15,1,2,1
BRDA:15,1,3,1
BRDA:15,1,4,1
BRF:6
BRH:6
end_of_record
TN:
SF:src/redux/reducers/userMedicine/syncHistoryDetailsReducer.js
FN:14,(anonymous_0)
FNF:1
FNH:1
FNDA:5,(anonymous_0)
DA:8,1
DA:14,1
DA:15,5
DA:17,1
DA:19,1
DA:21,1
DA:23,1
DA:25,1
LF:8
LH:8
BRDA:14,0,0,1
BRDA:15,1,0,1
BRDA:15,1,1,1
BRDA:15,1,2,1
BRDA:15,1,3,1
BRDA:15,1,4,1
BRF:6
BRH:6
end_of_record
TN:
SF:src/redux/sagas/caretaker/acceptCaretakerReqSaga.js
FN:9,acceptCaretakerRequestSaga
FN:18,watchAcceptCaretakerReqSaga
FNF:2
FNH:2
FNDA:2,acceptCaretakerRequestSaga
FNDA:1,watchAcceptCaretakerReqSaga
DA:10,2
DA:11,2
DA:12,1
DA:14,1
DA:19,1
LF:5
LH:5
BRF:0
BRH:0
end_of_record
TN:
SF:src/redux/sagas/caretaker/caretakerRequestSaga.js
FN:9,caretakerRequestSaga
FN:21,watchCaretakerRequestSaga
FNF:2
FNH:2
FNDA:2,caretakerRequestSaga
FNDA:1,watchCaretakerRequestSaga
DA:10,2
DA:11,2
DA:15,1
DA:17,1
DA:22,1
LF:5
LH:5
BRF:0
BRH:0
end_of_record
TN:
SF:src/redux/sagas/caretaker/deleteCaretakerReqSaga.js
FN:9,deleteCaretakerRequestSaga
FN:18,watchDeleteCaretakerReqSaga
FNF:2
FNH:2
FNDA:2,deleteCaretakerRequestSaga
FNDA:1,watchDeleteCaretakerReqSaga
DA:10,2
DA:11,2
DA:12,1
DA:14,1
DA:19,1
LF:5
LH:5
BRF:0
BRH:0
end_of_record
TN:
SF:src/redux/sagas/caretaker/myCaretakerSaga.js
FN:9,myCaretakerSaga
FN:18,watchMyCaretakerSaga
FNF:2
FNH:2
FNDA:2,myCaretakerSaga
FNDA:1,watchMyCaretakerSaga
DA:10,2
DA:11,2
DA:12,1
DA:14,1
DA:19,1
LF:5
LH:5
BRF:0
BRH:0
end_of_record
TN:
SF:src/redux/sagas/getUserSaga/getUserSaga.js
FN:9,getUserSaga
FN:18,watchGetUserSaga
FNF:2
FNH:2
FNDA:2,getUserSaga
FNDA:1,watchGetUserSaga
DA:10,2
DA:11,2
DA:12,1
DA:14,1
DA:19,1
LF:5
LH:5
BRF:0
BRH:0
end_of_record
TN:
SF:src/redux/sagas/getUserSaga/sendReqSaga.js
FN:9,sendReqSaga
FN:18,watchSendReqSaga
FNF:2
FNH:2
FNDA:2,sendReqSaga
FNDA:1,watchSendReqSaga
DA:10,2
DA:11,2
DA:12,1
DA:14,1
DA:19,1
LF:5
LH:5
BRF:0
BRH:0
end_of_record
TN:
SF:src/redux/sagas/loginSaga/loginSaga.js
FN:6,loginSaga
FN:15,watchLoginSaga
FNF:2
FNH:2
FNDA:2,loginSaga
FNDA:1,watchLoginSaga
DA:7,2
DA:8,2
DA:9,1
DA:11,1
DA:16,1
LF:5
LH:5
BRF:0
BRH:0
end_of_record
TN:
SF:src/redux/sagas/notification/deleteNotificationWatcherSaga.js
FN:9,deleteNotificationWorkerSaga
FN:19,deleteNotificationWatcherSaga
FNF:2
FNH:2
FNDA:2,deleteNotificationWorkerSaga
FNDA:1,deleteNotificationWatcherSaga
DA:10,2
DA:11,2
DA:12,2
DA:13,1
DA:15,1
DA:20,1
LF:6
LH:6
BRF:0
BRH:0
end_of_record
TN:
SF:src/redux/sagas/notification/getAllNotificationWatcherSaga.js
FN:9,getAllNotificationWorkerSaga
FN:19,getAllNotificationWatcherSaga
FNF:2
FNH:2
FNDA:2,getAllNotificationWorkerSaga
FNDA:1,getAllNotificationWatcherSaga
DA:10,2
DA:11,2
DA:12,2
DA:13,1
DA:15,1
DA:20,1
LF:6
LH:6
BRF:0
BRH:0
end_of_record
TN:
SF:src/redux/sagas/otherScreenSaga/downloadPdfSaga.js
FN:9,downloadPdf
FN:18,watchDownloadPdf
FNF:2
FNH:2
FNDA:2,downloadPdf
FNDA:1,watchDownloadPdf
DA:10,2
DA:11,2
DA:12,1
DA:14,1
DA:19,1
LF:5
LH:5
BRF:0
BRH:0
end_of_record
TN:
SF:src/redux/sagas/otherScreenSaga/myPrescriptionsSaga.js
FN:9,myPrescriptionsSaga
FN:18,watchMyPrescriptionsSaga
FNF:2
FNH:2
FNDA:2,myPrescriptionsSaga
FNDA:1,watchMyPrescriptionsSaga
DA:10,2
DA:11,2
DA:12,1
DA:14,1
DA:19,1
LF:5
LH:5
BRF:0
BRH:0
end_of_record
TN:
SF:src/redux/sagas/otherScreenSaga/sendSnapSaga.js
FN:9,sendSnapSaga
FN:18,watchSendSnapSaga
FNF:2
FNH:2
FNDA:2,sendSnapSaga
FNDA:1,watchSendSnapSaga
DA:10,2
DA:11,2
DA:12,1
DA:14,1
DA:19,1
LF:5
LH:5
BRF:0
BRH:0
end_of_record
TN:
SF:src/redux/sagas/otherScreenSaga/userMedicineListSaga.js
FN:9,userMedicineListWorkerSaga
FN:17,userMedicineListWatcherSaga
FNF:2
FNH:2
FNDA:2,userMedicineListWorkerSaga
FNDA:1,userMedicineListWatcherSaga
DA:10,2
DA:11,2
DA:12,1
DA:14,1
DA:18,1
LF:5
LH:5
BRF:0
BRH:0
end_of_record
TN:
SF:src/redux/sagas/patients/acceptPatientReqSaga.js
FN:9,acceptPatientRequestSaga
FN:18,watchAcceptPatientReqSaga
FNF:2
FNH:2
FNDA:2,acceptPatientRequestSaga
FNDA:1,watchAcceptPatientReqSaga
DA:10,2
DA:11,2
DA:12,1
DA:14,1
DA:19,1
LF:5
LH:5
BRF:0
BRH:0
end_of_record
TN:
SF:src/redux/sagas/patients/deletePatientReqSaga.js
FN:9,deletePatientRequestSaga
FN:18,watchDeletePatientReqSaga
FNF:2
FNH:2
FNDA:2,deletePatientRequestSaga
FNDA:1,watchDeletePatientReqSaga
DA:10,2
DA:11,2
DA:12,1
DA:14,1
DA:19,1
LF:5
LH:5
BRF:0
BRH:0
end_of_record
TN:
SF:src/redux/sagas/patients/getPatientHistorySaga.js
FN:9,getPatientHistorySaga
FN:18,watchGetPatientHistorySaga
FNF:2
FNH:2
FNDA:2,getPatientHistorySaga
FNDA:1,watchGetPatientHistorySaga
DA:10,2
DA:11,2
DA:12,1
DA:14,1
DA:19,1
LF:5
LH:5
BRF:0
BRH:0
end_of_record
TN:
SF:src/redux/sagas/patients/medicineImagesSaga.js
FN:9,medicineImagesSaga
FN:18,watchMedicineImagesSaga
FNF:2
FNH:2
FNDA:2,medicineImagesSaga
FNDA:1,watchMedicineImagesSaga
DA:10,2
DA:11,2
DA:12,1
DA:14,1
DA:19,1
LF:5
LH:5
BRF:0
BRH:0
end_of_record
TN:
SF:src/redux/sagas/patients/myPatientsSaga.js
FN:9,myPatientsSaga
FN:18,watchMyPatientsSaga
FNF:2
FNH:2
FNDA:2,myPatientsSaga
FNDA:1,watchMyPatientsSaga
DA:10,2
DA:11,2
DA:12,1
DA:14,1
DA:19,1
LF:5
LH:5
BRF:0
BRH:0
end_of_record
TN:
SF:src/redux/sagas/patients/notifyUserSaga.js
FN:9,notifyUserSaga
FN:18,watchNotifyUserSaga
FNF:2
FNH:2
FNDA:2,notifyUserSaga
FNDA:1,watchNotifyUserSaga
DA:10,2
DA:11,2
DA:12,1
DA:14,1
DA:19,1
LF:5
LH:5
BRF:0
BRH:0
end_of_record
TN:
SF:src/redux/sagas/patients/patientsRequestSaga.js
FN:9,patientsRequestSaga
FN:18,watchPatientsRequestSaga
FNF:2
FNH:2
FNDA:2,patientsRequestSaga
FNDA:1,watchPatientsRequestSaga
DA:10,2
DA:11,2
DA:12,1
DA:14,1
DA:19,1
LF:5
LH:5
BRF:0
BRH:0
end_of_record
TN:
SF:src/redux/sagas/profileSaga/editProfileSaga.js
FN:9,editProfileSaga
FN:18,watchEditProfileSaga
FNF:2
FNH:2
FNDA:2,editProfileSaga
FNDA:1,watchEditProfileSaga
DA:10,2
DA:11,2
DA:12,1
DA:14,1
DA:19,1
LF:5
LH:5
BRF:0
BRH:0
end_of_record
TN:
SF:src/redux/sagas/profileSaga/getUserProfileSaga.js
FN:9,getUserProfileSaga
FN:17,watchGetUserProfileSaga
FNF:2
FNH:2
FNDA:2,getUserProfileSaga
FNDA:1,watchGetUserProfileSaga
DA:10,2
DA:11,2
DA:12,1
DA:14,1
DA:18,1
LF:5
LH:5
BRF:0
BRH:0
end_of_record
TN:
SF:src/redux/sagas/signUpSaga/expirySaga.js
FN:9,expirySaga
FN:18,watchExpirySaga
FNF:2
FNH:2
FNDA:2,expirySaga
FNDA:1,watchExpirySaga
DA:10,2
DA:11,2
DA:12,1
DA:14,1
DA:19,1
LF:5
LH:5
BRF:0
BRH:0
end_of_record
TN:
SF:src/redux/sagas/signUpSaga/refreshSaga.js
FN:6,refreshSaga
FN:15,watchRefreshSaga
FNF:2
FNH:2
FNDA:2,refreshSaga
FNDA:1,watchRefreshSaga
DA:7,2
DA:8,2
DA:9,1
DA:11,1
DA:16,1
LF:5
LH:5
BRF:0
BRH:0
end_of_record
TN:
SF:src/redux/sagas/signUpSaga/signUpSaga.js
FN:9,signUpSaga
FN:18,watchSignUpSaga
FNF:2
FNH:2
FNDA:2,signUpSaga
FNDA:1,watchSignUpSaga
DA:10,2
DA:11,2
DA:12,1
DA:14,1
DA:19,1
LF:5
LH:5
BRF:0
BRH:0
end_of_record
TN:
SF:src/redux/sagas/userMedicine/getAllMedicineHistorySaga.js
FN:9,getAllMedicineHistorySaga
FN:17,watchGetAllMedicineHistorySaga
FNF:2
FNH:2
FNDA:2,getAllMedicineHistorySaga
FNDA:1,watchGetAllMedicineHistorySaga
DA:10,2
DA:11,2
DA:12,1
DA:14,1
DA:18,1
LF:5
LH:5
BRF:0
BRH:0
end_of_record
TN:
SF:src/redux/sagas/userMedicine/getAppointmentListSaga.js
FN:9,getAppointmentListSaga
FN:17,watchGetAppointmentListSaga
FNF:2
FNH:2
FNDA:2,getAppointmentListSaga
FNDA:1,watchGetAppointmentListSaga
DA:10,2
DA:11,2
DA:12,1
DA:14,1
DA:18,1
LF:5
LH:5
BRF:0
BRH:0
end_of_record
TN:
SF:src/redux/sagas/userMedicine/medicineListWatcherSaga.js
FN:9,medicineListWorkerSaga
FN:17,medicineListWatcherSaga
FNF:2
FNH:2
FNDA:2,medicineListWorkerSaga
FNDA:1,medicineListWatcherSaga
DA:10,2
DA:11,2
DA:12,1
DA:14,1
DA:18,1
LF:5
LH:5
BRF:0
BRH:0
end_of_record
TN:
SF:src/redux/sagas/userMedicine/searchMedicineWatcherSaga.js
FN:9,searchMedicineWorkerSaga
FN:18,searchMedicineWatcherSaga
FNF:2
FNH:2
FNDA:2,searchMedicineWorkerSaga
FNDA:1,searchMedicineWatcherSaga
DA:10,2
DA:11,2
DA:12,1
DA:14,1
DA:19,1
LF:5
LH:5
BRF:0
BRH:0
end_of_record
TN:
SF:src/screens/userScreens/careTaker/careTakerRequest.js
FN:29,(anonymous_0)
FN:32,(anonymous_1)
FN:33,(anonymous_2)
FN:35,(anonymous_3)
FN:38,(anonymous_4)
FN:40,(anonymous_5)
FN:61,(anonymous_6)
FN:62,(anonymous_7)
FN:65,(anonymous_8)
FN:68,(anonymous_9)
FN:70,(anonymous_10)
FN:73,(anonymous_11)
FN:81,(anonymous_12)
FN:84,(anonymous_13)
FN:92,(anonymous_14)
FN:95,(anonymous_15)
FN:101,(anonymous_16)
FN:105,(anonymous_17)
FN:114,(anonymous_18)
FN:117,(anonymous_19)
FN:127,(anonymous_20)
FN:130,(anonymous_21)
FN:140,(anonymous_22)
FN:148,(anonymous_23)
FN:172,(anonymous_24)
FN:182,(anonymous_25)
FN:201,(anonymous_26)
FN:221,(anonymous_27)
FN:224,(anonymous_28)
FN:231,(anonymous_29)
FN:234,(anonymous_30)
FNF:31
FNH:6
FNDA:2,(anonymous_0)
FNDA:2,(anonymous_1)
FNDA:2,(anonymous_2)
FNDA:2,(anonymous_3)
FNDA:2,(anonymous_4)
FNDA:2,(anonymous_5)
FNDA:0,(anonymous_6)
FNDA:0,(anonymous_7)
FNDA:0,(anonymous_8)
FNDA:0,(anonymous_9)
FNDA:0,(anonymous_10)
FNDA:0,(anonymous_11)
FNDA:0,(anonymous_12)
FNDA:0,(anonymous_13)
FNDA:0,(anonymous_14)
FNDA:0,(anonymous_15)
FNDA:0,(anonymous_16)
FNDA:0,(anonymous_17)
FNDA:0,(anonymous_18)
FNDA:0,(anonymous_19)
FNDA:0,(anonymous_20)
FNDA:0,(anonymous_21)
FNDA:0,(anonymous_22)
FNDA:0,(anonymous_23)
FNDA:0,(anonymous_24)
FNDA:0,(anonymous_25)
FNDA:0,(anonymous_26)
FNDA:0,(anonymous_27)
FNDA:0,(anonymous_28)
FNDA:0,(anonymous_29)
FNDA:0,(anonymous_30)
DA:29,1
DA:31,2
DA:32,2
DA:33,2
DA:34,2
DA:35,2
DA:37,2
DA:38,2
DA:40,2
DA:43,2
DA:44,2
DA:45,2
DA:46,2
DA:47,2
DA:48,2
DA:52,2
DA:54,2
DA:61,2
DA:62,0
DA:63,0
DA:65,0
DA:68,2
DA:69,0
DA:70,0
DA:73,2
DA:74,0
DA:75,0
DA:76,0
DA:77,0
DA:78,0
DA:79,0
DA:81,0
DA:84,2
DA:85,0
DA:86,0
DA:87,0
DA:88,0
DA:89,0
DA:90,0
DA:92,0
DA:95,2
DA:96,0
DA:97,0
DA:98,0
DA:99,0
DA:101,0
DA:105,2
DA:106,0
DA:107,0
DA:108,0
DA:109,0
DA:114,2
DA:115,0
DA:117,0
DA:118,0
DA:119,0
DA:120,0
DA:121,0
DA:122,0
DA:127,2
DA:128,0
DA:130,0
DA:131,0
DA:132,0
DA:133,0
DA:134,0
DA:135,0
DA:140,2
DA:141,0
DA:149,0
DA:150,0
DA:173,0
DA:183,0
DA:196,2
DA:201,0
DA:222,0
DA:225,0
DA:226,0
DA:227,0
DA:231,0
DA:235,0
DA:236,0
DA:237,0
DA:238,0
DA:239,0
DA:240,0
LF:86
LH:27
BRDA:69,0,0,0
BRDA:69,0,1,0
BRDA:74,1,0,0
BRDA:74,1,1,0
BRDA:77,2,0,0
BRDA:77,2,1,0
BRDA:85,3,0,0
BRDA:85,3,1,0
BRDA:88,4,0,0
BRDA:88,4,1,0
BRDA:96,5,0,0
BRDA:96,5,1,0
BRDA:96,6,0,0
BRDA:96,6,1,0
BRDA:107,7,0,0
BRDA:107,7,1,0
BRDA:107,8,0,0
BRDA:107,8,1,0
BRDA:165,9,0,0
BRDA:165,9,1,0
BRDA:166,10,0,0
BRDA:166,10,1,0
BRDA:204,11,0,2
BRDA:204,11,1,0
BRDA:208,12,0,0
BRDA:208,12,1,0
BRDA:225,13,0,0
BRDA:225,13,1,0
BRDA:226,14,0,0
BRDA:226,14,1,0
BRDA:250,15,0,0
BRDA:250,15,1,2
BRF:32
BRH:2
end_of_record
TN:
SF:src/screens/userScreens/reminder/reminder.js
FN:29,(anonymous_0)
FN:97,(anonymous_1)
FN:108,(anonymous_2)
FN:122,(anonymous_3)
FN:125,(anonymous_4)
FN:131,(anonymous_5)
FN:141,(anonymous_6)
FN:144,(anonymous_7)
FN:148,(anonymous_8)
FN:151,(anonymous_9)
FN:155,(anonymous_10)
FN:213,getEndDate
FN:229,(anonymous_12)
FN:234,(anonymous_13)
FN:266,frequencyHandler
FN:278,(anonymous_15)
FN:447,(anonymous_16)
FN:462,(anonymous_17)
FN:464,(anonymous_18)
FN:478,(anonymous_19)
FN:484,(anonymous_20)
FN:488,(anonymous_21)
FN:505,(anonymous_22)
FN:534,(anonymous_23)
FN:585,(anonymous_24)
FN:607,(anonymous_25)
FN:622,(anonymous_26)
FN:650,(anonymous_27)
FN:667,(anonymous_28)
FN:692,(anonymous_29)
FN:709,(anonymous_30)
FN:733,(anonymous_31)
FN:750,(anonymous_32)
FN:781,(anonymous_33)
FN:805,(anonymous_34)
FN:831,(anonymous_35)
FN:842,(anonymous_36)
FN:906,(anonymous_37)
FNF:38
FNH:9
FNDA:27,(anonymous_0)
FNDA:0,(anonymous_1)
FNDA:0,(anonymous_2)
FNDA:0,(anonymous_3)
FNDA:0,(anonymous_4)
FNDA:0,(anonymous_5)
FNDA:0,(anonymous_6)
FNDA:0,(anonymous_7)
FNDA:0,(anonymous_8)
FNDA:0,(anonymous_9)
FNDA:0,(anonymous_10)
FNDA:0,getEndDate
FNDA:0,(anonymous_12)
FNDA:0,(anonymous_13)
FNDA:0,frequencyHandler
FNDA:0,(anonymous_15)
FNDA:0,(anonymous_16)
FNDA:0,(anonymous_17)
FNDA:0,(anonymous_18)
FNDA:0,(anonymous_19)
FNDA:0,(anonymous_20)
FNDA:0,(anonymous_21)
FNDA:2,(anonymous_22)
FNDA:1,(anonymous_23)
FNDA:0,(anonymous_24)
FNDA:0,(anonymous_25)
FNDA:1,(anonymous_26)
FNDA:1,(anonymous_27)
FNDA:0,(anonymous_28)
FNDA:1,(anonymous_29)
FNDA:0,(anonymous_30)
FNDA:1,(anonymous_31)
FNDA:0,(anonymous_32)
FNDA:1,(anonymous_33)
FNDA:1,(anonymous_34)
FNDA:0,(anonymous_35)
FNDA:0,(anonymous_36)
FNDA:0,(anonymous_37)
DA:29,1
DA:30,27
DA:31,27
DA:33,27
DA:34,27
DA:35,27
DA:36,27
DA:37,27
DA:40,27
DA:47,27
DA:50,27
DA:53,27
DA:56,27
DA:57,27
DA:58,27
DA:59,27
DA:60,27
DA:61,27
DA:62,27
DA:63,27
DA:64,27
DA:65,27
DA:66,27
DA:67,27
DA:68,27
DA:71,27
DA:74,27
DA:75,27
DA:76,27
DA:77,27
DA:78,27
DA:91,27
DA:97,27
DA:98,0
DA:99,0
DA:100,0
DA:101,0
DA:102,0
DA:105,0
DA:106,0
DA:108,0
DA:109,0
DA:110,0
DA:111,0
DA:112,0
DA:113,0
DA:114,0
DA:115,0
DA:116,0
DA:117,0
DA:122,0
DA:125,27
DA:126,0
DA:131,0
DA:132,0
DA:141,27
DA:142,0
DA:144,27
DA:145,0
DA:148,27
DA:149,0
DA:151,27
DA:152,0
DA:155,27
DA:162,0
DA:164,0
DA:168,0
DA:170,0
DA:172,0
DA:173,0
DA:174,0
DA:177,0
DA:178,0
DA:180,0
DA:186,0
DA:187,0
DA:188,0
DA:189,0
DA:199,0
DA:200,0
DA:214,0
DA:215,0
DA:216,0
DA:218,0
DA:219,0
DA:229,27
DA:230,0
DA:231,0
DA:234,27
DA:235,0
DA:236,0
DA:237,0
DA:238,0
DA:239,0
DA:242,0
DA:243,0
DA:246,0
DA:247,0
DA:248,0
DA:249,0
DA:252,0
DA:253,0
DA:256,0
DA:263,0
DA:267,0
DA:268,0
DA:270,0
DA:271,0
DA:273,0
DA:274,0
DA:278,27
DA:291,0
DA:295,0
DA:296,0
DA:297,0
DA:298,0
DA:299,0
DA:300,0
DA:301,0
DA:302,0
DA:303,0
DA:304,0
DA:305,0
DA:306,0
DA:307,0
DA:308,0
DA:309,0
DA:314,0
DA:315,0
DA:316,0
DA:317,0
DA:318,0
DA:320,0
DA:322,0
DA:323,0
DA:325,0
DA:326,0
DA:329,0
DA:330,0
DA:332,0
DA:333,0
DA:336,0
DA:338,0
DA:339,0
DA:346,0
DA:347,0
DA:348,0
DA:349,0
DA:350,0
DA:351,0
DA:352,0
DA:354,0
DA:356,0
DA:357,0
DA:359,0
DA:361,0
DA:362,0
DA:363,0
DA:364,0
DA:366,0
DA:368,0
DA:369,0
DA:371,0
DA:373,0
DA:374,0
DA:375,0
DA:376,0
DA:378,0
DA:380,0
DA:381,0
DA:383,0
DA:388,0
DA:389,0
DA:393,0
DA:395,0
DA:396,0
DA:397,0
DA:398,0
DA:399,0
DA:400,0
DA:402,0
DA:403,0
DA:404,0
DA:406,0
DA:409,0
DA:410,0
DA:411,0
DA:414,0
DA:415,0
DA:417,0
DA:419,0
DA:420,0
DA:423,0
DA:425,0
DA:428,0
DA:429,0
DA:433,0
DA:434,0
DA:435,0
DA:436,0
DA:437,0
DA:438,0
DA:439,0
DA:440,0
DA:441,0
DA:442,0
DA:444,0
DA:446,0
DA:447,0
DA:448,0
DA:449,0
DA:450,0
DA:455,0
DA:457,0
DA:459,0
DA:461,0
DA:463,0
DA:464,0
DA:465,0
DA:466,0
DA:467,0
DA:469,0
DA:470,0
DA:475,0
DA:476,0
DA:479,0
DA:484,0
DA:485,0
DA:489,0
DA:490,0
DA:498,27
DA:506,2
DA:535,1
DA:586,0
DA:607,0
DA:622,1
DA:651,1
DA:652,1
DA:668,0
DA:669,0
DA:693,1
DA:694,1
DA:710,0
DA:711,0
DA:734,1
DA:735,1
DA:751,0
DA:752,0
DA:782,1
DA:783,1
DA:784,1
DA:806,1
DA:807,1
DA:808,1
DA:832,0
DA:833,0
DA:843,0
DA:844,0
DA:907,0
LF:259
LH:58
BRDA:38,0,0,27
BRDA:38,0,1,0
BRDA:41,1,0,27
BRDA:41,1,1,0
BRDA:42,2,0,27
BRDA:42,2,1,0
BRDA:48,3,0,27
BRDA:48,3,1,0
BRDA:51,4,0,0
BRDA:51,4,1,27
BRDA:51,5,0,27
BRDA:51,5,1,27
BRDA:54,6,0,27
BRDA:54,6,1,0
BRDA:69,7,0,0
BRDA:69,7,1,27
BRDA:72,8,0,0
BRDA:72,8,1,27
BRDA:79,9,0,27
BRDA:79,9,1,0
BRDA:80,10,0,27
BRDA:80,10,1,0
BRDA:98,11,0,0
BRDA:98,11,1,0
BRDA:99,12,0,0
BRDA:99,12,1,0
BRDA:101,13,0,0
BRDA:101,13,1,0
BRDA:105,14,0,0
BRDA:105,14,1,0
BRDA:109,15,0,0
BRDA:109,15,1,0
BRDA:112,16,0,0
BRDA:112,16,1,0
BRDA:115,17,0,0
BRDA:115,17,1,0
BRDA:166,18,0,0
BRDA:166,18,1,0
BRDA:173,19,0,0
BRDA:173,19,1,0
BRDA:187,20,0,0
BRDA:187,20,1,0
BRDA:214,21,0,0
BRDA:214,21,1,0
BRDA:236,22,0,0
BRDA:236,22,1,0
BRDA:238,23,0,0
BRDA:238,23,1,0
BRDA:246,24,0,0
BRDA:246,24,1,0
BRDA:246,25,0,0
BRDA:246,25,1,0
BRDA:248,26,0,0
BRDA:248,26,1,0
BRDA:267,27,0,0
BRDA:267,27,1,0
BRDA:270,28,0,0
BRDA:270,28,1,0
BRDA:273,29,0,0
BRDA:273,29,1,0
BRDA:291,30,0,0
BRDA:291,30,1,0
BRDA:297,31,0,0
BRDA:297,31,1,0
BRDA:300,32,0,0
BRDA:300,32,1,0
BRDA:303,33,0,0
BRDA:303,33,1,0
BRDA:306,34,0,0
BRDA:306,34,1,0
BRDA:306,35,0,0
BRDA:306,35,1,0
BRDA:309,36,0,0
BRDA:309,36,1,0
BRDA:310,37,0,0
BRDA:310,37,1,0
BRDA:310,37,2,0
BRDA:310,37,3,0
BRDA:310,37,4,0
BRDA:310,37,5,0
BRDA:316,38,0,0
BRDA:316,38,1,0
BRDA:320,39,0,0
BRDA:320,39,1,0
BRDA:323,40,0,0
BRDA:323,40,1,0
BRDA:323,41,0,0
BRDA:323,41,1,0
BRDA:330,42,0,0
BRDA:330,42,1,0
BRDA:336,43,0,0
BRDA:336,43,1,0
BRDA:350,44,0,0
BRDA:350,44,1,0
BRDA:350,45,0,0
BRDA:350,45,1,0
BRDA:351,46,0,0
BRDA:351,46,1,0
BRDA:356,47,0,0
BRDA:356,47,1,0
BRDA:361,48,0,0
BRDA:361,48,1,0
BRDA:361,49,0,0
BRDA:361,49,1,0
BRDA:363,50,0,0
BRDA:363,50,1,0
BRDA:368,51,0,0
BRDA:368,51,1,0
BRDA:373,52,0,0
BRDA:373,52,1,0
BRDA:373,53,0,0
BRDA:373,53,1,0
BRDA:375,54,0,0
BRDA:375,54,1,0
BRDA:380,55,0,0
BRDA:380,55,1,0
BRDA:388,56,0,0
BRDA:388,56,1,0
BRDA:396,57,0,0
BRDA:396,57,1,0
BRDA:397,58,0,0
BRDA:397,58,1,0
BRDA:403,59,0,0
BRDA:403,59,1,0
BRDA:409,60,0,0
BRDA:409,60,1,0
BRDA:419,61,0,0
BRDA:419,61,1,0
BRDA:425,62,0,0
BRDA:425,62,1,0
BRDA:430,63,0,0
BRDA:430,63,1,0
BRDA:446,64,0,0
BRDA:446,64,1,0
BRDA:449,65,0,0
BRDA:449,65,1,0
BRDA:465,66,0,0
BRDA:465,66,1,0
BRDA:466,67,0,0
BRDA:466,67,1,0
BRDA:548,68,0,0
BRDA:548,68,1,27
BRDA:643,69,0,1
BRDA:643,69,1,26
BRDA:646,70,0,1
BRDA:646,70,1,26
BRDA:657,71,0,1
BRDA:657,71,1,26
BRDA:663,72,0,2
BRDA:663,72,1,25
BRDA:672,73,0,0
BRDA:672,73,1,2
BRDA:685,74,0,1
BRDA:685,74,1,26
BRDA:688,75,0,1
BRDA:688,75,1,26
BRDA:699,76,0,1
BRDA:699,76,1,26
BRDA:705,77,0,2
BRDA:705,77,1,25
BRDA:714,78,0,0
BRDA:714,78,1,2
BRDA:726,79,0,1
BRDA:726,79,1,26
BRDA:729,80,0,1
BRDA:729,80,1,26
BRDA:740,81,0,1
BRDA:740,81,1,26
BRDA:746,82,0,2
BRDA:746,82,1,25
BRDA:755,83,0,0
BRDA:755,83,1,2
BRDA:776,84,0,2
BRDA:776,84,1,25
BRDA:789,85,0,2
BRDA:789,85,1,25
BRDA:800,86,0,2
BRDA:800,86,1,25
BRDA:813,87,0,2
BRDA:813,87,1,25
BRDA:851,88,0,27
BRDA:851,88,1,0
BRF:182
BRH:49
end_of_record
TN:
SF:src/screens/userScreens/reminder/reminderStyles.js
FNF:0
FNH:0
DA:4,1
LF:1
LH:1
BRF:0
BRH:0
end_of_record
TN:
SF:src/screens/userScreens/reminder/pushNotification/timeData.js
FNF:0
FNH:0
DA:1,1
DA:17,1
DA:32,1
LF:3
LH:3
BRF:0
BRH:0
end_of_record
TN:
SF:src/styles/careTakerStyles/careTakerRequestStyles.js
FNF:0
FNH:0
DA:4,1
LF:1
LH:1
BRF:0
BRH:0
end_of_record
TN:
SF:src/styles/homeScreenStyles/subHeaderStyles.js
FNF:0
FNH:0
DA:5,1
LF:1
LH:1
BRF:0
BRH:0
end_of_record
TN:
SF:src/utils/storage.js
FN:3,(anonymous_0)
FN:12,(anonymous_1)
FN:21,(anonymous_2)
FN:29,(anonymous_3)
FN:38,(anonymous_4)
FN:47,(anonymous_5)
FNF:6
FNH:0
FNDA:0,(anonymous_0)
FNDA:0,(anonymous_1)
FNDA:0,(anonymous_2)
FNDA:0,(anonymous_3)
FNDA:0,(anonymous_4)
FNDA:0,(anonymous_5)
DA:3,1
DA:4,0
DA:5,0
DA:6,0
DA:8,0
DA:12,1
DA:13,0
DA:14,0
DA:15,0
DA:17,0
DA:21,1
DA:22,0
DA:23,0
DA:25,0
DA:29,1
DA:30,0
DA:31,0
DA:32,0
DA:34,0
DA:38,1
DA:39,0
DA:40,0
DA:41,0
DA:43,0
DA:47,1
DA:48,0
DA:49,0
DA:51,0
LF:28
LH:6
BRF:0
BRH:0
end_of_record
